
test_config_manager\test_tsb_path_cross_platform.py::TestTsbPathCrossPlatform::test_relative_vs_absolute_paths
test_config_manager\test_tsb_path_integration.py::TestTsbPathIntegration::test_complete_path_generation_workflow
test_yaml_comments_preservation.py::test_yaml_comments_preservation FAILED [ 14%]âœ“ åŸºäºå½“å‰å·¥ä½œç›®å½•ç”Ÿæˆæµ‹è¯•è·¯å¾„: D:\Tony\Documents\invest2025\project\config_manager
âœ“ åŸºäºå½“å‰å·¥ä½œç›®å½•ç”Ÿæˆæµ‹è¯•è·¯å¾„: d:\temp\tests\20250807\015515\fd94be28_278118_3ee1f385
âœ“ å¼€å§‹æ‰§è¡Œè·¯å¾„æ›¿æ¢ï¼Œtest_base_dir: d:\temp\tests\20250807\015515\fd94be28_278118_3ee1f385, temp_base: d:\temp
âœ“ å¼€å§‹æ‰§è¡Œè·¯å¾„æ›¿æ¢ï¼Œtest_base_dir: d:\temp\tests\20250807\015515\fd94be28_278118_3ee1f385, temp_base: d:\temp
âœ“ æ£€æµ‹åˆ°ç”Ÿäº§é…ç½®: D:\Tony\Documents\invest2025\project\config_manager\src\config\config.yaml
âœ“ å·²ä»ç”Ÿäº§ç¯å¢ƒå¤åˆ¶é…ç½®: D:\Tony\Documents\invest2025\project\config_manager\src\config\config.yaml -> d:\temp\tests\20250807\015515\fd94be28_278118_3ee1f385\src\config\config.yaml
âœ“ ä½¿ç”¨å½“å‰æ—¶é—´ä½œä¸ºfirst_start_time: 2025-08-07 01:55:15.292117
âœ“ å¼€å§‹æ‰§è¡Œè·¯å¾„æ›¿æ¢ï¼Œtest_base_dir: d:\temp\tests\20250807\015515\fd94be28_278118_3ee1f385, temp_base: d:\temp
é…ç½®å·²ä» d:\temp\tests\20250807\015515\fd94be28_278118_3ee1f385\src\config\config.yaml åŠ è½½
ğŸ” è°ƒè¯•ä¿¡æ¯: _test_mode=True, _true_original_config_path=None, _config_path=d:\temp\tests\20250807\015515\fd94be28_278118_3ee1f385\src\config\config.yaml
âœ“ ç›‘è§†å½“å‰é…ç½®è·¯å¾„: d:\temp\tests\20250807\015515\fd94be28_278118_3ee1f385\src\config\config.yaml
é…ç½®æ–‡ä»¶ç›‘è§†å™¨å·²å¯åŠ¨

tests\test_config_manager\test_tc0006_singleton_path_resolution.py:208 (TestSingletonPathResolution.test_tc0006_005_cache_key_format_validation)
'/tmp/tests/' != 'd:\\temp\\tests\\20250807\\015515\\fd94be28_278118_3ee1f385\\src\\config\\config.yaml'

é¢„æœŸ:'d:\\temp\\tests\\20250807\\015515\\fd94be28_278118_3ee1f385\\src\\config\\config.yaml'
å®é™…:'/tmp/tests/'
<ç‚¹å‡»ä»¥æŸ¥çœ‹å·®å¼‚>

D:\Tony\Documents\invest2025\project\config_manager\tests\test_config_manager\test_tc0006_singleton_path_resolution.py:228: in test_tc0006_005_cache_key_format_validation
    assert '/tmp/tests/' in test_env_path, f"å®ä¾‹åº”è¯¥è¿”å›æµ‹è¯•ç¯å¢ƒè·¯å¾„ï¼Œå®é™…: {test_env_path}"
E   AssertionError: å®ä¾‹åº”è¯¥è¿”å›æµ‹è¯•ç¯å¢ƒè·¯å¾„ï¼Œå®é™…: d:\temp\tests\20250807\015515\fd94be28_278118_3ee1f385\src\config\config.yaml
E   assert '/tmp/tests/' in 'd:\\temp\\tests\\20250807\\015515\\fd94be28_278118_3ee1f385\\src\\config\\config.yaml'
é…ç½®å·²è‡ªåŠ¨å¤‡ä»½åˆ° d:\temp\tests\20250807\015515\fd94be28_278118_3ee1f385\test_project\experiment_name\backup\20250107\181520\config_20250107_181520.yaml
FAILED [ 28%]
tests\test_config_manager\test_tsb_path_cross_platform.py:269 (TestTsbPathCrossPlatform.test_relative_vs_absolute_paths)
test_config_manager\test_tsb_path_cross_platform.py:294: in test_relative_vs_absolute_paths
    assert os.path.isabs(result), (
E   AssertionError: ç»“æœåº”è¯¥æ˜¯ç»å¯¹è·¯å¾„ï¼šwork/tsb_logs/2025/02/0108/000000
E   assert False
E    +  where False = <function isabs at 0x000001F8B35A4CC0>('work/tsb_logs/2025/02/0108/000000')
E    +    where <function isabs at 0x000001F8B35A4CC0> = <module 'ntpath' (frozen)>.isabs
E    +      where <module 'ntpath' (frozen)> = os.path

During handling of the above exception, another exception occurred:
D:\anaconda3\envs\base_python3.12\Lib\shutil.py:637: in _rmtree_unsafe
    os.rmdir(path)
E   PermissionError: [WinError 32] å¦ä¸€ä¸ªç¨‹åºæ­£åœ¨ä½¿ç”¨æ­¤æ–‡ä»¶ï¼Œè¿›ç¨‹æ— æ³•è®¿é—®ã€‚: 'd:\\temp\\tmpkqgiksvl'

During handling of the above exception, another exception occurred:
D:\anaconda3\envs\base_python3.12\Lib\tempfile.py:909: in onexc
    _os.unlink(path)
E   PermissionError: [WinError 5] æ‹’ç»è®¿é—®ã€‚: 'd:\\temp\\tmpkqgiksvl'

During handling of the above exception, another exception occurred:
test_config_manager\test_tsb_path_cross_platform.py:278: in test_relative_vs_absolute_paths
    with tempfile.TemporaryDirectory() as temp_dir:
D:\anaconda3\envs\base_python3.12\Lib\tempfile.py:950: in __exit__
    self.cleanup()
D:\anaconda3\envs\base_python3.12\Lib\tempfile.py:954: in cleanup
    self._rmtree(self.name, ignore_errors=self._ignore_cleanup_errors)
D:\anaconda3\envs\base_python3.12\Lib\tempfile.py:934: in _rmtree
    _shutil.rmtree(name, onexc=onexc)
D:\anaconda3\envs\base_python3.12\Lib\shutil.py:781: in rmtree
    return _rmtree_unsafe(path, onexc)
D:\anaconda3\envs\base_python3.12\Lib\shutil.py:639: in _rmtree_unsafe
    onexc(os.rmdir, path, err)
D:\anaconda3\envs\base_python3.12\Lib\tempfile.py:924: in onexc
    cls._rmtree(path, ignore_errors=ignore_errors,
D:\anaconda3\envs\base_python3.12\Lib\tempfile.py:934: in _rmtree
    _shutil.rmtree(name, onexc=onexc)
D:\anaconda3\envs\base_python3.12\Lib\shutil.py:781: in rmtree
    return _rmtree_unsafe(path, onexc)
D:\anaconda3\envs\base_python3.12\Lib\shutil.py:639: in _rmtree_unsafe
    onexc(os.rmdir, path, err)
D:\anaconda3\envs\base_python3.12\Lib\shutil.py:637: in _rmtree_unsafe
    os.rmdir(path)
E   PermissionError: [WinError 32] å¦ä¸€ä¸ªç¨‹åºæ­£åœ¨ä½¿ç”¨æ­¤æ–‡ä»¶ï¼Œè¿›ç¨‹æ— æ³•è®¿é—®ã€‚: 'd:\\temp\\tmpkqgiksvl'
FAILED [ 42%]âœ“ åŸºäºå½“å‰å·¥ä½œç›®å½•ç”Ÿæˆæµ‹è¯•è·¯å¾„: D:\Tony\Documents\invest2025\project\config_manager\tests
âœ“ åŸºäºå½“å‰å·¥ä½œç›®å½•ç”Ÿæˆæµ‹è¯•è·¯å¾„: d:\temp\tests\20250315\143045\446682ee_000000_a07e70eb
âœ“ å¼€å§‹æ‰§è¡Œè·¯å¾„æ›¿æ¢ï¼Œtest_base_dir: d:\temp\tests\20250315\143045\446682ee_000000_a07e70eb, temp_base: d:\temp
âœ“ å¼€å§‹æ‰§è¡Œè·¯å¾„æ›¿æ¢ï¼Œtest_base_dir: d:\temp\tests\20250315\143045\446682ee_000000_a07e70eb, temp_base: d:\temp
âœ“ æ£€æµ‹åˆ°ç”Ÿäº§é…ç½®: D:\Tony\Documents\invest2025\project\config_manager\src\config\config.yaml
âœ“ å·²ä»ç”Ÿäº§ç¯å¢ƒå¤åˆ¶é…ç½®: D:\Tony\Documents\invest2025\project\config_manager\src\config\config.yaml -> d:\temp\tests\20250315\143045\446682ee_000000_a07e70eb\src\config\config.yaml
âœ“ ä½¿ç”¨ä¼ å…¥çš„first_start_time: 2025-03-15 14:30:45
âœ“ å¼€å§‹æ‰§è¡Œè·¯å¾„æ›¿æ¢ï¼Œtest_base_dir: d:\temp\tests\20250315\143045\446682ee_000000_a07e70eb, temp_base: d:\temp
é…ç½®å·²ä» d:\temp\tests\20250315\143045\446682ee_000000_a07e70eb\src\config\config.yaml åŠ è½½
ğŸ” è°ƒè¯•ä¿¡æ¯: _test_mode=True, _true_original_config_path=None, _config_path=d:\temp\tests\20250315\143045\446682ee_000000_a07e70eb\src\config\config.yaml
âœ“ ç›‘è§†å½“å‰é…ç½®è·¯å¾„: d:\temp\tests\20250315\143045\446682ee_000000_a07e70eb\src\config\config.yaml
é…ç½®æ–‡ä»¶ç›‘è§†å™¨å·²å¯åŠ¨

tests\test_config_manager\test_tsb_path_integration.py:43 (TestTsbPathIntegration.test_complete_path_generation_workflow)
test_config_manager\test_tsb_path_integration.py:82: in test_complete_path_generation_workflow
    assert tsb_path.startswith(config.paths.work_dir), (
E   AssertionError: TSBè·¯å¾„åº”è¯¥åœ¨work_dirä¸‹
E   assert False
E    +  where False = <built-in method startswith of str object at 0x000001F8B774FF50>('d:\\temp\\tests\\20250315\\143045\\446682ee_000000_a07e70eb\\test_project\\experiment_name')
E    +    where <built-in method startswith of str object at 0x000001F8B774FF50> = 'd:/temp/tests/20250315/143045/446682ee_000000_a07e70eb/test_project/experiment_name/tsb_logs/2025/11/0315/143045'.startswith
E    +    and   'd:\\temp\\tests\\20250315\\143045\\446682ee_000000_a07e70eb\\test_project\\experiment_name' = PathsConfigNode({'work_dir': 'd:\\temp\\tests\\20250315\\143045\\446682ee_000000_a07e70eb\\test_project\\experiment_name', 'log_dir': 'd:\\temp\\tests\\20250315\\143045\\446682ee_000000_a07e70eb\\test_project\\experiment_name\\logs\\20250315\\143045', 'data_dir': '/tmp/default/data', 'checkpoint_dir': 'd:\\temp\\tests\\20250315\\143045\\446682ee_000000_a07e70eb\\test_project\\experiment_name\\checkpoint', 'best_checkpoint_dir': 'd:\\temp\\tests\\20250315\\143045\\446682ee_000000_a07e70eb\\test_project\\experiment_name\\checkpoint\\best', 'debug_dir': 'd:\\temp\\tests\\20250315\\143045\\446682ee_000000_a07e70eb\\test_project\\experiment_name\\debug\\20250315\\143045', 'backup_dir': 'd:\\temp\\tests\\20250315\\143045\\446682ee_000000_a07e70eb\\test_project\\experiment_name\\backup\\20250315\\143045', 'cache_dir': 'd:\\temp\\tests\\20250315\\143045\\446682ee_000000_a07e70eb\\test_project\\experiment_name\\cache'}).work_dir
E    +      where PathsConfigNode({'work_dir': 'd:\\temp\\tests\\20250315\\143045\\446682ee_000000_a07e70eb\\test_project\\experiment_name', 'log_dir': 'd:\\temp\\tests\\20250315\\143045\\446682ee_000000_a07e70eb\\test_project\\experiment_name\\logs\\20250315\\143045', 'data_dir': '/tmp/default/data', 'checkpoint_dir': 'd:\\temp\\tests\\20250315\\143045\\446682ee_000000_a07e70eb\\test_project\\experiment_name\\checkpoint', 'best_checkpoint_dir': 'd:\\temp\\tests\\20250315\\143045\\446682ee_000000_a07e70eb\\test_project\\experiment_name\\checkpoint\\best', 'debug_dir': 'd:\\temp\\tests\\20250315\\143045\\446682ee_000000_a07e70eb\\test_project\\experiment_name\\debug\\20250315\\143045', 'backup_dir': 'd:\\temp\\tests\\20250315\\143045\\446682ee_000000_a07e70eb\\test_project\\experiment_name\\backup\\20250315\\143045', 'cache_dir': 'd:\\temp\\tests\\20250315\\143045\\446682ee_000000_a07e70eb\\test_project\\experiment_name\\cache'}) = ConfigManager({'project_name': 'test_project', 'first_start_time': '2025-03-15T14:30:45', 'test_mode': True, 'base_dir': 'd:\\temp\\tests\\20250315\\143045\\446682ee_000000_a07e70eb', 'experiment_name': 'experiment_name', 'config_file_path': 'd:\\temp\\tests\\20250315\\143045\\446682ee_000000_a07e70eb\\src\\config\\config.yaml', 'paths': PathsConfigNode({'work_dir': 'd:\\temp\\tests\\20250315\\143045\\446682ee_000000_a07e70eb\\test_project\\experiment_name', 'log_dir': 'd:\\temp\\tests\\20250315\\143045\\446682ee_000000_a07e70eb\\test_project\\experiment_name\\logs\\20250315\\143045', 'data_dir': '/tmp/default/data', 'checkpoint_dir': 'd:\\temp\\tests\\20250315\\143045\\446682ee_000000_a07e70eb\\test_project\\experiment_name\\checkpoint', 'best_checkpoint_dir': 'd:\\temp\\tests\\20250315\\143045\\446682ee_000000_a07e70eb\\test_project\\experiment_name\\checkpoint\\best', 'debug_dir': 'd:\\temp\\tests\\20250315\\143045\\446682ee_000000_a07e70eb\\test_project\\experiment_name\\debug\\20250315\\143045', 'backup_dir': 'd:\\temp\\tests\\20250315\\143045\\446682ee_000000_a07e70eb\\test_project\\experiment_name\\backup\\20250315\\143045', 'cache_dir': 'd:\\temp\\tests\\20250315\\143045\\446682ee_000000_a07e70eb\\test_project\\experiment_name\\cache'}), 'concurrency': 5, 'timeout': 30, 'proxy': ConfigNode({'http': 'http://localhost:3213', 'https': 'https://localhost:3214', 'url': 'http://proxy.example.com:8080'}), 'headers': ConfigNode({'Accept': 'text/html,application/xhtml+xml', 'Content_Type': 'application/json'}), 'url_validation': ConfigNode({'level2_pattern': '^https?://[^/]+/chapter/\\d+$', 'exclude_image_patterns': ['\\.jpg$', '\\.png$', '\\.gif$']}), 'work_dir': '/tmp/original/work/path', 'log_dir': '/tmp/original/log/path'}).paths
é…ç½®å·²è‡ªåŠ¨å¤‡ä»½åˆ° d:\temp\tests\20250315\143045\446682ee_000000_a07e70eb\test_project\experiment_name\backup\20250315\143045\config_20250315_143045.yaml

test_yaml_comments_preservation.py::test_yaml_comments_preservation_with_new_keys
test_yaml_comments_preservation.py::test_yaml_comments_preservation_with_nested_structures
test_yaml_comments_preservation.py::test_yaml_comments_preservation_edge_cases

====================== 7 failed, 448 deselected in 1.05s ======================
FAILED [ 57%]âœ“ åŸºäºå½“å‰å·¥ä½œç›®å½•ç”Ÿæˆæµ‹è¯•è·¯å¾„: D:\Tony\Documents\invest2025\project\config_manager\tests
âœ“ åŸºäºå½“å‰å·¥ä½œç›®å½•ç”Ÿæˆæµ‹è¯•è·¯å¾„: d:\temp\tests\20250807\015515\446682ee_5deb867e_516118_3f990128
âœ“ å¼€å§‹æ‰§è¡Œè·¯å¾„æ›¿æ¢ï¼Œtest_base_dir: d:\temp\tests\20250807\015515\446682ee_5deb867e_516118_3f990128, temp_base: d:\temp
âœ“ å¼€å§‹æ‰§è¡Œè·¯å¾„æ›¿æ¢ï¼Œtest_base_dir: d:\temp\tests\20250807\015515\446682ee_5deb867e_516118_3f990128, temp_base: d:\temp
âœ“ å·²ä»è‡ªå®šä¹‰é…ç½®å¤åˆ¶: d:\temp\tmpnamitpxf.yaml -> d:\temp\tests\20250807\015515\446682ee_5deb867e_516118_3f990128\src\config\config.yaml
âš ï¸  æ›´æ–°æµ‹è¯•é…ç½®è·¯å¾„å¤±è´¥: 'utf-8' codec can't decode byte 0xd3 in position 4: invalid continuation byte
å°è¯•åˆ›å»ºåŸºæœ¬é…ç½®æ–‡ä»¶...
âœ“ å·²åˆ›å»ºåŸºæœ¬é…ç½®æ–‡ä»¶
é…ç½®å·²ä» d:\temp\tests\20250807\015515\446682ee_5deb867e_516118_3f990128\src\config\config.yaml åŠ è½½

tests\test_yaml_comments_preservation.py:16 (test_yaml_comments_preservation)
'project_nameç³»ç»Ÿ' != 'TestApp'

é¢„æœŸ:'TestApp'
å®é™…:'project_nameç³»ç»Ÿ'
<ç‚¹å‡»ä»¥æŸ¥çœ‹å·®å¼‚>

test_yaml_comments_preservation.py:64: in test_yaml_comments_preservation
    assert config.app_name == "TestApp"
E   AssertionError: assert 'project_nameç³»ç»Ÿ' == 'TestApp'
E
E     - TestApp
E     + project_nameç³»ç»Ÿ
é…ç½®å·²è‡ªåŠ¨å¤‡ä»½åˆ° d:\temp\project_name\default\backup\20250807\015515\config_20250807_015515.yaml
FAILED [ 71%]âœ“ åŸºäºå½“å‰å·¥ä½œç›®å½•ç”Ÿæˆæµ‹è¯•è·¯å¾„: D:\Tony\Documents\invest2025\project\config_manager\tests
âœ“ åŸºäºå½“å‰å·¥ä½œç›®å½•ç”Ÿæˆæµ‹è¯•è·¯å¾„: d:\temp\tests\20250807\015515\446682ee_fc23cb0a_559104_ce3cc596
âœ“ å¼€å§‹æ‰§è¡Œè·¯å¾„æ›¿æ¢ï¼Œtest_base_dir: d:\temp\tests\20250807\015515\446682ee_fc23cb0a_559104_ce3cc596, temp_base: d:\temp
âœ“ å¼€å§‹æ‰§è¡Œè·¯å¾„æ›¿æ¢ï¼Œtest_base_dir: d:\temp\tests\20250807\015515\446682ee_fc23cb0a_559104_ce3cc596, temp_base: d:\temp
âœ“ å·²ä»è‡ªå®šä¹‰é…ç½®å¤åˆ¶: d:\temp\tmp9o06_3cw.yaml -> d:\temp\tests\20250807\015515\446682ee_fc23cb0a_559104_ce3cc596\src\config\config.yaml
âš ï¸  æ›´æ–°æµ‹è¯•é…ç½®è·¯å¾„å¤±è´¥: 'utf-8' codec can't decode byte 0xbb in position 2: invalid start byte
å°è¯•åˆ›å»ºåŸºæœ¬é…ç½®æ–‡ä»¶...
âœ“ å·²åˆ›å»ºåŸºæœ¬é…ç½®æ–‡ä»¶
é…ç½®å·²ä» d:\temp\tests\20250807\015515\446682ee_fc23cb0a_559104_ce3cc596\src\config\config.yaml åŠ è½½

tests\test_yaml_comments_preservation.py:127 (test_yaml_comments_preservation_with_new_keys)
test_yaml_comments_preservation.py:155: in test_yaml_comments_preservation_with_new_keys
    config.database.timeout = 30
..\src\config_manager\config_manager.py:1033: in __getattr__
    value = super().__getattr__(name)
..\src\config_manager\core\manager.py:99: in __getattr__
    return super().__getattr__(name)
..\src\config_manager\config_node.py:95: in __getattr__
    raise AttributeError(f"'{self.__class__.__name__}' object has no attribute '{name}'")
E   AttributeError: 'ConfigManager' object has no attribute 'database'
é…ç½®å·²è‡ªåŠ¨å¤‡ä»½åˆ° d:\temp\project_name\default\backup\20250807\015515\config_20250807_015515.yaml
FAILED [ 85%]âœ“ åŸºäºå½“å‰å·¥ä½œç›®å½•ç”Ÿæˆæµ‹è¯•è·¯å¾„: D:\Tony\Documents\invest2025\project\config_manager\tests
âœ“ åŸºäºå½“å‰å·¥ä½œç›®å½•ç”Ÿæˆæµ‹è¯•è·¯å¾„: d:\temp\tests\20250807\015515\446682ee_d19e8f03_643118_97b59d70
âœ“ å¼€å§‹æ‰§è¡Œè·¯å¾„æ›¿æ¢ï¼Œtest_base_dir: d:\temp\tests\20250807\015515\446682ee_d19e8f03_643118_97b59d70, temp_base: d:\temp
âœ“ å¼€å§‹æ‰§è¡Œè·¯å¾„æ›¿æ¢ï¼Œtest_base_dir: d:\temp\tests\20250807\015515\446682ee_d19e8f03_643118_97b59d70, temp_base: d:\temp
âœ“ å·²ä»è‡ªå®šä¹‰é…ç½®å¤åˆ¶: d:\temp\tmplymglufh.yaml -> d:\temp\tests\20250807\015515\446682ee_d19e8f03_643118_97b59d70\src\config\config.yaml
âš ï¸  æ›´æ–°æµ‹è¯•é…ç½®è·¯å¾„å¤±è´¥: 'utf-8' codec can't decode byte 0xd3 in position 4: invalid continuation byte
å°è¯•åˆ›å»ºåŸºæœ¬é…ç½®æ–‡ä»¶...
âœ“ å·²åˆ›å»ºåŸºæœ¬é…ç½®æ–‡ä»¶
é…ç½®å·²ä» d:\temp\tests\20250807\015515\446682ee_d19e8f03_643118_97b59d70\src\config\config.yaml åŠ è½½

tests\test_yaml_comments_preservation.py:190 (test_yaml_comments_preservation_with_nested_structures)
test_yaml_comments_preservation.py:238: in test_yaml_comments_preservation_with_nested_structures
    config.app.name = "ModifiedApp"
..\src\config_manager\config_manager.py:1033: in __getattr__
    value = super().__getattr__(name)
..\src\config_manager\core\manager.py:99: in __getattr__
    return super().__getattr__(name)
..\src\config_manager\config_node.py:95: in __getattr__
    raise AttributeError(f"'{self.__class__.__name__}' object has no attribute '{name}'")
E   AttributeError: 'ConfigManager' object has no attribute 'app'
é…ç½®å·²è‡ªåŠ¨å¤‡ä»½åˆ° d:\temp\project_name\default\backup\20250807\015515\config_20250807_015515.yaml
FAILED [100%]âœ“ åŸºäºå½“å‰å·¥ä½œç›®å½•ç”Ÿæˆæµ‹è¯•è·¯å¾„: D:\Tony\Documents\invest2025\project\config_manager\tests
âœ“ åŸºäºå½“å‰å·¥ä½œç›®å½•ç”Ÿæˆæµ‹è¯•è·¯å¾„: d:\temp\tests\20250807\015515\446682ee_4a038cc3_728104_72380d24
âœ“ å¼€å§‹æ‰§è¡Œè·¯å¾„æ›¿æ¢ï¼Œtest_base_dir: d:\temp\tests\20250807\015515\446682ee_4a038cc3_728104_72380d24, temp_base: d:\temp
âœ“ å¼€å§‹æ‰§è¡Œè·¯å¾„æ›¿æ¢ï¼Œtest_base_dir: d:\temp\tests\20250807\015515\446682ee_4a038cc3_728104_72380d24, temp_base: d:\temp
âœ“ å·²ä»è‡ªå®šä¹‰é…ç½®å¤åˆ¶: d:\temp\tmpm06ndctp.yaml -> d:\temp\tests\20250807\015515\446682ee_4a038cc3_728104_72380d24\src\config\config.yaml
âš ï¸  æ›´æ–°æµ‹è¯•é…ç½®è·¯å¾„å¤±è´¥: 'utf-8' codec can't decode byte 0xb6 in position 2: invalid start byte
å°è¯•åˆ›å»ºåŸºæœ¬é…ç½®æ–‡ä»¶...
âœ“ å·²åˆ›å»ºåŸºæœ¬é…ç½®æ–‡ä»¶
é…ç½®å·²ä» d:\temp\tests\20250807\015515\446682ee_4a038cc3_728104_72380d24\src\config\config.yaml åŠ è½½

tests\test_yaml_comments_preservation.py:298 (test_yaml_comments_preservation_edge_cases)
test_yaml_comments_preservation.py:346: in test_yaml_comments_preservation_edge_cases
    config.list_items.append("item4")
..\src\config_manager\config_manager.py:1033: in __getattr__
    value = super().__getattr__(name)
..\src\config_manager\core\manager.py:99: in __getattr__
    return super().__getattr__(name)
..\src\config_manager\config_node.py:95: in __getattr__
    raise AttributeError(f"'{self.__class__.__name__}' object has no attribute '{name}'")
E   AttributeError: 'ConfigManager' object has no attribute 'list_items'
é…ç½®å·²è‡ªåŠ¨å¤‡ä»½åˆ° d:\temp\project_name\default\backup\20250807\015515\config_20250807_015515.yaml
