
01_unit_tests\test_config_manager\test_path_consistency.py::TestPathConsistency::test_tensorboard_dir_consistency
01_unit_tests\test_config_manager\test_path_consistency.py::TestPathConsistency::test_first_start_time_usage
01_unit_tests\test_config_manager\test_path_consistency.py::TestPathConsistency::test_cache_performance
01_unit_tests\test_config_manager\test_tc0019_002_program_exit_simulation.py::test_program_exit_without_hanging
01_unit_tests\test_config_manager\test_tc0019_002_program_exit_simulation.py::test_multiple_config_managers_program_exit
01_unit_tests\test_config_manager\test_tc0019_002_program_exit_simulation.py::test_signal_handling_graceful_shutdown
01_unit_tests\test_config_manager\test_tc0020_001_filewatcher_daemon_issue.py::TestFileWatcherDaemonIssue::test_program_exit_simulation_with_config_watcher
01_unit_tests\test_config_manager\test_tensorboard_path_format.py::TestTensorboardPathFormat::test_tensorboard_dir_uses_week_format
01_unit_tests\test_config_manager\test_tensorboard_path_format.py::TestTensorboardPathFormat::test_tensorboard_dir_matches_tsb_logs_dir_format
01_unit_tests\test_config_manager\test_tensorboard_path_format.py::TestTensorboardPathFormat::test_path_generator_with_different_dates
01_unit_tests\test_config_manager\test_tensorboard_path_format.py::TestTensorboardPathFormat::test_tensorboard_and_tsb_logs_consistency_across_instances
01_unit_tests\test_config_manager\test_tensorboard_path_format.py::TestTensorboardPathFormat::test_path_configuration_integration
01_unit_tests\test_config_manager\test_tensorboard_readonly_property.py::TestTensorBoardReadOnlyProperty::test_tensorboard_dir_always_equals_tsb_logs_dir
01_unit_tests\test_config_manager\test_tensorboard_readonly_property.py::TestTensorBoardReadOnlyProperty::test_readonly_property_in_different_access_methods
01_unit_tests\test_config_manager\test_tensorboard_readonly_property.py::TestTensorBoardReadOnlyProperty::test_tensorboard_dir_persistence
01_unit_tests\test_config_manager\test_tsb_logs_path_generation.py::TestTsbLogsPathGeneration::test_tsb_logs_path_format
01_unit_tests\test_config_manager\test_tsb_logs_path_generation.py::TestTsbLogsPathGeneration::test_year_boundary
01_unit_tests\test_config_manager\test_tsb_logs_path_generation.py::TestTsbLogsPathGeneration::test_default_timestamp
01_unit_tests\test_config_manager\test_tsb_logs_path_generation.py::TestTsbLogsPathGeneration::test_config_manager_tsb_logs_dir
01_unit_tests\test_config_manager\test_tsb_path_cache_mechanism.py::TestTsbPathCacheMechanism::test_cache_duration_1_second
01_unit_tests\test_config_manager\test_tsb_path_cache_mechanism.py::TestTsbPathCacheMechanism::test_cache_isolation_between_instances
01_unit_tests\test_config_manager\test_tsb_path_cache_mechanism.py::TestTsbPathCacheMechanism::test_cache_with_dynamic_timestamp
01_unit_tests\test_config_manager\test_tsb_path_edge_cases.py::TestTsbPathEdgeCases::test_path_generation_with_none_timestamp
01_unit_tests\test_config_manager\test_tsb_path_edge_cases.py::TestTsbPathEdgeCases::test_special_week_53_handling
01_unit_tests\test_config_manager\test_tsb_path_edge_cases.py::TestTsbPathEdgeCases::test_path_resolver_without_root
01_unit_tests\test_config_manager\test_tsb_path_edge_cases.py::TestTsbPathEdgeCases::test_cache_with_changing_work_dir
01_unit_tests\test_config_manager\test_tsb_path_week_format.py::TestTsbPathWeekFormat::test_year_boundary_week_numbers
01_unit_tests\test_config_manager\test_tsb_path_week_format.py::TestTsbPathWeekFormat::test_week_53_special_cases
01_unit_tests\test_config_manager\test_unified_tensorboard_path.py::TestUnifiedTensorBoardPath::test_generate_unified_tensorboard_path_basic
01_unit_tests\test_config_manager\test_unified_tensorboard_path.py::TestUnifiedTensorBoardPath::test_tsb_logs_dir_and_tensorboard_dir_are_identical
01_unit_tests\test_config_manager\test_unified_tensorboard_path.py::TestUnifiedTensorBoardPath::test_fallback_to_old_format_on_error
01_unit_tests\test_config_manager\test_unified_tensorboard_path.py::TestUnifiedTensorBoardPath::test_no_first_start_time_uses_old_format
01_unit_tests\test_config_manager\test_unified_tensorboard_path.py::TestUnifiedTensorBoardPath::test_integration_with_config_manager
01_unit_tests\test_config_manager\test_unified_tensorboard_path.py::TestUnifiedTensorBoardPath::test_year_boundary_week_calculation
test_config_manager\test_tc0006_singleton_path_resolution.py::TestSingletonPathResolution::test_tc0006_005_cache_key_format_validation FAILED [  2%]âœ“ åŸºäºå½“å‰å·¥ä½œç›®å½•ç”Ÿæˆæµ‹è¯•è·¯å¾„: D:\Tony\Documents\invest2025\project\config_manager\tests
âœ“ åŸºäºå½“å‰å·¥ä½œç›®å½•ç”Ÿæˆæµ‹è¯•è·¯å¾„: d:\temp\tests\20250807\002839\446682ee_62667e1b_627782_13037155
âœ“ å¼€å§‹æ‰§è¡Œè·¯å¾„æ›¿æ¢ï¼Œtest_base_dir: d:\temp\tests\20250807\002839\446682ee_62667e1b_627782_13037155, temp_base: d:\temp
âœ“ å¼€å§‹æ‰§è¡Œè·¯å¾„æ›¿æ¢ï¼Œtest_base_dir: d:\temp\tests\20250807\002839\446682ee_62667e1b_627782_13037155, temp_base: d:\temp
âš ï¸  ç”Ÿäº§é…ç½®ä¸å­˜åœ¨ï¼Œå°è¯•æ›´å¹¿æ³›çš„æœç´¢...
å½“å‰å·¥ä½œç›®å½•: D:\Tony\Documents\invest2025\project\config_manager\tests
åœ¨å½“å‰ç›®å½•æœªæ‰¾åˆ°ï¼Œå‘ä¸ŠæŸ¥æ‰¾...
æŸ¥æ‰¾ç¬¬1çº§ä¸Šçº§ç›®å½•: D:\Tony\Documents\invest2025\project\config_manager
âœ“ åœ¨ä¸Šçº§ç›®å½•æ‰¾åˆ°é…ç½®æ–‡ä»¶: D:\Tony\Documents\invest2025\project\config_manager\src\config\config.yaml
æŸ¥æ‰¾ç¬¬2çº§ä¸Šçº§ç›®å½•: D:\Tony\Documents\invest2025\project\config_manager
âœ“ åœ¨ä¸Šçº§ç›®å½•æ‰¾åˆ°é…ç½®æ–‡ä»¶: D:\Tony\Documents\invest2025\project\config_manager\src\config\config.yaml
æŸ¥æ‰¾ç¬¬3çº§ä¸Šçº§ç›®å½•: D:\Tony\Documents\invest2025\project\config_manager
âœ“ åœ¨ä¸Šçº§ç›®å½•æ‰¾åˆ°é…ç½®æ–‡ä»¶: D:\Tony\Documents\invest2025\project\config_manager\src\config\config.yaml
æŸ¥æ‰¾ç¬¬4çº§ä¸Šçº§ç›®å½•: D:\Tony\Documents\invest2025\project\config_manager
âœ“ åœ¨ä¸Šçº§ç›®å½•æ‰¾åˆ°é…ç½®æ–‡ä»¶: D:\Tony\Documents\invest2025\project\config_manager\src\config\config.yaml
æŸ¥æ‰¾ç¬¬5çº§ä¸Šçº§ç›®å½•: D:\Tony\Documents\invest2025\project\config_manager
âœ“ åœ¨ä¸Šçº§ç›®å½•æ‰¾åˆ°é…ç½®æ–‡ä»¶: D:\Tony\Documents\invest2025\project\config_manager\src\config\config.yaml
âœ“ å·²ä»ç”Ÿäº§ç¯å¢ƒå¤åˆ¶é…ç½®: D:\Tony\Documents\invest2025\project\config_manager\src\config\config.yaml -> d:\temp\tests\20250807\002839\446682ee_62667e1b_627782_13037155\src\config\config.yaml
âœ“ ä½¿ç”¨å½“å‰æ—¶é—´ä½œä¸ºfirst_start_time: 2025-08-07 00:28:39.642780
âœ“ å¼€å§‹æ‰§è¡Œè·¯å¾„æ›¿æ¢ï¼Œtest_base_dir: d:\temp\tests\20250807\002839\446682ee_62667e1b_627782_13037155, temp_base: d:\temp
é…ç½®å·²ä» d:\temp\tests\20250807\002839\446682ee_62667e1b_627782_13037155\src\config\config.yaml åŠ è½½
ğŸ” è°ƒè¯•ä¿¡æ¯: _test_mode=True, _true_original_config_path=d:\temp\tmpjkr2ylbc\test_external_change.yaml, _config_path=d:\temp\tests\20250807\002839\446682ee_62667e1b_627782_13037155\src\config\config.yaml
âœ“ ç›‘è§†å½“å‰é…ç½®è·¯å¾„: d:\temp\tests\20250807\002839\446682ee_62667e1b_627782_13037155\src\config\config.yaml
é…ç½®æ–‡ä»¶ç›‘è§†å™¨å·²å¯åŠ¨
é…ç½®å·²è‡ªåŠ¨å¤‡ä»½åˆ° d:\temp\tests\20250807\002839\446682ee_62667e1b_627782_13037155\test_project\experiment_name\backup\20250107\181520\config_20250107_181520.yaml
æ–‡ä»¶ç›‘è§†å™¨è®°å½•çš„ä¿®æ”¹æ—¶é—´: 1754497719.7727978
ä¿®æ”¹å‰æ–‡ä»¶æ—¶é—´: 1754497719.8915758
ä¿®æ”¹åæ–‡ä»¶æ—¶é—´: 1754497720.7803035
æ–‡ä»¶æ—¶é—´å˜åŒ–: 0.8887276649475098
ç­‰å¾…æ–‡ä»¶ç›‘è§†å™¨æ£€æµ‹å¤–éƒ¨å˜åŒ–...
ğŸ”’ è·³è¿‡å†…éƒ¨ä¿å­˜è§¦å‘çš„æ–‡ä»¶å˜åŒ–æ£€æµ‹
æ£€æµ‹åˆ°çš„ test_value: initial_value
æ£€æµ‹åˆ°çš„ nested.deep_value: deep_initial
æ£€æµ‹åˆ°çš„ external_change: False

tests\01_unit_tests\test_config_manager\test_internal_save_no_reload.py:64 (TestInternalSaveNoReload.test_external_file_change_triggers_reload)
'initial_value' != 'external_modified_value'

é¢„æœŸ:'external_modified_value'
å®é™…:'initial_value'
<ç‚¹å‡»ä»¥æŸ¥çœ‹å·®å¼‚>

01_unit_tests\test_config_manager\test_internal_save_no_reload.py:147: in test_external_file_change_triggers_reload
    assert updated_value == "external_modified_value", "å¤–éƒ¨ä¿®æ”¹çš„test_valueåº”è¯¥è¢«æ£€æµ‹åˆ°"
E   AssertionError: å¤–éƒ¨ä¿®æ”¹çš„test_valueåº”è¯¥è¢«æ£€æµ‹åˆ°
E   assert 'initial_value' == 'external_modified_value'
E
E     - external_modified_value
E     + initial_value
FAILED [  4%]âœ“ åŸºäºå½“å‰å·¥ä½œç›®å½•ç”Ÿæˆæµ‹è¯•è·¯å¾„: D:\Tony\Documents\invest2025\project\config_manager\tests
âœ“ åŸºäºå½“å‰å·¥ä½œç›®å½•ç”Ÿæˆæµ‹è¯•è·¯å¾„: d:\temp\tests\20250115\103045\446682ee_000000_8cfe5388
âœ“ å¼€å§‹æ‰§è¡Œè·¯å¾„æ›¿æ¢ï¼Œtest_base_dir: d:\temp\tests\20250115\103045\446682ee_000000_8cfe5388, temp_base: d:\temp
âœ“ å¼€å§‹æ‰§è¡Œè·¯å¾„æ›¿æ¢ï¼Œtest_base_dir: d:\temp\tests\20250115\103045\446682ee_000000_8cfe5388, temp_base: d:\temp
âœ“ æ£€æµ‹åˆ°ç”Ÿäº§é…ç½®: D:\Tony\Documents\invest2025\project\config_manager\src\config\config.yaml
âœ“ å·²ä»ç”Ÿäº§ç¯å¢ƒå¤åˆ¶é…ç½®: D:\Tony\Documents\invest2025\project\config_manager\src\config\config.yaml -> d:\temp\tests\20250115\103045\446682ee_000000_8cfe5388\src\config\config.yaml
âœ“ ä½¿ç”¨ä¼ å…¥çš„first_start_time: 2025-01-15 10:30:45
âœ“ å¼€å§‹æ‰§è¡Œè·¯å¾„æ›¿æ¢ï¼Œtest_base_dir: d:\temp\tests\20250115\103045\446682ee_000000_8cfe5388, temp_base: d:\temp
é…ç½®å·²ä» d:\temp\tests\20250115\103045\446682ee_000000_8cfe5388\src\config\config.yaml åŠ è½½
ğŸ” è°ƒè¯•ä¿¡æ¯: _test_mode=True, _true_original_config_path=None, _config_path=d:\temp\tests\20250115\103045\446682ee_000000_8cfe5388\src\config\config.yaml
âœ“ ç›‘è§†å½“å‰é…ç½®è·¯å¾„: d:\temp\tests\20250115\103045\446682ee_000000_8cfe5388\src\config\config.yaml
é…ç½®æ–‡ä»¶ç›‘è§†å™¨å·²å¯åŠ¨

tests\01_unit_tests\test_config_manager\test_path_consistency.py:25 (TestPathConsistency.test_tensorboard_dir_consistency)
'/tsb_logs/' != 'd:\\temp\\tests\\20250115\\103045\\446682ee_000000_8cfe5388\\test_project\\experiment_name\\tsb_logs\\2025\\03\\0115\\103045'

é¢„æœŸ:'d:\\temp\\tests\\20250115\\103045\\446682ee_000000_8cfe5388\\test_project\\experiment_name\\tsb_logs\\2025\\03\\0115\\103045'
å®é™…:'/tsb_logs/'
<ç‚¹å‡»ä»¥æŸ¥çœ‹å·®å¼‚>

01_unit_tests\test_config_manager\test_path_consistency.py:44: in test_tensorboard_dir_consistency
    assert "/tsb_logs/" in tsb_dir
E   AssertionError: assert '/tsb_logs/' in 'd:\\temp\\tests\\20250115\\103045\\446682ee_000000_8cfe5388\\test_project\\experiment_name\\tsb_logs\\2025\\03\\0115\\103045'
é…ç½®å·²è‡ªåŠ¨å¤‡ä»½åˆ° d:\temp\tests\20250115\103045\446682ee_000000_8cfe5388\test_project\experiment_name\backup\20250115\103045\config_20250115_103045.yaml
FAILED [  6%]âœ“ åŸºäºå½“å‰å·¥ä½œç›®å½•ç”Ÿæˆæµ‹è¯•è·¯å¾„: D:\Tony\Documents\invest2025\project\config_manager\tests
âœ“ åŸºäºå½“å‰å·¥ä½œç›®å½•ç”Ÿæˆæµ‹è¯•è·¯å¾„: d:\temp\tests\20250701\120000\446682ee_000000_99928f64
âœ“ å¼€å§‹æ‰§è¡Œè·¯å¾„æ›¿æ¢ï¼Œtest_base_dir: d:\temp\tests\20250701\120000\446682ee_000000_99928f64, temp_base: d:\temp
âœ“ å¼€å§‹æ‰§è¡Œè·¯å¾„æ›¿æ¢ï¼Œtest_base_dir: d:\temp\tests\20250701\120000\446682ee_000000_99928f64, temp_base: d:\temp
âœ“ æ£€æµ‹åˆ°ç”Ÿäº§é…ç½®: D:\Tony\Documents\invest2025\project\config_manager\src\config\config.yaml
âœ“ å·²ä»ç”Ÿäº§ç¯å¢ƒå¤åˆ¶é…ç½®: D:\Tony\Documents\invest2025\project\config_manager\src\config\config.yaml -> d:\temp\tests\20250701\120000\446682ee_000000_99928f64\src\config\config.yaml
âœ“ ä½¿ç”¨ä¼ å…¥çš„first_start_time: 2025-07-01 12:00:00
âœ“ å¼€å§‹æ‰§è¡Œè·¯å¾„æ›¿æ¢ï¼Œtest_base_dir: d:\temp\tests\20250701\120000\446682ee_000000_99928f64, temp_base: d:\temp
é…ç½®å·²ä» d:\temp\tests\20250701\120000\446682ee_000000_99928f64\src\config\config.yaml åŠ è½½
ğŸ” è°ƒè¯•ä¿¡æ¯: _test_mode=True, _true_original_config_path=None, _config_path=d:\temp\tests\20250701\120000\446682ee_000000_99928f64\src\config\config.yaml
âœ“ ç›‘è§†å½“å‰é…ç½®è·¯å¾„: d:\temp\tests\20250701\120000\446682ee_000000_99928f64\src\config\config.yaml
é…ç½®æ–‡ä»¶ç›‘è§†å™¨å·²å¯åŠ¨

tests\01_unit_tests\test_config_manager\test_path_consistency.py:181 (TestPathConsistency.test_first_start_time_usage)
'/2025/27/0701/120000' != 'd:\\temp\\tests\\20250701\\120000\\446682ee_000000_99928f64\\test_project\\experiment_name\\tsb_logs\\2025\\27\\0701\\120000'

é¢„æœŸ:'d:\\temp\\tests\\20250701\\120000\\446682ee_000000_99928f64\\test_project\\experiment_name\\tsb_logs\\2025\\27\\0701\\120000'
å®é™…:'/2025/27/0701/120000'
<ç‚¹å‡»ä»¥æŸ¥çœ‹å·®å¼‚>

01_unit_tests\test_config_manager\test_path_consistency.py:196: in test_first_start_time_usage
    assert "/2025/27/0701/120000" in tsb_dir, f"åº”è¯¥ä½¿ç”¨æŒ‡å®šçš„first_start_timeç”Ÿæˆè·¯å¾„ï¼Œå®é™…: {tsb_dir}"
E   AssertionError: åº”è¯¥ä½¿ç”¨æŒ‡å®šçš„first_start_timeç”Ÿæˆè·¯å¾„ï¼Œå®é™…: d:\temp\tests\20250701\120000\446682ee_000000_99928f64\test_project\experiment_name\tsb_logs\2025\27\0701\120000
E   assert '/2025/27/0701/120000' in 'd:\\temp\\tests\\20250701\\120000\\446682ee_000000_99928f64\\test_project\\experiment_name\\tsb_logs\\2025\\27\\0701\\120000'
é…ç½®å·²è‡ªåŠ¨å¤‡ä»½åˆ° d:\temp\tests\20250701\120000\446682ee_000000_99928f64\test_project\experiment_name\backup\20250701\120000\config_20250701_120000.yaml
FAILED [  8%]âœ“ åŸºäºå½“å‰å·¥ä½œç›®å½•ç”Ÿæˆæµ‹è¯•è·¯å¾„: D:\Tony\Documents\invest2025\project\config_manager\tests
âœ“ åŸºäºå½“å‰å·¥ä½œç›®å½•ç”Ÿæˆæµ‹è¯•è·¯å¾„: d:\temp\tests\20250807\002843\446682ee_923781_99dd4581
âœ“ å¼€å§‹æ‰§è¡Œè·¯å¾„æ›¿æ¢ï¼Œtest_base_dir: d:\temp\tests\20250807\002843\446682ee_923781_99dd4581, temp_base: d:\temp
âœ“ å¼€å§‹æ‰§è¡Œè·¯å¾„æ›¿æ¢ï¼Œtest_base_dir: d:\temp\tests\20250807\002843\446682ee_923781_99dd4581, temp_base: d:\temp
âœ“ æ£€æµ‹åˆ°ç”Ÿäº§é…ç½®: D:\Tony\Documents\invest2025\project\config_manager\src\config\config.yaml
âœ“ å·²ä»ç”Ÿäº§ç¯å¢ƒå¤åˆ¶é…ç½®: D:\Tony\Documents\invest2025\project\config_manager\src\config\config.yaml -> d:\temp\tests\20250807\002843\446682ee_923781_99dd4581\src\config\config.yaml
âœ“ ä½¿ç”¨å½“å‰æ—¶é—´ä½œä¸ºfirst_start_time: 2025-08-07 00:28:43.929780
âœ“ å¼€å§‹æ‰§è¡Œè·¯å¾„æ›¿æ¢ï¼Œtest_base_dir: d:\temp\tests\20250807\002843\446682ee_923781_99dd4581, temp_base: d:\temp
é…ç½®å·²ä» d:\temp\tests\20250807\002843\446682ee_923781_99dd4581\src\config\config.yaml åŠ è½½
ğŸ” è°ƒè¯•ä¿¡æ¯: _test_mode=True, _true_original_config_path=None, _config_path=d:\temp\tests\20250807\002843\446682ee_923781_99dd4581\src\config\config.yaml
âœ“ ç›‘è§†å½“å‰é…ç½®è·¯å¾„: d:\temp\tests\20250807\002843\446682ee_923781_99dd4581\src\config\config.yaml
é…ç½®æ–‡ä»¶ç›‘è§†å™¨å·²å¯åŠ¨
ç¼“å­˜è®¿é—®1000æ¬¡è€—æ—¶: 0.0020ç§’
éç¼“å­˜è®¿é—®1æ¬¡è€—æ—¶: 0.0000ç§’

tests\01_unit_tests\test_config_manager\test_path_consistency.py:239 (TestPathConsistency.test_cache_performance)
2.0008087158203124e-06 != 0.0

é¢„æœŸ:0.0
å®é™…:2.0008087158203124e-06
<ç‚¹å‡»ä»¥æŸ¥çœ‹å·®å¼‚>

01_unit_tests\test_config_manager\test_path_consistency.py:267: in test_cache_performance
    assert (cached_time / 1000) < uncached_time, "ç¼“å­˜è®¿é—®åº”è¯¥æ›´å¿«"
E   AssertionError: ç¼“å­˜è®¿é—®åº”è¯¥æ›´å¿«
E   assert (0.0020008087158203125 / 1000) < 0.0
é…ç½®å·²è‡ªåŠ¨å¤‡ä»½åˆ° d:\temp\tests\20250807\002843\446682ee_923781_99dd4581\test_project\experiment_name\backup\20250107\181520\config_20250107_181520.yaml
FAILED [ 11%]
tests\01_unit_tests\test_config_manager\test_tc0019_002_program_exit_simulation.py:12 (test_program_exit_without_hanging)
01_unit_tests\test_config_manager\test_tc0019_002_program_exit_simulation.py:55: in test_program_exit_without_hanging
    f.write(test_script)
D:\anaconda3\envs\base_python3.12\Lib\tempfile.py:499: in func_wrapper
    return func(*args, **kwargs)
E   UnicodeEncodeError: 'gbk' codec can't encode character '\u2705' in position 791: illegal multibyte sequence
FAILED [ 13%]
tests\01_unit_tests\test_config_manager\test_tc0019_002_program_exit_simulation.py:93 (test_multiple_config_managers_program_exit)
01_unit_tests\test_config_manager\test_tc0019_002_program_exit_simulation.py:148: in test_multiple_config_managers_program_exit
    f.write(test_script)
D:\anaconda3\envs\base_python3.12\Lib\tempfile.py:499: in func_wrapper
    return func(*args, **kwargs)
E   UnicodeEncodeError: 'gbk' codec can't encode character '\u2705' in position 973: illegal multibyte sequence
FAILED [ 15%]
tests\01_unit_tests\test_config_manager\test_tc0019_002_program_exit_simulation.py:184 (test_signal_handling_graceful_shutdown)
01_unit_tests\test_config_manager\test_tc0019_002_program_exit_simulation.py:243: in test_signal_handling_graceful_shutdown
    f.write(test_script)
D:\anaconda3\envs\base_python3.12\Lib\tempfile.py:499: in func_wrapper
    return func(*args, **kwargs)
E   UnicodeEncodeError: 'gbk' codec can't encode character '\u2705' in position 395: illegal multibyte sequence
FAILED [ 17%]
tests\01_unit_tests\test_config_manager\test_tc0020_001_filewatcher_daemon_issue.py:98 (TestFileWatcherDaemonIssue.test_program_exit_simulation_with_config_watcher)
1 != 0

é¢„æœŸ:0
å®é™…:1
<ç‚¹å‡»ä»¥æŸ¥çœ‹å·®å¼‚>

01_unit_tests\test_config_manager\test_tc0020_001_filewatcher_daemon_issue.py:146: in test_program_exit_simulation_with_config_watcher
    assert result.returncode == 0, \
E   AssertionError: ç¨‹åºåº”è¯¥æ­£å¸¸é€€å‡ºï¼Œä½†è¿”å›ç ä¸º1
E     stdout:
E     stderr: SyntaxError: Non-UTF-8 code starting with '\xcc' in file d:\temp\tmpv65py4hd.py on line 7, but no encoding declared; see https://peps.python.org/pep-0263/ for details
E
E   assert 1 == 0
E    +  where 1 = CompletedProcess(args=['python', 'd:\\temp\\tmpv65py4hd.py'], returncode=1, stdout='', stderr="SyntaxError: Non-UTF-8 code starting with '\\xcc' in file d:\\temp\\tmpv65py4hd.py on line 7, but no encoding declared; see https://peps.python.org/pep-0263/ for details\n").returncode
FAILED [ 20%]
tests\01_unit_tests\test_config_manager\test_tensorboard_path_format.py:12 (TestTensorboardPathFormat.test_tensorboard_dir_uses_week_format)
'D:\\test\\work\\dir\\tsb_logs\\2025\\30\\0726\\103045' != '/test/work/dir/tsb_logs/2025/30/0726/103045'

é¢„æœŸ:'/test/work/dir/tsb_logs/2025/30/0726/103045'
å®é™…:'D:\\test\\work\\dir\\tsb_logs\\2025\\30\\0726\\103045'
<ç‚¹å‡»ä»¥æŸ¥çœ‹å·®å¼‚>

01_unit_tests\test_config_manager\test_tensorboard_path_format.py:36: in test_tensorboard_dir_uses_week_format
    assert result['paths.tensorboard_dir'] == expected_path
E   AssertionError: assert 'D:\\test\\work\\dir\\tsb_logs\\2025\\30\\0726\\103045' == '/test/work/dir/tsb_logs/2025/30/0726/103045'
E
E     - /test/work/dir/tsb_logs/2025/30/0726/103045
E     ? ^    ^    ^   ^        ^    ^  ^    ^
E     + D:\test\work\dir\tsb_logs\2025\30\0726\103045
E     ? ^^^    ^    ^   ^        ^    ^  ^    ^
FAILED [ 22%]âœ“ åŸºäºå½“å‰å·¥ä½œç›®å½•ç”Ÿæˆæµ‹è¯•è·¯å¾„: D:\Tony\Documents\invest2025\project\config_manager\tests
âœ“ åŸºäºå½“å‰å·¥ä½œç›®å½•ç”Ÿæˆæµ‹è¯•è·¯å¾„: d:\temp\tests\20250807\002845\446682ee_229617_1bcdd13f
âœ“ å¼€å§‹æ‰§è¡Œè·¯å¾„æ›¿æ¢ï¼Œtest_base_dir: d:\temp\tests\20250807\002845\446682ee_229617_1bcdd13f, temp_base: d:\temp
âœ“ å¼€å§‹æ‰§è¡Œè·¯å¾„æ›¿æ¢ï¼Œtest_base_dir: d:\temp\tests\20250807\002845\446682ee_229617_1bcdd13f, temp_base: d:\temp
âœ“ æ£€æµ‹åˆ°ç”Ÿäº§é…ç½®: D:\Tony\Documents\invest2025\project\config_manager\src\config\config.yaml
âœ“ å·²ä»ç”Ÿäº§ç¯å¢ƒå¤åˆ¶é…ç½®: D:\Tony\Documents\invest2025\project\config_manager\src\config\config.yaml -> d:\temp\tests\20250807\002845\446682ee_229617_1bcdd13f\src\config\config.yaml
âœ“ ä½¿ç”¨å½“å‰æ—¶é—´ä½œä¸ºfirst_start_time: 2025-08-07 00:28:45.235616
âœ“ å¼€å§‹æ‰§è¡Œè·¯å¾„æ›¿æ¢ï¼Œtest_base_dir: d:\temp\tests\20250807\002845\446682ee_229617_1bcdd13f, temp_base: d:\temp
é…ç½®å·²ä» d:\temp\tests\20250807\002845\446682ee_229617_1bcdd13f\src\config\config.yaml åŠ è½½
ğŸ” è°ƒè¯•ä¿¡æ¯: _test_mode=True, _true_original_config_path=None, _config_path=d:\temp\tests\20250807\002845\446682ee_229617_1bcdd13f\src\config\config.yaml
âœ“ ç›‘è§†å½“å‰é…ç½®è·¯å¾„: d:\temp\tests\20250807\002845\446682ee_229617_1bcdd13f\src\config\config.yaml
é…ç½®æ–‡ä»¶ç›‘è§†å™¨å·²å¯åŠ¨

tests\01_unit_tests\test_config_manager\test_tensorboard_path_format.py:45 (TestTensorboardPathFormat.test_tensorboard_dir_matches_tsb_logs_dir_format)
None != None

é¢„æœŸ:None
å®é™…:None
<ç‚¹å‡»ä»¥æŸ¥çœ‹å·®å¼‚>

01_unit_tests\test_config_manager\test_tensorboard_path_format.py:68: in test_tensorboard_dir_matches_tsb_logs_dir_format
    assert year_idx is not None, f"è·¯å¾„ä¸­æœªæ‰¾åˆ°å¹´ä»½: {tensorboard_dir}"
E   AssertionError: è·¯å¾„ä¸­æœªæ‰¾åˆ°å¹´ä»½: d:\temp\tests\20250807\002845\446682ee_229617_1bcdd13f\test_project\experiment_name\tsb_logs\2025\02\0107\181520
E   assert None is not None
é…ç½®å·²è‡ªåŠ¨å¤‡ä»½åˆ° d:\temp\tests\20250807\002845\446682ee_229617_1bcdd13f\test_project\experiment_name\backup\20250107\181520\config_20250107_181520.yaml
FAILED [ 24%]
tests\01_unit_tests\test_config_manager\test_tensorboard_path_format.py:81 (TestTensorboardPathFormat.test_path_generator_with_different_dates)
01_unit_tests\test_config_manager\test_tensorboard_path_format.py:113: in test_path_generator_with_different_dates
    year_idx = parts.index(expected_iso_year)
E   ValueError: '2025' is not in list

During handling of the above exception, another exception occurred:
01_unit_tests\test_config_manager\test_tensorboard_path_format.py:123: in test_path_generator_with_different_dates
    raise ValueError(f"æœªåœ¨è·¯å¾„ä¸­æ‰¾åˆ°ISOå¹´ä»½ {expected_iso_year}: {path}")
E   ValueError: æœªåœ¨è·¯å¾„ä¸­æ‰¾åˆ°ISOå¹´ä»½ 2025: D:\test\work\tsb_logs\2025\01\0101\000000
FAILED [ 26%]âœ“ åŸºäºå½“å‰å·¥ä½œç›®å½•ç”Ÿæˆæµ‹è¯•è·¯å¾„: D:\Tony\Documents\invest2025\project\config_manager\tests
âœ“ åŸºäºå½“å‰å·¥ä½œç›®å½•ç”Ÿæˆæµ‹è¯•è·¯å¾„: d:\temp\tests\20250815\143000\446682ee_3aaaf88e_000000_07ae0870
âœ“ å¼€å§‹æ‰§è¡Œè·¯å¾„æ›¿æ¢ï¼Œtest_base_dir: d:\temp\tests\20250815\143000\446682ee_3aaaf88e_000000_07ae0870, temp_base: d:\temp
âœ“ å¼€å§‹æ‰§è¡Œè·¯å¾„æ›¿æ¢ï¼Œtest_base_dir: d:\temp\tests\20250815\143000\446682ee_3aaaf88e_000000_07ae0870, temp_base: d:\temp
âš ï¸  ç”Ÿäº§é…ç½®ä¸å­˜åœ¨ï¼Œå°è¯•æ›´å¹¿æ³›çš„æœç´¢...
å½“å‰å·¥ä½œç›®å½•: D:\Tony\Documents\invest2025\project\config_manager\tests
åœ¨å½“å‰ç›®å½•æœªæ‰¾åˆ°ï¼Œå‘ä¸ŠæŸ¥æ‰¾...
æŸ¥æ‰¾ç¬¬1çº§ä¸Šçº§ç›®å½•: D:\Tony\Documents\invest2025\project\config_manager
âœ“ åœ¨ä¸Šçº§ç›®å½•æ‰¾åˆ°é…ç½®æ–‡ä»¶: D:\Tony\Documents\invest2025\project\config_manager\src\config\config.yaml
æŸ¥æ‰¾ç¬¬2çº§ä¸Šçº§ç›®å½•: D:\Tony\Documents\invest2025\project\config_manager
âœ“ åœ¨ä¸Šçº§ç›®å½•æ‰¾åˆ°é…ç½®æ–‡ä»¶: D:\Tony\Documents\invest2025\project\config_manager\src\config\config.yaml
æŸ¥æ‰¾ç¬¬3çº§ä¸Šçº§ç›®å½•: D:\Tony\Documents\invest2025\project\config_manager
âœ“ åœ¨ä¸Šçº§ç›®å½•æ‰¾åˆ°é…ç½®æ–‡ä»¶: D:\Tony\Documents\invest2025\project\config_manager\src\config\config.yaml
æŸ¥æ‰¾ç¬¬4çº§ä¸Šçº§ç›®å½•: D:\Tony\Documents\invest2025\project\config_manager
âœ“ åœ¨ä¸Šçº§ç›®å½•æ‰¾åˆ°é…ç½®æ–‡ä»¶: D:\Tony\Documents\invest2025\project\config_manager\src\config\config.yaml
æŸ¥æ‰¾ç¬¬5çº§ä¸Šçº§ç›®å½•: D:\Tony\Documents\invest2025\project\config_manager
âœ“ åœ¨ä¸Šçº§ç›®å½•æ‰¾åˆ°é…ç½®æ–‡ä»¶: D:\Tony\Documents\invest2025\project\config_manager\src\config\config.yaml
âœ“ å·²ä»ç”Ÿäº§ç¯å¢ƒå¤åˆ¶é…ç½®: D:\Tony\Documents\invest2025\project\config_manager\src\config\config.yaml -> d:\temp\tests\20250815\143000\446682ee_3aaaf88e_000000_07ae0870\src\config\config.yaml
âœ“ ä½¿ç”¨ä¼ å…¥çš„first_start_time: 2025-08-15 14:30:00
âœ“ å¼€å§‹æ‰§è¡Œè·¯å¾„æ›¿æ¢ï¼Œtest_base_dir: d:\temp\tests\20250815\143000\446682ee_3aaaf88e_000000_07ae0870, temp_base: d:\temp
é…ç½®å·²ä» d:\temp\tests\20250815\143000\446682ee_3aaaf88e_000000_07ae0870\src\config\config.yaml åŠ è½½
ğŸ” è°ƒè¯•ä¿¡æ¯: _test_mode=True, _true_original_config_path=d:\temp\tmpkg1yvxi5\test_config.yaml, _config_path=d:\temp\tests\20250815\143000\446682ee_3aaaf88e_000000_07ae0870\src\config\config.yaml
âœ“ ç›‘è§†å½“å‰é…ç½®è·¯å¾„: d:\temp\tests\20250815\143000\446682ee_3aaaf88e_000000_07ae0870\src\config\config.yaml
é…ç½®æ–‡ä»¶ç›‘è§†å™¨å·²å¯åŠ¨

tests\01_unit_tests\test_config_manager\test_tensorboard_path_format.py:130 (TestTensorboardPathFormat.test_tensorboard_and_tsb_logs_consistency_across_instances)
None != None

é¢„æœŸ:None
å®é™…:None
<ç‚¹å‡»ä»¥æŸ¥çœ‹å·®å¼‚>

01_unit_tests\test_config_manager\test_tensorboard_path_format.py:160: in test_tensorboard_and_tsb_logs_consistency_across_instances
    assert year_idx is not None, f"è·¯å¾„ä¸­æœªæ‰¾åˆ°2025å¹´ä»½: {tb_dir1}"
E   AssertionError: è·¯å¾„ä¸­æœªæ‰¾åˆ°2025å¹´ä»½: d:\temp\tests\20250815\143000\446682ee_3aaaf88e_000000_07ae0870\test_project\experiment_name\tsb_logs\2025\33\0815\143000
E   assert None is not None
é…ç½®å·²è‡ªåŠ¨å¤‡ä»½åˆ° d:\temp\tests\20250815\143000\446682ee_3aaaf88e_000000_07ae0870\test_project\experiment_name\backup\20250815\143000\config_20250815_143000.yaml
FAILED [ 28%]âœ“ åŸºäºå½“å‰å·¥ä½œç›®å½•ç”Ÿæˆæµ‹è¯•è·¯å¾„: D:\Tony\Documents\invest2025\project\config_manager\tests
âœ“ åŸºäºå½“å‰å·¥ä½œç›®å½•ç”Ÿæˆæµ‹è¯•è·¯å¾„: d:\temp\tests\20250807\002845\446682ee_374625_dd4c37f7
âœ“ å¼€å§‹æ‰§è¡Œè·¯å¾„æ›¿æ¢ï¼Œtest_base_dir: d:\temp\tests\20250807\002845\446682ee_374625_dd4c37f7, temp_base: d:\temp
âœ“ å¼€å§‹æ‰§è¡Œè·¯å¾„æ›¿æ¢ï¼Œtest_base_dir: d:\temp\tests\20250807\002845\446682ee_374625_dd4c37f7, temp_base: d:\temp
âœ“ æ£€æµ‹åˆ°ç”Ÿäº§é…ç½®: D:\Tony\Documents\invest2025\project\config_manager\src\config\config.yaml
âœ“ å·²ä»ç”Ÿäº§ç¯å¢ƒå¤åˆ¶é…ç½®: D:\Tony\Documents\invest2025\project\config_manager\src\config\config.yaml -> d:\temp\tests\20250807\002845\446682ee_374625_dd4c37f7\src\config\config.yaml
âœ“ ä½¿ç”¨å½“å‰æ—¶é—´ä½œä¸ºfirst_start_time: 2025-08-07 00:28:45.381629
âœ“ å¼€å§‹æ‰§è¡Œè·¯å¾„æ›¿æ¢ï¼Œtest_base_dir: d:\temp\tests\20250807\002845\446682ee_374625_dd4c37f7, temp_base: d:\temp
é…ç½®å·²ä» d:\temp\tests\20250807\002845\446682ee_374625_dd4c37f7\src\config\config.yaml åŠ è½½
ğŸ” è°ƒè¯•ä¿¡æ¯: _test_mode=True, _true_original_config_path=None, _config_path=d:\temp\tests\20250807\002845\446682ee_374625_dd4c37f7\src\config\config.yaml
âœ“ ç›‘è§†å½“å‰é…ç½®è·¯å¾„: d:\temp\tests\20250807\002845\446682ee_374625_dd4c37f7\src\config\config.yaml
é…ç½®æ–‡ä»¶ç›‘è§†å™¨å·²å¯åŠ¨

tests\01_unit_tests\test_config_manager\test_tensorboard_path_format.py:167 (TestTensorboardPathFormat.test_path_configuration_integration)
None != None

é¢„æœŸ:None
å®é™…:None
<ç‚¹å‡»ä»¥æŸ¥çœ‹å·®å¼‚>

01_unit_tests\test_config_manager\test_tensorboard_path_format.py:189: in test_path_configuration_integration
    assert year_idx is not None, f"è·¯å¾„ä¸­æœªæ‰¾åˆ°å¹´ä»½: {tb_path}"
E   AssertionError: è·¯å¾„ä¸­æœªæ‰¾åˆ°å¹´ä»½: d:\temp\tests\20250807\002845\446682ee_374625_dd4c37f7\test_project\experiment_name\tsb_logs\2025\02\0107\181520
E   assert None is not None
é…ç½®å·²è‡ªåŠ¨å¤‡ä»½åˆ° d:\temp\tests\20250807\002845\446682ee_374625_dd4c37f7\test_project\experiment_name\backup\20250107\181520\config_20250107_181520.yaml
FAILED [ 31%]âœ“ åŸºäºå½“å‰å·¥ä½œç›®å½•ç”Ÿæˆæµ‹è¯•è·¯å¾„: D:\Tony\Documents\invest2025\project\config_manager\tests
âœ“ åŸºäºå½“å‰å·¥ä½œç›®å½•ç”Ÿæˆæµ‹è¯•è·¯å¾„: d:\temp\tests\20250108\153045\446682ee_000000_d8e9ffcd
âœ“ å¼€å§‹æ‰§è¡Œè·¯å¾„æ›¿æ¢ï¼Œtest_base_dir: d:\temp\tests\20250108\153045\446682ee_000000_d8e9ffcd, temp_base: d:\temp
âœ“ å¼€å§‹æ‰§è¡Œè·¯å¾„æ›¿æ¢ï¼Œtest_base_dir: d:\temp\tests\20250108\153045\446682ee_000000_d8e9ffcd, temp_base: d:\temp
âœ“ æ£€æµ‹åˆ°ç”Ÿäº§é…ç½®: D:\Tony\Documents\invest2025\project\config_manager\src\config\config.yaml
âœ“ å·²ä»ç”Ÿäº§ç¯å¢ƒå¤åˆ¶é…ç½®: D:\Tony\Documents\invest2025\project\config_manager\src\config\config.yaml -> d:\temp\tests\20250108\153045\446682ee_000000_d8e9ffcd\src\config\config.yaml
âœ“ ä½¿ç”¨ä¼ å…¥çš„first_start_time: 2025-01-08 15:30:45
âœ“ å¼€å§‹æ‰§è¡Œè·¯å¾„æ›¿æ¢ï¼Œtest_base_dir: d:\temp\tests\20250108\153045\446682ee_000000_d8e9ffcd, temp_base: d:\temp
é…ç½®å·²ä» d:\temp\tests\20250108\153045\446682ee_000000_d8e9ffcd\src\config\config.yaml åŠ è½½
ğŸ” è°ƒè¯•ä¿¡æ¯: _test_mode=True, _true_original_config_path=None, _config_path=d:\temp\tests\20250108\153045\446682ee_000000_d8e9ffcd\src\config\config.yaml
âœ“ ç›‘è§†å½“å‰é…ç½®è·¯å¾„: d:\temp\tests\20250108\153045\446682ee_000000_d8e9ffcd\src\config\config.yaml
é…ç½®æ–‡ä»¶ç›‘è§†å™¨å·²å¯åŠ¨

tests\01_unit_tests\test_config_manager\test_tensorboard_readonly_property.py:45 (TestTensorBoardReadOnlyProperty.test_tensorboard_dir_always_equals_tsb_logs_dir)
'/modified/work/dir' != 'D:\\modified\\work\\dir\\tsb_logs\\2025\\02\\0108\\153045'

é¢„æœŸ:'D:\\modified\\work\\dir\\tsb_logs\\2025\\02\\0108\\153045'
å®é™…:'/modified/work/dir'
<ç‚¹å‡»ä»¥æŸ¥çœ‹å·®å¼‚>

01_unit_tests\test_config_manager\test_tensorboard_readonly_property.py:79: in test_tensorboard_dir_always_equals_tsb_logs_dir
    assert "/modified/work/dir" in new_tb_dir, (
E   AssertionError: æ–°è·¯å¾„åº”åæ˜ work_dirçš„å˜åŒ–
E   assert '/modified/work/dir' in 'D:\\modified\\work\\dir\\tsb_logs\\2025\\02\\0108\\153045'
é…ç½®å·²è‡ªåŠ¨å¤‡ä»½åˆ° d:\temp\tests\20250108\153045\446682ee_000000_d8e9ffcd\test_project\experiment_name\backup\20250108\153045\config_20250108_153045.yaml
FAILED [ 33%]âœ“ åŸºäºå½“å‰å·¥ä½œç›®å½•ç”Ÿæˆæµ‹è¯•è·¯å¾„: D:\Tony\Documents\invest2025\project\config_manager\tests
âœ“ åŸºäºå½“å‰å·¥ä½œç›®å½•ç”Ÿæˆæµ‹è¯•è·¯å¾„: d:\temp\tests\20250807\002846\446682ee_601193_d8de311d
âœ“ å¼€å§‹æ‰§è¡Œè·¯å¾„æ›¿æ¢ï¼Œtest_base_dir: d:\temp\tests\20250807\002846\446682ee_601193_d8de311d, temp_base: d:\temp
âœ“ å¼€å§‹æ‰§è¡Œè·¯å¾„æ›¿æ¢ï¼Œtest_base_dir: d:\temp\tests\20250807\002846\446682ee_601193_d8de311d, temp_base: d:\temp
âœ“ æ£€æµ‹åˆ°ç”Ÿäº§é…ç½®: D:\Tony\Documents\invest2025\project\config_manager\src\config\config.yaml
âœ“ å·²ä»ç”Ÿäº§ç¯å¢ƒå¤åˆ¶é…ç½®: D:\Tony\Documents\invest2025\project\config_manager\src\config\config.yaml -> d:\temp\tests\20250807\002846\446682ee_601193_d8de311d\src\config\config.yaml
âœ“ ä½¿ç”¨å½“å‰æ—¶é—´ä½œä¸ºfirst_start_time: 2025-08-07 00:28:46.608194
âœ“ å¼€å§‹æ‰§è¡Œè·¯å¾„æ›¿æ¢ï¼Œtest_base_dir: d:\temp\tests\20250807\002846\446682ee_601193_d8de311d, temp_base: d:\temp
é…ç½®å·²ä» d:\temp\tests\20250807\002846\446682ee_601193_d8de311d\src\config\config.yaml åŠ è½½
ğŸ” è°ƒè¯•ä¿¡æ¯: _test_mode=True, _true_original_config_path=None, _config_path=d:\temp\tests\20250807\002846\446682ee_601193_d8de311d\src\config\config.yaml
âœ“ ç›‘è§†å½“å‰é…ç½®è·¯å¾„: d:\temp\tests\20250807\002846\446682ee_601193_d8de311d\src\config\config.yaml
é…ç½®æ–‡ä»¶ç›‘è§†å™¨å·²å¯åŠ¨

tests\01_unit_tests\test_config_manager\test_tensorboard_readonly_property.py:116 (TestTensorBoardReadOnlyProperty.test_readonly_property_in_different_access_methods)
'/tsb_logs/' != 'd:\\temp\\tests\\20250807\\002846\\446682ee_601193_d8de311d\\test_project\\experiment_name\\tsb_logs\\2025\\02\\0107\\181520'

é¢„æœŸ:'d:\\temp\\tests\\20250807\\002846\\446682ee_601193_d8de311d\\test_project\\experiment_name\\tsb_logs\\2025\\02\\0107\\181520'
å®é™…:'/tsb_logs/'
<ç‚¹å‡»ä»¥æŸ¥çœ‹å·®å¼‚>

01_unit_tests\test_config_manager\test_tensorboard_readonly_property.py:140: in test_readonly_property_in_different_access_methods
    assert "/tsb_logs/" in tb_dir, "è·¯å¾„åº”åŒ…å«tsb_logs"
E   AssertionError: è·¯å¾„åº”åŒ…å«tsb_logs
E   assert '/tsb_logs/' in 'd:\\temp\\tests\\20250807\\002846\\446682ee_601193_d8de311d\\test_project\\experiment_name\\tsb_logs\\2025\\02\\0107\\181520'
é…ç½®å·²è‡ªåŠ¨å¤‡ä»½åˆ° d:\temp\tests\20250807\002846\446682ee_601193_d8de311d\test_project\experiment_name\backup\20250107\181520\config_20250107_181520.yaml
FAILED [ 35%]âœ“ åŸºäºå½“å‰å·¥ä½œç›®å½•ç”Ÿæˆæµ‹è¯•è·¯å¾„: D:\Tony\Documents\invest2025\project\config_manager\tests
âœ“ åŸºäºå½“å‰å·¥ä½œç›®å½•ç”Ÿæˆæµ‹è¯•è·¯å¾„: d:\temp\tests\20250108\200000\446682ee_000000_41e020b1
âœ“ å¼€å§‹æ‰§è¡Œè·¯å¾„æ›¿æ¢ï¼Œtest_base_dir: d:\temp\tests\20250108\200000\446682ee_000000_41e020b1, temp_base: d:\temp
âœ“ å¼€å§‹æ‰§è¡Œè·¯å¾„æ›¿æ¢ï¼Œtest_base_dir: d:\temp\tests\20250108\200000\446682ee_000000_41e020b1, temp_base: d:\temp
âœ“ æ£€æµ‹åˆ°ç”Ÿäº§é…ç½®: D:\Tony\Documents\invest2025\project\config_manager\src\config\config.yaml
âœ“ å·²ä»ç”Ÿäº§ç¯å¢ƒå¤åˆ¶é…ç½®: D:\Tony\Documents\invest2025\project\config_manager\src\config\config.yaml -> d:\temp\tests\20250108\200000\446682ee_000000_41e020b1\src\config\config.yaml
âœ“ ä½¿ç”¨ä¼ å…¥çš„first_start_time: 2025-01-08 20:00:00
âœ“ å¼€å§‹æ‰§è¡Œè·¯å¾„æ›¿æ¢ï¼Œtest_base_dir: d:\temp\tests\20250108\200000\446682ee_000000_41e020b1, temp_base: d:\temp
é…ç½®å·²ä» d:\temp\tests\20250108\200000\446682ee_000000_41e020b1\src\config\config.yaml åŠ è½½
ğŸ” è°ƒè¯•ä¿¡æ¯: _test_mode=True, _true_original_config_path=None, _config_path=d:\temp\tests\20250108\200000\446682ee_000000_41e020b1\src\config\config.yaml
âœ“ ç›‘è§†å½“å‰é…ç½®è·¯å¾„: d:\temp\tests\20250108\200000\446682ee_000000_41e020b1\src\config\config.yaml
é…ç½®æ–‡ä»¶ç›‘è§†å™¨å·²å¯åŠ¨
é…ç½®å·²è‡ªåŠ¨å¤‡ä»½åˆ° d:\temp\tests\20250108\200000\446682ee_000000_41e020b1\test_project\experiment_name\backup\20250108\200000\config_20250108_200000.yaml
âœ“ åŸºäºå½“å‰å·¥ä½œç›®å½•ç”Ÿæˆæµ‹è¯•è·¯å¾„: D:\Tony\Documents\invest2025\project\config_manager\tests
âœ“ åŸºäºå½“å‰å·¥ä½œç›®å½•ç”Ÿæˆæµ‹è¯•è·¯å¾„: d:\temp\tests\20250807\002846\446682ee_113de75e_907818_b5b5594b
âœ“ å¼€å§‹æ‰§è¡Œè·¯å¾„æ›¿æ¢ï¼Œtest_base_dir: d:\temp\tests\20250807\002846\446682ee_113de75e_907818_b5b5594b, temp_base: d:\temp
âœ“ å¼€å§‹æ‰§è¡Œè·¯å¾„æ›¿æ¢ï¼Œtest_base_dir: d:\temp\tests\20250807\002846\446682ee_113de75e_907818_b5b5594b, temp_base: d:\temp
âœ“ å·²ä»è‡ªå®šä¹‰é…ç½®å¤åˆ¶: d:\temp\tests\20250108\200000\446682ee_000000_41e020b1\src\config\config.yaml -> d:\temp\tests\20250807\002846\446682ee_113de75e_907818_b5b5594b\src\config\config.yaml
âœ“ ä¿ç•™åŸé…ç½®ä¸­çš„first_start_time: 2025-01-08T20:00:00
âœ“ å¼€å§‹æ‰§è¡Œè·¯å¾„æ›¿æ¢ï¼Œtest_base_dir: d:\temp\tests\20250807\002846\446682ee_113de75e_907818_b5b5594b, temp_base: d:\temp
é…ç½®å·²ä» d:\temp\tests\20250807\002846\446682ee_113de75e_907818_b5b5594b\src\config\config.yaml åŠ è½½
ğŸ” è°ƒè¯•ä¿¡æ¯: _test_mode=True, _true_original_config_path=d:\temp\tests\20250108\200000\446682ee_000000_41e020b1\src\config\config.yaml, _config_path=d:\temp\tests\20250807\002846\446682ee_113de75e_907818_b5b5594b\src\config\config.yaml
âœ“ æµ‹è¯•æ¨¡å¼ä¸‹ç›‘è§†çœŸæ­£çš„åŸå§‹é…ç½®è·¯å¾„: d:\temp\tests\20250108\200000\446682ee_000000_41e020b1\src\config\config.yaml
é…ç½®æ–‡ä»¶ç›‘è§†å™¨å·²å¯åŠ¨

tests\01_unit_tests\test_config_manager\test_tensorboard_readonly_property.py:213 (TestTensorBoardReadOnlyProperty.test_tensorboard_dir_persistence)
'/tsb_logs/' != 'd:\\temp\\tests\\20250807\\002846\\446682ee_113de75e_907818_b5b5594b\\test_project\\experiment_name\\tsb_logs\\2025\\02\\0108\\200000'

é¢„æœŸ:'d:\\temp\\tests\\20250807\\002846\\446682ee_113de75e_907818_b5b5594b\\test_project\\experiment_name\\tsb_logs\\2025\\02\\0108\\200000'
å®é™…:'/tsb_logs/'
<ç‚¹å‡»ä»¥æŸ¥çœ‹å·®å¼‚>

01_unit_tests\test_config_manager\test_tensorboard_readonly_property.py:252: in test_tensorboard_dir_persistence
    assert "/tsb_logs/" in tb_dir2, (
E   AssertionError: è·¯å¾„åº”åŒ…å«tsb_logsç›®å½•
E   assert '/tsb_logs/' in 'd:\\temp\\tests\\20250807\\002846\\446682ee_113de75e_907818_b5b5594b\\test_project\\experiment_name\\tsb_logs\\2025\\02\\0108\\200000'
é…ç½®å·²è‡ªåŠ¨å¤‡ä»½åˆ° d:\temp\tests\20250108\200000\446682ee_000000_41e020b1\test_project\experiment_name\backup\20250108\200000\config_20250108_200000.yaml
é…ç½®å·²è‡ªåŠ¨å¤‡ä»½åˆ° d:\temp\tests\20250807\002846\446682ee_113de75e_907818_b5b5594b\test_project\experiment_name\backup\20250108\200000\config_20250108_200000.yaml
FAILED [ 37%]
tests\01_unit_tests\test_config_manager\test_tsb_logs_path_generation.py:24 (TestTsbLogsPathGeneration.test_tsb_logs_path_format)
'D:\\home\\user\\project\\work\\tsb_logs\\2025\\02\\0107\\181520' != '/home/user/project/work\\tsb_logs\\2025\\02\\0107\\181520'

é¢„æœŸ:'/home/user/project/work\\tsb_logs\\2025\\02\\0107\\181520'
å®é™…:'D:\\home\\user\\project\\work\\tsb_logs\\2025\\02\\0107\\181520'
<ç‚¹å‡»ä»¥æŸ¥çœ‹å·®å¼‚>

01_unit_tests\test_config_manager\test_tsb_logs_path_generation.py:36: in test_tsb_logs_path_format
    assert path == expected_path, f"æœŸæœ›è·¯å¾„: {expected_path}, å®é™…è·¯å¾„: {path}"
E   AssertionError: æœŸæœ›è·¯å¾„: /home/user/project/work\tsb_logs\2025\02\0107\181520, å®é™…è·¯å¾„: D:\home\user\project\work\tsb_logs\2025\02\0107\181520
E   assert 'D:\\home\\user\\project\\work\\tsb_logs\\2025\\02\\0107\\181520' == '/home/user/project/work\\tsb_logs\\2025\\02\\0107\\181520'
E
E     - /home/user/project/work\tsb_logs\2025\02\0107\181520
E     ? ^    ^    ^       ^
E     + D:\home\user\project\work\tsb_logs\2025\02\0107\181520
E     ? ^^^    ^    ^       ^
FAILED [ 40%]
tests\01_unit_tests\test_config_manager\test_tsb_logs_path_generation.py:55 (TestTsbLogsPathGeneration.test_year_boundary)
'2025/01' != 'D:\\test\\tsb_logs\\2025\\01\\0101\\000000'

é¢„æœŸ:'D:\\test\\tsb_logs\\2025\\01\\0101\\000000'
å®é™…:'2025/01'
<ç‚¹å‡»ä»¥æŸ¥çœ‹å·®å¼‚>

01_unit_tests\test_config_manager\test_tsb_logs_path_generation.py:61: in test_year_boundary
    assert "2025/01" in path_start, "2025å¹´1æœˆ1æ—¥åº”è¯¥åœ¨2025å¹´ç¬¬1å‘¨"
E   AssertionError: 2025å¹´1æœˆ1æ—¥åº”è¯¥åœ¨2025å¹´ç¬¬1å‘¨
E   assert '2025/01' in 'D:\\test\\tsb_logs\\2025\\01\\0101\\000000'
FAILED [ 42%]
tests\01_unit_tests\test_config_manager\test_tsb_logs_path_generation.py:68 (TestTsbLogsPathGeneration.test_default_timestamp)
'/tsb_logs/' != 'D:\\test\\tsb_logs\\2025\\32\\0807\\002847'

é¢„æœŸ:'D:\\test\\tsb_logs\\2025\\32\\0807\\002847'
å®é™…:'/tsb_logs/'
<ç‚¹å‡»ä»¥æŸ¥çœ‹å·®å¼‚>

01_unit_tests\test_config_manager\test_tsb_logs_path_generation.py:75: in test_default_timestamp
    assert "/tsb_logs/" in path
E   AssertionError: assert '/tsb_logs/' in 'D:\\test\\tsb_logs\\2025\\32\\0807\\002847'
FAILED [ 44%]âœ“ åŸºäºå½“å‰å·¥ä½œç›®å½•ç”Ÿæˆæµ‹è¯•è·¯å¾„: D:\Tony\Documents\invest2025\project\config_manager\tests
âœ“ åŸºäºå½“å‰å·¥ä½œç›®å½•ç”Ÿæˆæµ‹è¯•è·¯å¾„: d:\temp\tests\20250107\181520\446682ee_000000_e9f5405c
âœ“ å¼€å§‹æ‰§è¡Œè·¯å¾„æ›¿æ¢ï¼Œtest_base_dir: d:\temp\tests\20250107\181520\446682ee_000000_e9f5405c, temp_base: d:\temp
âœ“ å¼€å§‹æ‰§è¡Œè·¯å¾„æ›¿æ¢ï¼Œtest_base_dir: d:\temp\tests\20250107\181520\446682ee_000000_e9f5405c, temp_base: d:\temp
âœ“ æ£€æµ‹åˆ°ç”Ÿäº§é…ç½®: D:\Tony\Documents\invest2025\project\config_manager\src\config\config.yaml
âœ“ å·²ä»ç”Ÿäº§ç¯å¢ƒå¤åˆ¶é…ç½®: D:\Tony\Documents\invest2025\project\config_manager\src\config\config.yaml -> d:\temp\tests\20250107\181520\446682ee_000000_e9f5405c\src\config\config.yaml
âœ“ ä½¿ç”¨ä¼ å…¥çš„first_start_time: 2025-01-07 18:15:20
âœ“ å¼€å§‹æ‰§è¡Œè·¯å¾„æ›¿æ¢ï¼Œtest_base_dir: d:\temp\tests\20250107\181520\446682ee_000000_e9f5405c, temp_base: d:\temp
é…ç½®å·²ä» d:\temp\tests\20250107\181520\446682ee_000000_e9f5405c\src\config\config.yaml åŠ è½½
ğŸ” è°ƒè¯•ä¿¡æ¯: _test_mode=True, _true_original_config_path=None, _config_path=d:\temp\tests\20250107\181520\446682ee_000000_e9f5405c\src\config\config.yaml
âœ“ ç›‘è§†å½“å‰é…ç½®è·¯å¾„: d:\temp\tests\20250107\181520\446682ee_000000_e9f5405c\src\config\config.yaml
é…ç½®æ–‡ä»¶ç›‘è§†å™¨å·²å¯åŠ¨

tests\01_unit_tests\test_config_manager\test_tsb_logs_path_generation.py:80 (TestTsbLogsPathGeneration.test_config_manager_tsb_logs_dir)
'/tsb_logs/' != 'd:\\temp\\tests\\20250107\\181520\\446682ee_000000_e9f5405c\\test_project\\experiment_name\\tsb_logs\\2025\\02\\0107\\181520'

é¢„æœŸ:'d:\\temp\\tests\\20250107\\181520\\446682ee_000000_e9f5405c\\test_project\\experiment_name\\tsb_logs\\2025\\02\\0107\\181520'
å®é™…:'/tsb_logs/'
<ç‚¹å‡»ä»¥æŸ¥çœ‹å·®å¼‚>

01_unit_tests\test_config_manager\test_tsb_logs_path_generation.py:95: in test_config_manager_tsb_logs_dir
    assert "/tsb_logs/" in tsb_dir, "è·¯å¾„åº”åŒ…å«/tsb_logs/å­ç›®å½•"
E   AssertionError: è·¯å¾„åº”åŒ…å«/tsb_logs/å­ç›®å½•
E   assert '/tsb_logs/' in 'd:\\temp\\tests\\20250107\\181520\\446682ee_000000_e9f5405c\\test_project\\experiment_name\\tsb_logs\\2025\\02\\0107\\181520'
é…ç½®å·²è‡ªåŠ¨å¤‡ä»½åˆ° d:\temp\tests\20250107\181520\446682ee_000000_e9f5405c\test_project\experiment_name\backup\20250107\181520\config_20250107_181520.yaml
FAILED [ 46%]âœ“ åŸºäºå½“å‰å·¥ä½œç›®å½•ç”Ÿæˆæµ‹è¯•è·¯å¾„: D:\Tony\Documents\invest2025\project\config_manager\tests
âœ“ åŸºäºå½“å‰å·¥ä½œç›®å½•ç”Ÿæˆæµ‹è¯•è·¯å¾„: d:\temp\tests\20250807\002847\446682ee_092387_86900477
âœ“ å¼€å§‹æ‰§è¡Œè·¯å¾„æ›¿æ¢ï¼Œtest_base_dir: d:\temp\tests\20250807\002847\446682ee_092387_86900477, temp_base: d:\temp
âœ“ å¼€å§‹æ‰§è¡Œè·¯å¾„æ›¿æ¢ï¼Œtest_base_dir: d:\temp\tests\20250807\002847\446682ee_092387_86900477, temp_base: d:\temp
âœ“ æ£€æµ‹åˆ°ç”Ÿäº§é…ç½®: D:\Tony\Documents\invest2025\project\config_manager\src\config\config.yaml
âœ“ å·²ä»ç”Ÿäº§ç¯å¢ƒå¤åˆ¶é…ç½®: D:\Tony\Documents\invest2025\project\config_manager\src\config\config.yaml -> d:\temp\tests\20250807\002847\446682ee_092387_86900477\src\config\config.yaml
âœ“ ä½¿ç”¨å½“å‰æ—¶é—´ä½œä¸ºfirst_start_time: 2025-08-07 00:28:47.100396
âœ“ å¼€å§‹æ‰§è¡Œè·¯å¾„æ›¿æ¢ï¼Œtest_base_dir: d:\temp\tests\20250807\002847\446682ee_092387_86900477, temp_base: d:\temp
é…ç½®å·²ä» d:\temp\tests\20250807\002847\446682ee_092387_86900477\src\config\config.yaml åŠ è½½
ğŸ” è°ƒè¯•ä¿¡æ¯: _test_mode=True, _true_original_config_path=None, _config_path=d:\temp\tests\20250807\002847\446682ee_092387_86900477\src\config\config.yaml
âœ“ ç›‘è§†å½“å‰é…ç½®è·¯å¾„: d:\temp\tests\20250807\002847\446682ee_092387_86900477\src\config\config.yaml
é…ç½®æ–‡ä»¶ç›‘è§†å™¨å·²å¯åŠ¨

tests\01_unit_tests\test_config_manager\test_tsb_path_cache_mechanism.py:15 (TestTsbPathCacheMechanism.test_cache_duration_1_second)
0.0 != 0.0

é¢„æœŸ:0.0
å®é™…:0.0
<ç‚¹å‡»ä»¥æŸ¥çœ‹å·®å¼‚>

01_unit_tests\test_config_manager\test_tsb_path_cache_mechanism.py:39: in test_cache_duration_1_second
    assert cache_access_time < first_access_time / 5, (
E   AssertionError: ç¼“å­˜è®¿é—®åº”è¯¥æ›´å¿«ï¼Œé¦–æ¬¡ï¼š0.000000sï¼Œç¼“å­˜ï¼š0.000000s
E   assert 0.0 < (0.0 / 5)
é…ç½®å·²è‡ªåŠ¨å¤‡ä»½åˆ° d:\temp\tests\20250807\002847\446682ee_092387_86900477\test_project\experiment_name\backup\20250107\181520\config_20250107_181520.yaml
FAILED [ 48%]âœ“ åŸºäºå½“å‰å·¥ä½œç›®å½•ç”Ÿæˆæµ‹è¯•è·¯å¾„: D:\Tony\Documents\invest2025\project\config_manager\tests
âœ“ åŸºäºå½“å‰å·¥ä½œç›®å½•ç”Ÿæˆæµ‹è¯•è·¯å¾„: d:\temp\tests\20250108\100000\446682ee_000000_0d248563
âœ“ å¼€å§‹æ‰§è¡Œè·¯å¾„æ›¿æ¢ï¼Œtest_base_dir: d:\temp\tests\20250108\100000\446682ee_000000_0d248563, temp_base: d:\temp
âœ“ å¼€å§‹æ‰§è¡Œè·¯å¾„æ›¿æ¢ï¼Œtest_base_dir: d:\temp\tests\20250108\100000\446682ee_000000_0d248563, temp_base: d:\temp
âœ“ æ£€æµ‹åˆ°ç”Ÿäº§é…ç½®: D:\Tony\Documents\invest2025\project\config_manager\src\config\config.yaml
âœ“ å·²ä»ç”Ÿäº§ç¯å¢ƒå¤åˆ¶é…ç½®: D:\Tony\Documents\invest2025\project\config_manager\src\config\config.yaml -> d:\temp\tests\20250108\100000\446682ee_000000_0d248563\src\config\config.yaml
âœ“ ä½¿ç”¨ä¼ å…¥çš„first_start_time: 2025-01-08 10:00:00
âœ“ å¼€å§‹æ‰§è¡Œè·¯å¾„æ›¿æ¢ï¼Œtest_base_dir: d:\temp\tests\20250108\100000\446682ee_000000_0d248563, temp_base: d:\temp
é…ç½®å·²ä» d:\temp\tests\20250108\100000\446682ee_000000_0d248563\src\config\config.yaml åŠ è½½
ğŸ” è°ƒè¯•ä¿¡æ¯: _test_mode=True, _true_original_config_path=None, _config_path=d:\temp\tests\20250108\100000\446682ee_000000_0d248563\src\config\config.yaml
âœ“ ç›‘è§†å½“å‰é…ç½®è·¯å¾„: d:\temp\tests\20250108\100000\446682ee_000000_0d248563\src\config\config.yaml
é…ç½®æ–‡ä»¶ç›‘è§†å™¨å·²å¯åŠ¨
âœ“ åŸºäºå½“å‰å·¥ä½œç›®å½•ç”Ÿæˆæµ‹è¯•è·¯å¾„: D:\Tony\Documents\invest2025\project\config_manager\tests
âœ“ åŸºäºå½“å‰å·¥ä½œç›®å½•ç”Ÿæˆæµ‹è¯•è·¯å¾„: d:\temp\tests\20250108\110000\446682ee_000000_4e4ca6d8
âœ“ å¼€å§‹æ‰§è¡Œè·¯å¾„æ›¿æ¢ï¼Œtest_base_dir: d:\temp\tests\20250108\110000\446682ee_000000_4e4ca6d8, temp_base: d:\temp
âœ“ å¼€å§‹æ‰§è¡Œè·¯å¾„æ›¿æ¢ï¼Œtest_base_dir: d:\temp\tests\20250108\110000\446682ee_000000_4e4ca6d8, temp_base: d:\temp
âœ“ æ£€æµ‹åˆ°ç”Ÿäº§é…ç½®: D:\Tony\Documents\invest2025\project\config_manager\src\config\config.yaml
âœ“ å·²ä»ç”Ÿäº§ç¯å¢ƒå¤åˆ¶é…ç½®: D:\Tony\Documents\invest2025\project\config_manager\src\config\config.yaml -> d:\temp\tests\20250108\110000\446682ee_000000_4e4ca6d8\src\config\config.yaml
âœ“ ä½¿ç”¨ä¼ å…¥çš„first_start_time: 2025-01-08 11:00:00
âœ“ å¼€å§‹æ‰§è¡Œè·¯å¾„æ›¿æ¢ï¼Œtest_base_dir: d:\temp\tests\20250108\110000\446682ee_000000_4e4ca6d8, temp_base: d:\temp
é…ç½®å·²ä» d:\temp\tests\20250108\110000\446682ee_000000_4e4ca6d8\src\config\config.yaml åŠ è½½
ğŸ” è°ƒè¯•ä¿¡æ¯: _test_mode=True, _true_original_config_path=None, _config_path=d:\temp\tests\20250108\110000\446682ee_000000_4e4ca6d8\src\config\config.yaml
âœ“ ç›‘è§†å½“å‰é…ç½®è·¯å¾„: d:\temp\tests\20250108\110000\446682ee_000000_4e4ca6d8\src\config\config.yaml
é…ç½®æ–‡ä»¶ç›‘è§†å™¨å·²å¯åŠ¨

tests\01_unit_tests\test_config_manager\test_tsb_path_cache_mechanism.py:218 (TestTsbPathCacheMechanism.test_cache_isolation_between_instances)
'/modified/work' != 'D:\\modified\\work\\tsb_logs\\2025\\02\\0108\\100000'

é¢„æœŸ:'D:\\modified\\work\\tsb_logs\\2025\\02\\0108\\100000'
å®é™…:'/modified/work'
<ç‚¹å‡»ä»¥æŸ¥çœ‹å·®å¼‚>

01_unit_tests\test_config_manager\test_tsb_path_cache_mechanism.py:258: in test_cache_isolation_between_instances
    assert "/modified/work" in new_path1, (
E   AssertionError: config1çš„è·¯å¾„åº”è¯¥åæ˜ work_dirå˜åŒ–ï¼Œå®é™…ï¼šD:\modified\work\tsb_logs\2025\02\0108\100000
E   assert '/modified/work' in 'D:\\modified\\work\\tsb_logs\\2025\\02\\0108\\100000'
é…ç½®å·²è‡ªåŠ¨å¤‡ä»½åˆ° d:\temp\tests\20250108\100000\446682ee_000000_0d248563\test_project\experiment_name\backup\20250108\100000\config_20250108_100000.yaml
é…ç½®å·²è‡ªåŠ¨å¤‡ä»½åˆ° d:\temp\tests\20250108\110000\446682ee_000000_4e4ca6d8\test_project\experiment_name\backup\20250108\110000\config_20250108_110000.yaml
PASSED [ 51%]âœ“ åŸºäºå½“å‰å·¥ä½œç›®å½•ç”Ÿæˆæµ‹è¯•è·¯å¾„: D:\Tony\Documents\invest2025\project\config_manager\tests
âœ“ åŸºäºå½“å‰å·¥ä½œç›®å½•ç”Ÿæˆæµ‹è¯•è·¯å¾„: d:\temp\tests\20250807\002848\446682ee_360566_15cef23d
âœ“ å¼€å§‹æ‰§è¡Œè·¯å¾„æ›¿æ¢ï¼Œtest_base_dir: d:\temp\tests\20250807\002848\446682ee_360566_15cef23d, temp_base: d:\temp
âœ“ å¼€å§‹æ‰§è¡Œè·¯å¾„æ›¿æ¢ï¼Œtest_base_dir: d:\temp\tests\20250807\002848\446682ee_360566_15cef23d, temp_base: d:\temp
âœ“ æ£€æµ‹åˆ°ç”Ÿäº§é…ç½®: D:\Tony\Documents\invest2025\project\config_manager\src\config\config.yaml
âœ“ å·²ä»ç”Ÿäº§ç¯å¢ƒå¤åˆ¶é…ç½®: D:\Tony\Documents\invest2025\project\config_manager\src\config\config.yaml -> d:\temp\tests\20250807\002848\446682ee_360566_15cef23d\src\config\config.yaml
âœ“ ä½¿ç”¨å½“å‰æ—¶é—´ä½œä¸ºfirst_start_time: 2025-08-07 00:28:48.372565
âœ“ å¼€å§‹æ‰§è¡Œè·¯å¾„æ›¿æ¢ï¼Œtest_base_dir: d:\temp\tests\20250807\002848\446682ee_360566_15cef23d, temp_base: d:\temp
é…ç½®å·²ä» d:\temp\tests\20250807\002848\446682ee_360566_15cef23d\src\config\config.yaml åŠ è½½
ğŸ” è°ƒè¯•ä¿¡æ¯: _test_mode=True, _true_original_config_path=None, _config_path=d:\temp\tests\20250807\002848\446682ee_360566_15cef23d\src\config\config.yaml
âœ“ ç›‘è§†å½“å‰é…ç½®è·¯å¾„: d:\temp\tests\20250807\002848\446682ee_360566_15cef23d\src\config\config.yaml
é…ç½®æ–‡ä»¶ç›‘è§†å™¨å·²å¯åŠ¨
é…ç½®å·²è‡ªåŠ¨å¤‡ä»½åˆ° d:\temp\tests\20250807\002848\446682ee_360566_15cef23d\test_project\experiment_name\backup\20250107\181520\config_20250107_181520.yaml
FAILED [ 53%]
tests\01_unit_tests\test_config_manager\test_tsb_path_edge_cases.py:28 (TestTsbPathEdgeCases.test_path_generation_with_none_timestamp)
'/tsb_logs/' != 'D:\\test\\work\\tsb_logs\\2025\\32\\0807\\002850'

é¢„æœŸ:'D:\\test\\work\\tsb_logs\\2025\\32\\0807\\002850'
å®é™…:'/tsb_logs/'
<ç‚¹å‡»ä»¥æŸ¥çœ‹å·®å¼‚>

01_unit_tests\test_config_manager\test_tsb_path_edge_cases.py:36: in test_path_generation_with_none_timestamp
    assert "/tsb_logs/" in path
E   AssertionError: assert '/tsb_logs/' in 'D:\\test\\work\\tsb_logs\\2025\\32\\0807\\002850'
FAILED [ 55%]
tests\01_unit_tests\test_config_manager\test_tsb_path_edge_cases.py:86 (TestTsbPathEdgeCases.test_special_week_53_handling)
'/53/' != 'D:\\test\\tsb_logs\\2020\\53\\1231\\000000'

é¢„æœŸ:'D:\\test\\tsb_logs\\2020\\53\\1231\\000000'
å®é™…:'/53/'
<ç‚¹å‡»ä»¥æŸ¥çœ‹å·®å¼‚>

01_unit_tests\test_config_manager\test_tsb_path_edge_cases.py:98: in test_special_week_53_handling
    assert "/53/" in path, f"è·¯å¾„åº”åŒ…å«ç¬¬53å‘¨ï¼š{path}"
E   AssertionError: è·¯å¾„åº”åŒ…å«ç¬¬53å‘¨ï¼šD:\test\tsb_logs\2020\53\1231\000000
E   assert '/53/' in 'D:\\test\\tsb_logs\\2020\\53\\1231\\000000'
FAILED [ 57%]
tests\01_unit_tests\test_config_manager\test_tsb_path_edge_cases.py:187 (TestTsbPathEdgeCases.test_path_resolver_without_root)
'/tsb_logs/' != 'D:\\test\\tsb_logs\\2025\\32\\0807\\002850'

é¢„æœŸ:'D:\\test\\tsb_logs\\2025\\32\\0807\\002850'
å®é™…:'/tsb_logs/'
<ç‚¹å‡»ä»¥æŸ¥çœ‹å·®å¼‚>

01_unit_tests\test_config_manager\test_tsb_path_edge_cases.py:197: in test_path_resolver_without_root
    assert '/tsb_logs/' in path
E   AssertionError: assert '/tsb_logs/' in 'D:\\test\\tsb_logs\\2025\\32\\0807\\002850'
FAILED [ 60%]âœ“ åŸºäºå½“å‰å·¥ä½œç›®å½•ç”Ÿæˆæµ‹è¯•è·¯å¾„: D:\Tony\Documents\invest2025\project\config_manager\tests
âœ“ åŸºäºå½“å‰å·¥ä½œç›®å½•ç”Ÿæˆæµ‹è¯•è·¯å¾„: d:\temp\tests\20250807\002850\446682ee_277751_2e125c9f
âœ“ å¼€å§‹æ‰§è¡Œè·¯å¾„æ›¿æ¢ï¼Œtest_base_dir: d:\temp\tests\20250807\002850\446682ee_277751_2e125c9f, temp_base: d:\temp
âœ“ å¼€å§‹æ‰§è¡Œè·¯å¾„æ›¿æ¢ï¼Œtest_base_dir: d:\temp\tests\20250807\002850\446682ee_277751_2e125c9f, temp_base: d:\temp
âœ“ æ£€æµ‹åˆ°ç”Ÿäº§é…ç½®: D:\Tony\Documents\invest2025\project\config_manager\src\config\config.yaml
âœ“ å·²ä»ç”Ÿäº§ç¯å¢ƒå¤åˆ¶é…ç½®: D:\Tony\Documents\invest2025\project\config_manager\src\config\config.yaml -> d:\temp\tests\20250807\002850\446682ee_277751_2e125c9f\src\config\config.yaml
âœ“ ä½¿ç”¨å½“å‰æ—¶é—´ä½œä¸ºfirst_start_time: 2025-08-07 00:28:50.291752
âœ“ å¼€å§‹æ‰§è¡Œè·¯å¾„æ›¿æ¢ï¼Œtest_base_dir: d:\temp\tests\20250807\002850\446682ee_277751_2e125c9f, temp_base: d:\temp
é…ç½®å·²ä» d:\temp\tests\20250807\002850\446682ee_277751_2e125c9f\src\config\config.yaml åŠ è½½
ğŸ” è°ƒè¯•ä¿¡æ¯: _test_mode=True, _true_original_config_path=None, _config_path=d:\temp\tests\20250807\002850\446682ee_277751_2e125c9f\src\config\config.yaml
âœ“ ç›‘è§†å½“å‰é…ç½®è·¯å¾„: d:\temp\tests\20250807\002850\446682ee_277751_2e125c9f\src\config\config.yaml
é…ç½®æ–‡ä»¶ç›‘è§†å™¨å·²å¯åŠ¨

tests\01_unit_tests\test_config_manager\test_tsb_path_edge_cases.py:289 (TestTsbPathEdgeCases.test_cache_with_changing_work_dir)
'/new/work/dir' != 'D:\\new\\work\\dir\\tsb_logs\\2025\\02\\0107\\181520'

é¢„æœŸ:'D:\\new\\work\\dir\\tsb_logs\\2025\\02\\0107\\181520'
å®é™…:'/new/work/dir'
<ç‚¹å‡»ä»¥æŸ¥çœ‹å·®å¼‚>

01_unit_tests\test_config_manager\test_tsb_path_edge_cases.py:316: in test_cache_with_changing_work_dir
    assert "/new/work/dir" in path3, "æ–°è·¯å¾„åº”åŒ…å«æ–°çš„work_dir"
E   AssertionError: æ–°è·¯å¾„åº”åŒ…å«æ–°çš„work_dir
E   assert '/new/work/dir' in 'D:\\new\\work\\dir\\tsb_logs\\2025\\02\\0107\\181520'
é…ç½®å·²è‡ªåŠ¨å¤‡ä»½åˆ° d:\temp\tests\20250807\002850\446682ee_277751_2e125c9f\test_project\experiment_name\backup\20250107\181520\config_20250107_181520.yaml
FAILED [ 62%]
tests\01_unit_tests\test_config_manager\test_tsb_path_week_format.py:83 (TestTsbPathWeekFormat.test_year_boundary_week_numbers)
'/2024/' != 'D:\\test\\tsb_logs\\2024\\52\\1229\\000000'

é¢„æœŸ:'D:\\test\\tsb_logs\\2024\\52\\1229\\000000'
å®é™…:'/2024/'
<ç‚¹å‡»ä»¥æŸ¥çœ‹å·®å¼‚>

01_unit_tests\test_config_manager\test_tsb_path_week_format.py:112: in test_year_boundary_week_numbers
    assert f"/{expected_year}/" in path, (
E   AssertionError: è·¯å¾„åº”åŒ…å«ISOå¹´ä»½2024ï¼Œå®é™…è·¯å¾„ï¼šD:\test\tsb_logs\2024\52\1229\000000
E   assert '/2024/' in 'D:\\test\\tsb_logs\\2024\\52\\1229\\000000'
FAILED [ 64%]
tests\01_unit_tests\test_config_manager\test_tsb_path_week_format.py:147 (TestTsbPathWeekFormat.test_week_53_special_cases)
'/53/' != 'D:\\test\\tsb_logs\\2020\\53\\1231\\000000'

é¢„æœŸ:'D:\\test\\tsb_logs\\2020\\53\\1231\\000000'
å®é™…:'/53/'
<ç‚¹å‡»ä»¥æŸ¥çœ‹å·®å¼‚>

01_unit_tests\test_config_manager\test_tsb_path_week_format.py:158: in test_week_53_special_cases
    assert "/53/" in path, f"è·¯å¾„åº”åŒ…å«ç¬¬53å‘¨ï¼Œå®é™…è·¯å¾„ï¼š{path}"
E   AssertionError: è·¯å¾„åº”åŒ…å«ç¬¬53å‘¨ï¼Œå®é™…è·¯å¾„ï¼šD:\test\tsb_logs\2020\53\1231\000000
E   assert '/53/' in 'D:\\test\\tsb_logs\\2020\\53\\1231\\000000'
FAILED [ 66%]
tests\01_unit_tests\test_config_manager\test_unified_tensorboard_path.py:13 (TestUnifiedTensorBoardPath.test_generate_unified_tensorboard_path_basic)
'D:\\test\\work\\tsb_logs\\2025\\02\\0108\\143025' != '/test/work/tsb_logs/2025/02/0108/143025'

é¢„æœŸ:'/test/work/tsb_logs/2025/02/0108/143025'
å®é™…:'D:\\test\\work\\tsb_logs\\2025\\02\\0108\\143025'
<ç‚¹å‡»ä»¥æŸ¥çœ‹å·®å¼‚>

01_unit_tests\test_config_manager\test_unified_tensorboard_path.py:30: in test_generate_unified_tensorboard_path_basic
    assert path == expected_path, f"æœŸæœ›è·¯å¾„: {expected_path}, å®é™…è·¯å¾„: {path}"
E   AssertionError: æœŸæœ›è·¯å¾„: /test/work/tsb_logs/2025/02/0108/143025, å®é™…è·¯å¾„: D:\test\work\tsb_logs\2025\02\0108\143025
E   assert 'D:\\test\\work\\tsb_logs\\2025\\02\\0108\\143025' == '/test/work/tsb_logs/2025/02/0108/143025'
E
E     - /test/work/tsb_logs/2025/02/0108/143025
E     ? ^    ^    ^        ^    ^  ^    ^
E     + D:\test\work\tsb_logs\2025\02\0108\143025
E     ? ^^^    ^    ^        ^    ^  ^    ^
FAILED [ 68%]
tests\01_unit_tests\test_config_manager\test_unified_tensorboard_path.py:32 (TestUnifiedTensorBoardPath.test_tsb_logs_dir_and_tensorboard_dir_are_identical)
'D:\\test\\work\\tsb_logs\\2025\\33\\0815\\103045' != '/test/work/tsb_logs/2025/33/0815/103045'

é¢„æœŸ:'/test/work/tsb_logs/2025/33/0815/103045'
å®é™…:'D:\\test\\work\\tsb_logs\\2025\\33\\0815\\103045'
<ç‚¹å‡»ä»¥æŸ¥çœ‹å·®å¼‚>

01_unit_tests\test_config_manager\test_unified_tensorboard_path.py:58: in test_tsb_logs_dir_and_tensorboard_dir_are_identical
    assert tsb_path == expected_path, f"è·¯å¾„æ ¼å¼ä¸æ­£ç¡®: æœŸæœ›={expected_path}, å®é™…={tsb_path}"
E   AssertionError: è·¯å¾„æ ¼å¼ä¸æ­£ç¡®: æœŸæœ›=/test/work/tsb_logs/2025/33/0815/103045, å®é™…=D:\test\work\tsb_logs\2025\33\0815\103045
E   assert 'D:\\test\\work\\tsb_logs\\2025\\33\\0815\\103045' == '/test/work/tsb_logs/2025/33/0815/103045'
E
E     - /test/work/tsb_logs/2025/33/0815/103045
E     ? ^    ^    ^        ^    ^  ^    ^
E     + D:\test\work\tsb_logs\2025\33\0815\103045
E     ? ^^^    ^    ^        ^    ^  ^    ^
FAILED [ 71%]
tests\01_unit_tests\test_config_manager\test_unified_tensorboard_path.py:98 (TestUnifiedTensorBoardPath.test_fallback_to_old_format_on_error)
'\\test\\work\\20250108\\143025' != '/test/work/20250108/143025'

é¢„æœŸ:'/test/work/20250108/143025'
å®é™…:'\\test\\work\\20250108\\143025'
<ç‚¹å‡»ä»¥æŸ¥çœ‹å·®å¼‚>

01_unit_tests\test_config_manager\test_unified_tensorboard_path.py:116: in test_fallback_to_old_format_on_error
    assert path == expected_path, f"é™çº§æ ¼å¼ä¸æ­£ç¡®: æœŸæœ›={expected_path}, å®é™…={path}"
E   AssertionError: é™çº§æ ¼å¼ä¸æ­£ç¡®: æœŸæœ›=/test/work/20250108/143025, å®é™…=\test\work\20250108\143025
E   assert '\\test\\work\\20250108\\143025' == '/test/work/20250108/143025'
E
E     - /test/work/20250108/143025
E     ? ^    ^    ^        ^
E     + \test\work\20250108\143025
E     ? ^    ^    ^        ^
FAILED [ 73%]
tests\01_unit_tests\test_config_manager\test_unified_tensorboard_path.py:118 (TestUnifiedTensorBoardPath.test_no_first_start_time_uses_old_format)
'/tsb_logs/' != 'D:\\test\\work\\tsb_logs\\2025\\32\\0807\\002851'

é¢„æœŸ:'D:\\test\\work\\tsb_logs\\2025\\32\\0807\\002851'
å®é™…:'/tsb_logs/'
<ç‚¹å‡»ä»¥æŸ¥çœ‹å·®å¼‚>

01_unit_tests\test_config_manager\test_unified_tensorboard_path.py:132: in test_no_first_start_time_uses_old_format
    assert "/tsb_logs/" in path, f"è·¯å¾„åº”åŒ…å«tsb_logsç›®å½•: {path}"
E   AssertionError: è·¯å¾„åº”åŒ…å«tsb_logsç›®å½•: D:\test\work\tsb_logs\2025\32\0807\002851
E   assert '/tsb_logs/' in 'D:\\test\\work\\tsb_logs\\2025\\32\\0807\\002851'
FAILED [ 75%]âœ“ åŸºäºå½“å‰å·¥ä½œç›®å½•ç”Ÿæˆæµ‹è¯•è·¯å¾„: D:\Tony\Documents\invest2025\project\config_manager\tests
âœ“ åŸºäºå½“å‰å·¥ä½œç›®å½•ç”Ÿæˆæµ‹è¯•è·¯å¾„: d:\temp\tests\20250315\094530\446682ee_000000_f763d780
âœ“ å¼€å§‹æ‰§è¡Œè·¯å¾„æ›¿æ¢ï¼Œtest_base_dir: d:\temp\tests\20250315\094530\446682ee_000000_f763d780, temp_base: d:\temp
âœ“ å¼€å§‹æ‰§è¡Œè·¯å¾„æ›¿æ¢ï¼Œtest_base_dir: d:\temp\tests\20250315\094530\446682ee_000000_f763d780, temp_base: d:\temp
âœ“ æ£€æµ‹åˆ°ç”Ÿäº§é…ç½®: D:\Tony\Documents\invest2025\project\config_manager\src\config\config.yaml
âœ“ å·²ä»ç”Ÿäº§ç¯å¢ƒå¤åˆ¶é…ç½®: D:\Tony\Documents\invest2025\project\config_manager\src\config\config.yaml -> d:\temp\tests\20250315\094530\446682ee_000000_f763d780\src\config\config.yaml
âœ“ ä½¿ç”¨ä¼ å…¥çš„first_start_time: 2025-03-15 09:45:30
âœ“ å¼€å§‹æ‰§è¡Œè·¯å¾„æ›¿æ¢ï¼Œtest_base_dir: d:\temp\tests\20250315\094530\446682ee_000000_f763d780, temp_base: d:\temp
é…ç½®å·²ä» d:\temp\tests\20250315\094530\446682ee_000000_f763d780\src\config\config.yaml åŠ è½½
ğŸ” è°ƒè¯•ä¿¡æ¯: _test_mode=True, _true_original_config_path=None, _config_path=d:\temp\tests\20250315\094530\446682ee_000000_f763d780\src\config\config.yaml
âœ“ ç›‘è§†å½“å‰é…ç½®è·¯å¾„: d:\temp\tests\20250315\094530\446682ee_000000_f763d780\src\config\config.yaml
é…ç½®æ–‡ä»¶ç›‘è§†å™¨å·²å¯åŠ¨

tests\01_unit_tests\test_config_manager\test_unified_tensorboard_path.py:143 (TestUnifiedTensorBoardPath.test_integration_with_config_manager)
'/2025/11/0315/094530' != 'd:\\temp\\tests\\20250315\\094530\\446682ee_000000_f763d780\\test_project\\experiment_name\\tsb_logs\\2025\\11\\0315\\094530'

é¢„æœŸ:'d:\\temp\\tests\\20250315\\094530\\446682ee_000000_f763d780\\test_project\\experiment_name\\tsb_logs\\2025\\11\\0315\\094530'
å®é™…:'/2025/11/0315/094530'
<ç‚¹å‡»ä»¥æŸ¥çœ‹å·®å¼‚>

01_unit_tests\test_config_manager\test_unified_tensorboard_path.py:163: in test_integration_with_config_manager
    assert "/2025/11/0315/094530" in tsb_path, f"è·¯å¾„æ ¼å¼ä¸æ­£ç¡®: {tsb_path}"
E   AssertionError: è·¯å¾„æ ¼å¼ä¸æ­£ç¡®: d:\temp\tests\20250315\094530\446682ee_000000_f763d780\test_project\experiment_name\tsb_logs\2025\11\0315\094530
E   assert '/2025/11/0315/094530' in 'd:\\temp\\tests\\20250315\\094530\\446682ee_000000_f763d780\\test_project\\experiment_name\\tsb_logs\\2025\\11\\0315\\094530'
é…ç½®å·²è‡ªåŠ¨å¤‡ä»½åˆ° d:\temp\tests\20250315\094530\446682ee_000000_f763d780\test_project\experiment_name\backup\20250315\094530\config_20250315_094530.yaml
FAILED [ 77%]
tests\01_unit_tests\test_config_manager\test_unified_tensorboard_path.py:187 (TestUnifiedTensorBoardPath.test_year_boundary_week_calculation)
'/2025/01/' != 'D:\\test\\work\\tsb_logs\\2025\\01\\1230\\000000'

é¢„æœŸ:'D:\\test\\work\\tsb_logs\\2025\\01\\1230\\000000'
å®é™…:'/2025/01/'
<ç‚¹å‡»ä»¥æŸ¥çœ‹å·®å¼‚>

01_unit_tests\test_config_manager\test_unified_tensorboard_path.py:214: in test_year_boundary_week_calculation
    assert f"/{expected_year}/{expected_week}/" in path, \
E   AssertionError: æ—¥æœŸ 2024-12-30T00:00:00 çš„è·¯å¾„åº”åŒ…å« 2025/01ï¼Œå®é™…è·¯å¾„: D:\test\work\tsb_logs\2025\01\1230\000000
E   assert '/2025/01/' in 'D:\\test\\work\\tsb_logs\\2025\\01\\1230\\000000'

test_config_manager\test_tsb_path_cross_platform.py::TestTsbPathCrossPlatform::test_unix_path_format
test_config_manager\test_tsb_path_cross_platform.py::TestTsbPathCrossPlatform::test_path_with_environment_variables
test_config_manager\test_tsb_path_cross_platform.py::TestTsbPathCrossPlatform::test_relative_vs_absolute_paths
test_config_manager\test_tsb_path_integration.py::TestTsbPathIntegration::test_path_with_config_reload
test_config_manager\test_tsb_path_integration.py::TestTsbPathIntegration::test_path_with_different_platforms
test_yaml_comments_preservation.py::test_yaml_comments_preservation FAILED [ 80%]âœ“ åŸºäºå½“å‰å·¥ä½œç›®å½•ç”Ÿæˆæµ‹è¯•è·¯å¾„: D:\Tony\Documents\invest2025\project\config_manager
âœ“ åŸºäºå½“å‰å·¥ä½œç›®å½•ç”Ÿæˆæµ‹è¯•è·¯å¾„: d:\temp\tests\20250807\002851\fd94be28_647104_8f0002c2
âœ“ å¼€å§‹æ‰§è¡Œè·¯å¾„æ›¿æ¢ï¼Œtest_base_dir: d:\temp\tests\20250807\002851\fd94be28_647104_8f0002c2, temp_base: d:\temp
âœ“ å¼€å§‹æ‰§è¡Œè·¯å¾„æ›¿æ¢ï¼Œtest_base_dir: d:\temp\tests\20250807\002851\fd94be28_647104_8f0002c2, temp_base: d:\temp
âœ“ æ£€æµ‹åˆ°ç”Ÿäº§é…ç½®: D:\Tony\Documents\invest2025\project\config_manager\src\config\config.yaml
âœ“ å·²ä»ç”Ÿäº§ç¯å¢ƒå¤åˆ¶é…ç½®: D:\Tony\Documents\invest2025\project\config_manager\src\config\config.yaml -> d:\temp\tests\20250807\002851\fd94be28_647104_8f0002c2\src\config\config.yaml
âœ“ ä½¿ç”¨å½“å‰æ—¶é—´ä½œä¸ºfirst_start_time: 2025-08-07 00:28:51.654104
âœ“ å¼€å§‹æ‰§è¡Œè·¯å¾„æ›¿æ¢ï¼Œtest_base_dir: d:\temp\tests\20250807\002851\fd94be28_647104_8f0002c2, temp_base: d:\temp
é…ç½®å·²ä» d:\temp\tests\20250807\002851\fd94be28_647104_8f0002c2\src\config\config.yaml åŠ è½½
ğŸ” è°ƒè¯•ä¿¡æ¯: _test_mode=True, _true_original_config_path=None, _config_path=d:\temp\tests\20250807\002851\fd94be28_647104_8f0002c2\src\config\config.yaml
âœ“ ç›‘è§†å½“å‰é…ç½®è·¯å¾„: d:\temp\tests\20250807\002851\fd94be28_647104_8f0002c2\src\config\config.yaml
é…ç½®æ–‡ä»¶ç›‘è§†å™¨å·²å¯åŠ¨

tests\test_config_manager\test_tc0006_singleton_path_resolution.py:208 (TestSingletonPathResolution.test_tc0006_005_cache_key_format_validation)
'/tmp/tests/' != 'd:\\temp\\tests\\20250807\\002851\\fd94be28_647104_8f0002c2\\src\\config\\config.yaml'

é¢„æœŸ:'d:\\temp\\tests\\20250807\\002851\\fd94be28_647104_8f0002c2\\src\\config\\config.yaml'
å®é™…:'/tmp/tests/'
<ç‚¹å‡»ä»¥æŸ¥çœ‹å·®å¼‚>

D:\Tony\Documents\invest2025\project\config_manager\tests\test_config_manager\test_tc0006_singleton_path_resolution.py:228: in test_tc0006_005_cache_key_format_validation
    assert '/tmp/tests/' in test_env_path, f"å®ä¾‹åº”è¯¥è¿”å›æµ‹è¯•ç¯å¢ƒè·¯å¾„ï¼Œå®é™…: {test_env_path}"
E   AssertionError: å®ä¾‹åº”è¯¥è¿”å›æµ‹è¯•ç¯å¢ƒè·¯å¾„ï¼Œå®é™…: d:\temp\tests\20250807\002851\fd94be28_647104_8f0002c2\src\config\config.yaml
E   assert '/tmp/tests/' in 'd:\\temp\\tests\\20250807\\002851\\fd94be28_647104_8f0002c2\\src\\config\\config.yaml'
é…ç½®å·²è‡ªåŠ¨å¤‡ä»½åˆ° d:\temp\tests\20250807\002851\fd94be28_647104_8f0002c2\test_project\experiment_name\backup\20250107\181520\config_20250107_181520.yaml
FAILED [ 82%]
tests\test_config_manager\test_tsb_path_cross_platform.py:36 (TestTsbPathCrossPlatform.test_unix_path_format)
test_config_manager\test_tsb_path_cross_platform.py:50: in test_unix_path_format
    assert path.startswith("/home/user/work")
E   AssertionError: assert False
E    +  where False = <built-in method startswith of str object at 0x000001A512D76010>('/home/user/work')
E    +    where <built-in method startswith of str object at 0x000001A512D76010> = 'D:\\home\\user\\work\\tsb_logs\\2025\\02\\0108\\103045'.startswith
FAILED [ 84%]
tests\test_config_manager\test_tsb_path_cross_platform.py:248 (TestTsbPathCrossPlatform.test_path_with_environment_variables)
'/test/base/dir' != 'D:\\test\\base\\dir\\work\\tsb_logs\\2025\\02\\0108\\000000'

é¢„æœŸ:'D:\\test\\base\\dir\\work\\tsb_logs\\2025\\02\\0108\\000000'
å®é™…:'/test/base/dir'
<ç‚¹å‡»ä»¥æŸ¥çœ‹å·®å¼‚>

test_config_manager\test_tsb_path_cross_platform.py:266: in test_path_with_environment_variables
    assert test_value in result
E   AssertionError: assert '/test/base/dir' in 'D:\\test\\base\\dir\\work\\tsb_logs\\2025\\02\\0108\\000000'
FAILED [ 86%]
tests\test_config_manager\test_tsb_path_cross_platform.py:269 (TestTsbPathCrossPlatform.test_relative_vs_absolute_paths)
D:\anaconda3\envs\base_python3.12\Lib\shutil.py:637: in _rmtree_unsafe
    os.rmdir(path)
E   PermissionError: [WinError 32] å¦ä¸€ä¸ªç¨‹åºæ­£åœ¨ä½¿ç”¨æ­¤æ–‡ä»¶ï¼Œè¿›ç¨‹æ— æ³•è®¿é—®ã€‚: 'd:\\temp\\tmpc2bnq_oz'

During handling of the above exception, another exception occurred:
D:\anaconda3\envs\base_python3.12\Lib\tempfile.py:909: in onexc
    _os.unlink(path)
E   PermissionError: [WinError 5] æ‹’ç»è®¿é—®ã€‚: 'd:\\temp\\tmpc2bnq_oz'

During handling of the above exception, another exception occurred:
test_config_manager\test_tsb_path_cross_platform.py:278: in test_relative_vs_absolute_paths
    with tempfile.TemporaryDirectory() as temp_dir:
D:\anaconda3\envs\base_python3.12\Lib\tempfile.py:950: in __exit__
    self.cleanup()
D:\anaconda3\envs\base_python3.12\Lib\tempfile.py:954: in cleanup
    self._rmtree(self.name, ignore_errors=self._ignore_cleanup_errors)
D:\anaconda3\envs\base_python3.12\Lib\tempfile.py:934: in _rmtree
    _shutil.rmtree(name, onexc=onexc)
D:\anaconda3\envs\base_python3.12\Lib\shutil.py:781: in rmtree
    return _rmtree_unsafe(path, onexc)
D:\anaconda3\envs\base_python3.12\Lib\shutil.py:639: in _rmtree_unsafe
    onexc(os.rmdir, path, err)
D:\anaconda3\envs\base_python3.12\Lib\tempfile.py:924: in onexc
    cls._rmtree(path, ignore_errors=ignore_errors,
D:\anaconda3\envs\base_python3.12\Lib\tempfile.py:934: in _rmtree
    _shutil.rmtree(name, onexc=onexc)
D:\anaconda3\envs\base_python3.12\Lib\shutil.py:781: in rmtree
    return _rmtree_unsafe(path, onexc)
D:\anaconda3\envs\base_python3.12\Lib\shutil.py:639: in _rmtree_unsafe
    onexc(os.rmdir, path, err)
D:\anaconda3\envs\base_python3.12\Lib\shutil.py:637: in _rmtree_unsafe
    os.rmdir(path)
E   PermissionError: [WinError 32] å¦ä¸€ä¸ªç¨‹åºæ­£åœ¨ä½¿ç”¨æ­¤æ–‡ä»¶ï¼Œè¿›ç¨‹æ— æ³•è®¿é—®ã€‚: 'd:\\temp\\tmpc2bnq_oz'
FAILED [ 88%]é…ç½®æ–‡ä»¶ä¸å­˜åœ¨ï¼Œåˆ›å»ºæ–°é…ç½®: d:\temp\tmpxm11pgrt\test_config.yaml
ğŸ” è°ƒè¯•ä¿¡æ¯: _test_mode=False, _true_original_config_path=None, _config_path=d:\temp\tmpxm11pgrt\test_config.yaml
âœ“ ç›‘è§†å½“å‰é…ç½®è·¯å¾„: d:\temp\tmpxm11pgrt\test_config.yaml
é…ç½®æ–‡ä»¶ç›‘è§†å™¨å·²å¯åŠ¨
é…ç½®å·²è‡ªåŠ¨å¤‡ä»½åˆ° \tmp\tests\test_project\test_exp\backup\20250108\173000\test_config_20250108_173000.yaml
âœ“ æ£€æµ‹åˆ°æµ‹è¯•ç¯å¢ƒï¼Œè‡ªåŠ¨å¯ç”¨auto_create: d:\temp\tmpxm11pgrt\test_config.yaml

tests\test_config_manager\test_tsb_path_integration.py:139 (TestTsbPathIntegration.test_path_with_config_reload)
'/tsb_logs/' != 'D:\\tmp\\tests\\test_project\\test_exp\\tsb_logs\\2025\\02\\0108\\173000'

é¢„æœŸ:'D:\\tmp\\tests\\test_project\\test_exp\\tsb_logs\\2025\\02\\0108\\173000'
å®é™…:'/tsb_logs/'
<ç‚¹å‡»ä»¥æŸ¥çœ‹å·®å¼‚>

test_config_manager\test_tsb_path_integration.py:203: in test_path_with_config_reload
    raise e
test_config_manager\test_tsb_path_integration.py:193: in test_path_with_config_reload
    assert '/tsb_logs/' in tsb_path2
E   AssertionError: assert '/tsb_logs/' in 'D:\\tmp\\tests\\test_project\\test_exp\\tsb_logs\\2025\\02\\0108\\173000'
é…ç½®å·²è‡ªåŠ¨å¤‡ä»½åˆ° \tmp\tests\test_project\test_exp\backup\20250108\173000\test_config_20250108_173000.yaml
FAILED [ 91%]âœ“ åŸºäºå½“å‰å·¥ä½œç›®å½•ç”Ÿæˆæµ‹è¯•è·¯å¾„: D:\Tony\Documents\invest2025\project\config_manager\tests
âœ“ åŸºäºå½“å‰å·¥ä½œç›®å½•ç”Ÿæˆæµ‹è¯•è·¯å¾„: d:\temp\tests\20250807\002852\446682ee_089104_a540be98
âœ“ å¼€å§‹æ‰§è¡Œè·¯å¾„æ›¿æ¢ï¼Œtest_base_dir: d:\temp\tests\20250807\002852\446682ee_089104_a540be98, temp_base: d:\temp
âœ“ å¼€å§‹æ‰§è¡Œè·¯å¾„æ›¿æ¢ï¼Œtest_base_dir: d:\temp\tests\20250807\002852\446682ee_089104_a540be98, temp_base: d:\temp
âœ“ æ£€æµ‹åˆ°ç”Ÿäº§é…ç½®: D:\Tony\Documents\invest2025\project\config_manager\src\config\config.yaml
âœ“ å·²ä»ç”Ÿäº§ç¯å¢ƒå¤åˆ¶é…ç½®: D:\Tony\Documents\invest2025\project\config_manager\src\config\config.yaml -> d:\temp\tests\20250807\002852\446682ee_089104_a540be98\src\config\config.yaml
âœ“ ä½¿ç”¨å½“å‰æ—¶é—´ä½œä¸ºfirst_start_time: 2025-08-07 00:28:52.100088
âœ“ å¼€å§‹æ‰§è¡Œè·¯å¾„æ›¿æ¢ï¼Œtest_base_dir: d:\temp\tests\20250807\002852\446682ee_089104_a540be98, temp_base: d:\temp
é…ç½®å·²ä» d:\temp\tests\20250807\002852\446682ee_089104_a540be98\src\config\config.yaml åŠ è½½
ğŸ” è°ƒè¯•ä¿¡æ¯: _test_mode=True, _true_original_config_path=None, _config_path=d:\temp\tests\20250807\002852\446682ee_089104_a540be98\src\config\config.yaml
âœ“ ç›‘è§†å½“å‰é…ç½®è·¯å¾„: d:\temp\tests\20250807\002852\446682ee_089104_a540be98\src\config\config.yaml
é…ç½®æ–‡ä»¶ç›‘è§†å™¨å·²å¯åŠ¨

tests\test_config_manager\test_tsb_path_integration.py:327 (TestTsbPathIntegration.test_path_with_different_platforms)
'/tsb_logs/' != 'd:\\temp\\tests\\20250807\\002852\\446682ee_089104_a540be98\\test_project\\experiment_name\\tsb_logs\\2025\\02\\0107\\181520'

é¢„æœŸ:'d:\\temp\\tests\\20250807\\002852\\446682ee_089104_a540be98\\test_project\\experiment_name\\tsb_logs\\2025\\02\\0107\\181520'
å®é™…:'/tsb_logs/'
<ç‚¹å‡»ä»¥æŸ¥çœ‹å·®å¼‚>

test_config_manager\test_tsb_path_integration.py:372: in test_path_with_different_platforms
    assert '/tsb_logs/' in unix_tsb_path, (
E   AssertionError: Unixè·¯å¾„åº”ä½¿ç”¨æ­£æ–œæ ï¼Œå®é™…ï¼šd:\temp\tests\20250807\002852\446682ee_089104_a540be98\test_project\experiment_name\tsb_logs\2025\02\0107\181520
E   assert '/tsb_logs/' in 'd:\\temp\\tests\\20250807\\002852\\446682ee_089104_a540be98\\test_project\\experiment_name\\tsb_logs\\2025\\02\\0107\\181520'
é…ç½®å·²è‡ªåŠ¨å¤‡ä»½åˆ° d:\temp\tests\20250807\002852\446682ee_089104_a540be98\test_project\experiment_name\backup\20250107\181520\config_20250107_181520.yaml

test_yaml_comments_preservation.py::test_yaml_comments_preservation_with_new_keys
test_yaml_comments_preservation.py::test_yaml_comments_preservation_with_nested_structures
test_yaml_comments_preservation.py::test_yaml_comments_preservation_edge_cases

================ 44 failed, 1 passed, 72 deselected in 13.26s =================
FAILED [ 93%]âœ“ åŸºäºå½“å‰å·¥ä½œç›®å½•ç”Ÿæˆæµ‹è¯•è·¯å¾„: D:\Tony\Documents\invest2025\project\config_manager\tests
âœ“ åŸºäºå½“å‰å·¥ä½œç›®å½•ç”Ÿæˆæµ‹è¯•è·¯å¾„: d:\temp\tests\20250807\002852\446682ee_9da6dd0b_159858_d51da3d7
âœ“ å¼€å§‹æ‰§è¡Œè·¯å¾„æ›¿æ¢ï¼Œtest_base_dir: d:\temp\tests\20250807\002852\446682ee_9da6dd0b_159858_d51da3d7, temp_base: d:\temp
âœ“ å¼€å§‹æ‰§è¡Œè·¯å¾„æ›¿æ¢ï¼Œtest_base_dir: d:\temp\tests\20250807\002852\446682ee_9da6dd0b_159858_d51da3d7, temp_base: d:\temp
âœ“ å·²ä»è‡ªå®šä¹‰é…ç½®å¤åˆ¶: d:\temp\tmpg_n4_gaj.yaml -> d:\temp\tests\20250807\002852\446682ee_9da6dd0b_159858_d51da3d7\src\config\config.yaml
âš ï¸  æ›´æ–°æµ‹è¯•é…ç½®è·¯å¾„å¤±è´¥: 'utf-8' codec can't decode byte 0xd3 in position 4: invalid continuation byte
å°è¯•åˆ›å»ºåŸºæœ¬é…ç½®æ–‡ä»¶...
âœ“ å·²åˆ›å»ºåŸºæœ¬é…ç½®æ–‡ä»¶
é…ç½®å·²ä» d:\temp\tests\20250807\002852\446682ee_9da6dd0b_159858_d51da3d7\src\config\config.yaml åŠ è½½

tests\test_yaml_comments_preservation.py:16 (test_yaml_comments_preservation)
'project_nameç³»ç»Ÿ' != 'TestApp'

é¢„æœŸ:'TestApp'
å®é™…:'project_nameç³»ç»Ÿ'
<ç‚¹å‡»ä»¥æŸ¥çœ‹å·®å¼‚>

test_yaml_comments_preservation.py:64: in test_yaml_comments_preservation
    assert config.app_name == "TestApp"
E   AssertionError: assert 'project_nameç³»ç»Ÿ' == 'TestApp'
E
E     - TestApp
E     + project_nameç³»ç»Ÿ
é…ç½®å·²è‡ªåŠ¨å¤‡ä»½åˆ° d:\temp\project_name\default\backup\20250807\002852\config_20250807_002852.yaml
FAILED [ 95%]âœ“ åŸºäºå½“å‰å·¥ä½œç›®å½•ç”Ÿæˆæµ‹è¯•è·¯å¾„: D:\Tony\Documents\invest2025\project\config_manager\tests
âœ“ åŸºäºå½“å‰å·¥ä½œç›®å½•ç”Ÿæˆæµ‹è¯•è·¯å¾„: d:\temp\tests\20250807\002852\446682ee_6eaa9528_209854_adc675ad
âœ“ å¼€å§‹æ‰§è¡Œè·¯å¾„æ›¿æ¢ï¼Œtest_base_dir: d:\temp\tests\20250807\002852\446682ee_6eaa9528_209854_adc675ad, temp_base: d:\temp
âœ“ å¼€å§‹æ‰§è¡Œè·¯å¾„æ›¿æ¢ï¼Œtest_base_dir: d:\temp\tests\20250807\002852\446682ee_6eaa9528_209854_adc675ad, temp_base: d:\temp
âœ“ å·²ä»è‡ªå®šä¹‰é…ç½®å¤åˆ¶: d:\temp\tmpusph46gh.yaml -> d:\temp\tests\20250807\002852\446682ee_6eaa9528_209854_adc675ad\src\config\config.yaml
âš ï¸  æ›´æ–°æµ‹è¯•é…ç½®è·¯å¾„å¤±è´¥: 'utf-8' codec can't decode byte 0xbb in position 2: invalid start byte
å°è¯•åˆ›å»ºåŸºæœ¬é…ç½®æ–‡ä»¶...
âœ“ å·²åˆ›å»ºåŸºæœ¬é…ç½®æ–‡ä»¶
é…ç½®å·²ä» d:\temp\tests\20250807\002852\446682ee_6eaa9528_209854_adc675ad\src\config\config.yaml åŠ è½½

tests\test_yaml_comments_preservation.py:127 (test_yaml_comments_preservation_with_new_keys)
test_yaml_comments_preservation.py:155: in test_yaml_comments_preservation_with_new_keys
    config.database.timeout = 30
..\src\config_manager\config_manager.py:1033: in __getattr__
    value = super().__getattr__(name)
..\src\config_manager\core\manager.py:99: in __getattr__
    return super().__getattr__(name)
..\src\config_manager\config_node.py:95: in __getattr__
    raise AttributeError(f"'{self.__class__.__name__}' object has no attribute '{name}'")
E   AttributeError: 'ConfigManager' object has no attribute 'database'
é…ç½®å·²è‡ªåŠ¨å¤‡ä»½åˆ° d:\temp\project_name\default\backup\20250807\002852\config_20250807_002852.yaml
FAILED [ 97%]âœ“ åŸºäºå½“å‰å·¥ä½œç›®å½•ç”Ÿæˆæµ‹è¯•è·¯å¾„: D:\Tony\Documents\invest2025\project\config_manager\tests
âœ“ åŸºäºå½“å‰å·¥ä½œç›®å½•ç”Ÿæˆæµ‹è¯•è·¯å¾„: d:\temp\tests\20250807\002852\446682ee_43d56f8d_290870_0e376308
âœ“ å¼€å§‹æ‰§è¡Œè·¯å¾„æ›¿æ¢ï¼Œtest_base_dir: d:\temp\tests\20250807\002852\446682ee_43d56f8d_290870_0e376308, temp_base: d:\temp
âœ“ å¼€å§‹æ‰§è¡Œè·¯å¾„æ›¿æ¢ï¼Œtest_base_dir: d:\temp\tests\20250807\002852\446682ee_43d56f8d_290870_0e376308, temp_base: d:\temp
âœ“ å·²ä»è‡ªå®šä¹‰é…ç½®å¤åˆ¶: d:\temp\tmp3sgissqk.yaml -> d:\temp\tests\20250807\002852\446682ee_43d56f8d_290870_0e376308\src\config\config.yaml
âš ï¸  æ›´æ–°æµ‹è¯•é…ç½®è·¯å¾„å¤±è´¥: 'utf-8' codec can't decode byte 0xd3 in position 4: invalid continuation byte
å°è¯•åˆ›å»ºåŸºæœ¬é…ç½®æ–‡ä»¶...
âœ“ å·²åˆ›å»ºåŸºæœ¬é…ç½®æ–‡ä»¶
é…ç½®å·²ä» d:\temp\tests\20250807\002852\446682ee_43d56f8d_290870_0e376308\src\config\config.yaml åŠ è½½

tests\test_yaml_comments_preservation.py:190 (test_yaml_comments_preservation_with_nested_structures)
test_yaml_comments_preservation.py:238: in test_yaml_comments_preservation_with_nested_structures
    config.app.name = "ModifiedApp"
..\src\config_manager\config_manager.py:1033: in __getattr__
    value = super().__getattr__(name)
..\src\config_manager\core\manager.py:99: in __getattr__
    return super().__getattr__(name)
..\src\config_manager\config_node.py:95: in __getattr__
    raise AttributeError(f"'{self.__class__.__name__}' object has no attribute '{name}'")
E   AttributeError: 'ConfigManager' object has no attribute 'app'
é…ç½®å·²è‡ªåŠ¨å¤‡ä»½åˆ° d:\temp\project_name\default\backup\20250807\002852\config_20250807_002852.yaml
FAILED [100%]âœ“ åŸºäºå½“å‰å·¥ä½œç›®å½•ç”Ÿæˆæµ‹è¯•è·¯å¾„: D:\Tony\Documents\invest2025\project\config_manager\tests
âœ“ åŸºäºå½“å‰å·¥ä½œç›®å½•ç”Ÿæˆæµ‹è¯•è·¯å¾„: d:\temp\tests\20250807\002852\446682ee_37db043f_367855_ed7eba38
âœ“ å¼€å§‹æ‰§è¡Œè·¯å¾„æ›¿æ¢ï¼Œtest_base_dir: d:\temp\tests\20250807\002852\446682ee_37db043f_367855_ed7eba38, temp_base: d:\temp
âœ“ å¼€å§‹æ‰§è¡Œè·¯å¾„æ›¿æ¢ï¼Œtest_base_dir: d:\temp\tests\20250807\002852\446682ee_37db043f_367855_ed7eba38, temp_base: d:\temp
âœ“ å·²ä»è‡ªå®šä¹‰é…ç½®å¤åˆ¶: d:\temp\tmpud_4ghxh.yaml -> d:\temp\tests\20250807\002852\446682ee_37db043f_367855_ed7eba38\src\config\config.yaml
âš ï¸  æ›´æ–°æµ‹è¯•é…ç½®è·¯å¾„å¤±è´¥: 'utf-8' codec can't decode byte 0xb6 in position 2: invalid start byte
å°è¯•åˆ›å»ºåŸºæœ¬é…ç½®æ–‡ä»¶...
âœ“ å·²åˆ›å»ºåŸºæœ¬é…ç½®æ–‡ä»¶
é…ç½®å·²ä» d:\temp\tests\20250807\002852\446682ee_37db043f_367855_ed7eba38\src\config\config.yaml åŠ è½½

tests\test_yaml_comments_preservation.py:298 (test_yaml_comments_preservation_edge_cases)
test_yaml_comments_preservation.py:346: in test_yaml_comments_preservation_edge_cases
    config.list_items.append("item4")
..\src\config_manager\config_manager.py:1033: in __getattr__
    value = super().__getattr__(name)
..\src\config_manager\core\manager.py:99: in __getattr__
    return super().__getattr__(name)
..\src\config_manager\config_node.py:95: in __getattr__
    raise AttributeError(f"'{self.__class__.__name__}' object has no attribute '{name}'")
E   AttributeError: 'ConfigManager' object has no attribute 'list_items'
é…ç½®å·²è‡ªåŠ¨å¤‡ä»½åˆ° d:\temp\project_name\default\backup\20250807\002852\config_20250807_002852.yaml
