/home/tony/programs/miniconda3/envs/base_python3.12/bin/python /opt/pycharm-community-2025.1.2/plugins/python-ce/helpers/pycharm/_jb_pytest_runner.py --path /home/tony/project/config_manager/tests -- --last-failed
Testing started at 10:01 ...
Launching pytest with arguments --last-failed /home/tony/project/config_manager/tests --no-header --no-summary -q in /home/tony/project/config_manager/tests

============================= test session starts ==============================
collecting ... collected 281 items / 247 deselected / 34 selected
run-last-failure: rerun previous 34 failures (skipped 18 files)

../../../../../../../../home/tony/project/config_manager/tests/01_unit_tests/test_config_manager/test_config_file_protection.py::TestConfigFileProtection::test_successful_config_can_be_saved
../../../../../../../../home/tony/project/config_manager/tests/01_unit_tests/test_config_manager/test_config_file_protection.py::TestConfigFileProtection::test_backup_creation_on_parse_error
../../../../../../../../home/tony/project/config_manager/tests/01_unit_tests/test_config_manager/test_double_load_fix.py::TestDoubleLoadFix::test_internal_modification_and_save
../../../../../../../../home/tony/project/config_manager/tests/01_unit_tests/test_config_manager/test_tc0010_001_config_file_path.py::TestConfigFilePath::test_tc0010_001_003_config_file_path_persistence
../../../../../../../../home/tony/project/config_manager/tests/01_unit_tests/test_config_manager/test_tc0011_001_raw_yaml_support.py::TestRawYamlSupport::test_get_raw_yaml_content
../../../../../../../../home/tony/project/config_manager/tests/01_unit_tests/test_config_manager/test_tc0012_001_test_mode.py::TestTestMode::test_tc0012_001_003_test_mode_config_operations
../../../../../../../../home/tony/project/config_manager/tests/01_unit_tests/test_config_manager/test_tc0012_001_test_mode.py::TestTestMode::test_tc0012_001_010_multiple_test_instances
../../../../../../../../home/tony/project/config_manager/tests/01_unit_tests/test_config_manager/test_tc0012_004_backup_isolation.py::TestTC0012004BackupIsolation::test_tc0012_004_002_backup_file_creation_isolation
../../../../../../../../home/tony/project/config_manager/tests/01_unit_tests/test_config_manager/test_tc0012_004_backup_isolation.py::TestTC0012004BackupIsolation::test_tc0012_004_004_multiple_test_instances_backup_isolation
../../../../../../../../home/tony/project/config_manager/tests/01_unit_tests/test_config_manager/test_tc0012_005_project_name_timestamp.py::TestTC0012005ProjectNameTimestamp::test_tc0012_005_001_project_name_from_config <- ../../../../mnt/ntfs/ubuntu_data/NutstoreFiles/invest2025/project/config_manager/tests/01_unit_tests/test_config_manager/test_tc0012_005_project_name_timestamp.py
../../../../../../../../home/tony/project/config_manager/tests/01_unit_tests/test_config_manager/test_tc0014_001_single_save_mechanism.py::TestTC0014001SingleSaveMechanism::test_tc0014_001_002_post_initialization_autosave_works
../../../../../../../../home/tony/project/config_manager/tests/01_unit_tests/test_config_manager/test_tc0014_001_yaml_anchor_alias_duplication.py::TestYamlAnchorAliasDuplication::test_anchor_alias_modification_behavior FAILED [  2%]é…ç½®æ–‡ä»¶ä¸å­˜åœ¨ï¼Œåˆ›å»ºæ–°é…ç½®: /tmp/pytest-of-tony/pytest-1/test_successful_config_can_be_0/test_config.yaml
é…ç½®æ–‡ä»¶ç›‘è§†å™¨å·²å¯åŠ¨
ğŸ“Š è‡ªåŠ¨ä¿å­˜è°ƒåº¦é¢‘ç‡è®¡æ•°: 1
ğŸ“Š è‡ªåŠ¨ä¿å­˜è°ƒåº¦é¢‘ç‡è®¡æ•°: 2
ğŸ“Š è‡ªåŠ¨ä¿å­˜è°ƒåº¦é¢‘ç‡è®¡æ•°: 3
é…ç½®å·²è‡ªåŠ¨å¤‡ä»½åˆ° /tmp/tests/TestProject/test_experiment/backup/20250720/100126/test_config_20250720_100126.yaml
é…ç½®å·²è‡ªåŠ¨å¤‡ä»½åˆ° /tmp/tests/TestProject/test_experiment/backup/20250720/100126/test_config_20250720_100126.yaml
âœ“ æ£€æµ‹åˆ°æµ‹è¯•ç¯å¢ƒï¼Œè‡ªåŠ¨å¯ç”¨auto_create: /tmp/pytest-of-tony/pytest-1/test_successful_config_can_be_0/test_config.yaml
é…ç½®å·²ä» /tmp/pytest-of-tony/pytest-1/test_successful_config_can_be_0/test_config.yaml åŠ è½½
é…ç½®æ–‡ä»¶ç›‘è§†å™¨å·²å¯åŠ¨

tests/01_unit_tests/test_config_manager/test_config_file_protection.py:68 (TestConfigFileProtection.test_successful_config_can_be_saved)
None != 'TestProject'

é¢„æœŸ:'TestProject'
å®é™…:None
<ç‚¹å‡»ä»¥æŸ¥çœ‹å·®å¼‚>

/home/tony/project/config_manager/tests/01_unit_tests/test_config_manager/test_config_file_protection.py:89: in test_successful_config_can_be_saved
    assert config2.get('project_name') == 'TestProject'
E   AssertionError: assert None == 'TestProject'
E    +  where None = get('project_name')
E    +    where get = ConfigManager({'config_file_path': '/tmp/pytest-of-tony/pytest-1/test_successful_config_can_be_0/test_config.yaml', 'first_start_time': '2025-07-20T10:01:27.776362', '__type_hints__': {'first_start_time': 'datetime'}, 'paths': ConfigNode({'work_dir': '/tmp/tests/test_project/test_experiment', 'checkpoint_dir': '/tmp/tests/test_project/test_experiment/checkpoint', 'best_checkpoint_dir': '/tmp/tests/test_project/test_experiment/checkpoint/best', 'debug_dir': '/tmp/tests/test_project/test_experiment/debug', 'tensorboard_dir': '/tmp/tests/test_project/test_experiment/tensorboard', 'tsb_logs_dir': '/tmp/tests/test_project/test_experiment/tsb_logs/2025/29/07/20/100127', 'log_dir': '/tmp/tests/test_project/test_experiment/logs/20250720/100127', 'backup_dir': '/tmp/tests/test_project/test_experiment/backup/20250720/100127', '_root': ConfigManager({...})})}).get
é…ç½®å·²è‡ªåŠ¨å¤‡ä»½åˆ° /tmp/tests/test_project/test_experiment/backup/20250720/100127/test_config_20250720_100127.yaml
FAILED [  5%]é…ç½®å·²ä» /tmp/pytest-of-tony/pytest-1/test_backup_creation_on_parse_0/test_config.yaml åŠ è½½
é…ç½®æ–‡ä»¶ç›‘è§†å™¨å·²å¯åŠ¨
ğŸ“Š è‡ªåŠ¨ä¿å­˜è°ƒåº¦é¢‘ç‡è®¡æ•°: 1
ğŸ“Š è‡ªåŠ¨ä¿å­˜è°ƒåº¦é¢‘ç‡è®¡æ•°: 2
é…ç½®å·²è‡ªåŠ¨å¤‡ä»½åˆ° /tmp/pytest-of-tony/pytest-1/test_backup_creation_on_parse_0/logs/TestProject/test_experiment/backup/20250720/100128/test_config_20250720_100128.yaml

tests/01_unit_tests/test_config_manager/test_config_file_protection.py:120 (TestConfigFileProtection.test_backup_creation_on_parse_error)
'test_key' != ('__data__:\n'
 '  project_name: "TestProject"\n'
 '  base_dir: '
 '"/tmp/pytest-of-tony/pytest-1/test_backup_creation_on_parse_0/logs"\n'
 '__type_hints__: {}\n')

<ç‚¹å‡»ä»¥æŸ¥çœ‹å·®å¼‚>

/home/tony/project/config_manager/tests/01_unit_tests/test_config_manager/test_config_file_protection.py:159: in test_backup_creation_on_parse_error
    assert 'test_key' in backup_content
E   assert 'test_key' in '__data__:\n  project_name: "TestProject"\n  base_dir: "/tmp/pytest-of-tony/pytest-1/test_backup_creation_on_parse_0/logs"\n__type_hints__: {}\n'
é…ç½®å·²è‡ªåŠ¨å¤‡ä»½åˆ° /tmp/pytest-of-tony/pytest-1/test_backup_creation_on_parse_0/logs/TestProject/test_experiment/backup/20250720/100128/test_config_20250720_100128.yaml
FAILED [  8%]âœ“ æ£€æµ‹åˆ°æµ‹è¯•ç¯å¢ƒï¼Œè‡ªåŠ¨å¯ç”¨auto_create: /tmp/pytest-of-tony/pytest-1/test_internal_modification_and0/config.yaml
é…ç½®å·²ä» /tmp/pytest-of-tony/pytest-1/test_internal_modification_and0/config.yaml åŠ è½½
é…ç½®æ–‡ä»¶ç›‘è§†å™¨å·²å¯åŠ¨
ğŸ“Š è‡ªåŠ¨ä¿å­˜è°ƒåº¦é¢‘ç‡è®¡æ•°: 1
ğŸ“Š è‡ªåŠ¨ä¿å­˜è°ƒåº¦é¢‘ç‡è®¡æ•°: 2
é…ç½®å·²è‡ªåŠ¨å¤‡ä»½åˆ° /tmp/tests/test_project/test_experiment/backup/20250720/100129/config_20250720_100129.yaml

tests/01_unit_tests/test_config_manager/test_double_load_fix.py:61 (TestDoubleLoadFix.test_internal_modification_and_save)
'initial_value' != 'internal_change'

é¢„æœŸ:'internal_change'
å®é™…:'initial_value'
<ç‚¹å‡»ä»¥æŸ¥çœ‹å·®å¼‚>

/home/tony/project/config_manager/tests/01_unit_tests/test_config_manager/test_double_load_fix.py:84: in test_internal_modification_and_save
    assert content['__data__']['setting'] == 'internal_change'
E   AssertionError: assert 'initial_value' == 'internal_change'
E
E     - internal_change
E     + initial_value
é…ç½®å·²è‡ªåŠ¨å¤‡ä»½åˆ° /tmp/tests/test_project/test_experiment/backup/20250720/100129/config_20250720_100129.yaml

../../../../../../../../home/tony/project/config_manager/tests/01_unit_tests/test_config_manager/test_tc0010_001_config_file_path.py::TestConfigFilePath::test_tc0010_001_007_config_file_path_in_yaml_structure
../../../../../../../../home/tony/project/config_manager/tests/01_unit_tests/test_config_manager/test_tc0011_001_raw_yaml_support.py::TestRawYamlSupport::test_tc0011_001_005_raw_yaml_modification_and_save FAILED [ 11%]é…ç½®æ–‡ä»¶ä¸å­˜åœ¨ï¼Œåˆ›å»ºæ–°é…ç½®: /tmp/tmpp5b65z5i/persistent_config.yaml
é…ç½®æ–‡ä»¶ç›‘è§†å™¨å·²å¯åŠ¨
ğŸ“Š è‡ªåŠ¨ä¿å­˜è°ƒåº¦é¢‘ç‡è®¡æ•°: 1
ğŸ“Š è‡ªåŠ¨ä¿å­˜è°ƒåº¦é¢‘ç‡è®¡æ•°: 2
é…ç½®å·²è‡ªåŠ¨å¤‡ä»½åˆ° /tmp/tests/test_project/test_experiment/backup/20250720/100125/persistent_config_20250720_100125.yaml
é…ç½®å·²è‡ªåŠ¨å¤‡ä»½åˆ° /tmp/tests/test_project/test_experiment/backup/20250720/100125/persistent_config_20250720_100125.yaml
âœ“ æ£€æµ‹åˆ°æµ‹è¯•ç¯å¢ƒï¼Œè‡ªåŠ¨å¯ç”¨auto_create: /tmp/tmpp5b65z5i/persistent_config.yaml
é…ç½®å·²ä» /tmp/tmpp5b65z5i/persistent_config.yaml åŠ è½½
é…ç½®æ–‡ä»¶ç›‘è§†å™¨å·²å¯åŠ¨

tests/01_unit_tests/test_config_manager/test_tc0010_001_config_file_path.py:92 (TestConfigFilePath.test_tc0010_001_003_config_file_path_persistence)
/home/tony/project/config_manager/tests/01_unit_tests/test_config_manager/test_tc0010_001_config_file_path.py:127: in test_tc0010_001_003_config_file_path_persistence
    assert cfg2.persistent_test == "first_value", "é…ç½®å€¼åº”è¯¥è¢«æ­£ç¡®åŠ è½½"
           ^^^^^^^^^^^^^^^^^^^^
../src/config_manager/config_manager.py:977: in __getattr__
    value = super().__getattr__(name)
            ^^^^^^^^^^^^^^^^^^^^^^^^^
../src/config_manager/core/manager.py:99: in __getattr__
    return super().__getattr__(name)
           ^^^^^^^^^^^^^^^^^^^^^^^^^
../src/config_manager/config_node.py:76: in __getattr__
    raise AttributeError(f"'{self.__class__.__name__}' object has no attribute '{name}'")
E   AttributeError: 'ConfigManager' object has no attribute 'persistent_test'
é…ç½®å·²è‡ªåŠ¨å¤‡ä»½åˆ° /tmp/tests/test_project/test_experiment/backup/20250720/100132/persistent_config_20250720_100132.yaml
FAILED [ 14%]é…ç½®æ–‡ä»¶ä¸å­˜åœ¨ï¼Œåˆ›å»ºæ–°é…ç½®: /tmp/tmpkua44kad/yaml_structure_test.yaml
é…ç½®æ–‡ä»¶ç›‘è§†å™¨å·²å¯åŠ¨
ğŸ“Š è‡ªåŠ¨ä¿å­˜è°ƒåº¦é¢‘ç‡è®¡æ•°: 1
ğŸ“Š è‡ªåŠ¨ä¿å­˜è°ƒåº¦é¢‘ç‡è®¡æ•°: 2
é…ç½®å·²è‡ªåŠ¨å¤‡ä»½åˆ° /tmp/tests/test_project/test_experiment/backup/20250720/100125/yaml_structure_test_20250720_100125.yaml

tests/01_unit_tests/test_config_manager/test_tc0010_001_config_file_path.py:240 (TestConfigFilePath.test_tc0010_001_007_config_file_path_in_yaml_structure)
'config_file_path' != {}

é¢„æœŸ:{}
å®é™…:'config_file_path'
<ç‚¹å‡»ä»¥æŸ¥çœ‹å·®å¼‚>

/home/tony/project/config_manager/tests/01_unit_tests/test_config_manager/test_tc0010_001_config_file_path.py:269: in test_tc0010_001_007_config_file_path_in_yaml_structure
    assert 'config_file_path' in data_section, "æ•°æ®èŠ‚ç‚¹åº”è¯¥åŒ…å«config_file_pathå­—æ®µ"
E   AssertionError: æ•°æ®èŠ‚ç‚¹åº”è¯¥åŒ…å«config_file_pathå­—æ®µ
E   assert 'config_file_path' in {}
é…ç½®å·²è‡ªåŠ¨å¤‡ä»½åˆ° /tmp/tests/test_project/test_experiment/backup/20250720/100125/yaml_structure_test_20250720_100125.yaml
FAILED [ 17%]âœ“ æ£€æµ‹åˆ°æµ‹è¯•ç¯å¢ƒï¼Œè‡ªåŠ¨å¯ç”¨auto_create: /tmp/tmpumnjo5k9.yaml
é…ç½®å·²ä» /tmp/tmpumnjo5k9.yaml åŠ è½½
ç§»é™¤é¡¶å±‚é‡å¤é”®: ['original_key', 'to_modify']
ğŸ“Š è‡ªåŠ¨ä¿å­˜è°ƒåº¦é¢‘ç‡è®¡æ•°: 1
ğŸ“Š è‡ªåŠ¨ä¿å­˜è°ƒåº¦é¢‘ç‡è®¡æ•°: 2
ç§»é™¤é¡¶å±‚é‡å¤é”®: ['original_key', 'to_modify']
é…ç½®å·²è‡ªåŠ¨å¤‡ä»½åˆ° /tmp/tests/test_project/test_experiment/backup/20250720/100134/tmpumnjo5k9_20250720_100134.yaml
ç§»é™¤é¡¶å±‚é‡å¤é”®: ['original_key', 'to_modify']
é…ç½®å·²è‡ªåŠ¨å¤‡ä»½åˆ° /tmp/tests/test_project/test_experiment/backup/20250720/100134/tmpumnjo5k9_20250720_100134.yaml
âœ“ æ£€æµ‹åˆ°æµ‹è¯•ç¯å¢ƒï¼Œè‡ªåŠ¨å¯ç”¨auto_create: /tmp/tmpumnjo5k9.yaml
é…ç½®å·²ä» /tmp/tmpumnjo5k9.yaml åŠ è½½

tests/01_unit_tests/test_config_manager/test_tc0011_001_raw_yaml_support.py:97 (TestRawYamlSupport.test_tc0011_001_005_raw_yaml_modification_and_save)
/home/tony/project/config_manager/tests/01_unit_tests/test_config_manager/test_tc0011_001_raw_yaml_support.py:111: in test_tc0011_001_005_raw_yaml_modification_and_save
    assert config2.to_modify == 'new_value'
           ^^^^^^^^^^^^^^^^^
../src/config_manager/config_manager.py:977: in __getattr__
    value = super().__getattr__(name)
            ^^^^^^^^^^^^^^^^^^^^^^^^^
../src/config_manager/core/manager.py:99: in __getattr__
    return super().__getattr__(name)
           ^^^^^^^^^^^^^^^^^^^^^^^^^
../src/config_manager/config_node.py:76: in __getattr__
    raise AttributeError(f"'{self.__class__.__name__}' object has no attribute '{name}'")
E   AttributeError: 'ConfigManager' object has no attribute 'to_modify'
é…ç½®å·²è‡ªåŠ¨å¤‡ä»½åˆ° /tmp/tests/test_project/test_experiment/backup/20250720/100134/tmpumnjo5k9_20250720_100134.yaml
FAILED [ 20%]âœ“ æ£€æµ‹åˆ°æµ‹è¯•ç¯å¢ƒï¼Œè‡ªåŠ¨å¯ç”¨auto_create: /tmp/pytest-of-tony/pytest-1/test_get_raw_yaml_content0/test.yaml
é…ç½®å·²ä» /tmp/pytest-of-tony/pytest-1/test_get_raw_yaml_content0/test.yaml åŠ è½½
ç§»é™¤é¡¶å±‚é‡å¤é”®: ['key', 'nested']
é…ç½®æ–‡ä»¶ç›‘è§†å™¨å·²å¯åŠ¨

tests/01_unit_tests/test_config_manager/test_tc0011_001_raw_yaml_support.py:123 (TestRawYamlSupport.test_get_raw_yaml_content)
{'key': 'value', 'nested': {'key': 'nested_value'}} != None

é¢„æœŸ:None
å®é™…:{'key': 'value', 'nested': {'key': 'nested_value'}}
<ç‚¹å‡»ä»¥æŸ¥çœ‹å·®å¼‚>

/home/tony/project/config_manager/tests/01_unit_tests/test_config_manager/test_tc0011_001_raw_yaml_support.py:138: in test_get_raw_yaml_content
    assert config_data == reread_data
E   AssertionError: assert {'key': 'value', 'nested': {'key': 'nested_value'}} == None
ç§»é™¤é¡¶å±‚é‡å¤é”®: ['key', 'nested']
é…ç½®å·²è‡ªåŠ¨å¤‡ä»½åˆ° /tmp/tests/test_project/test_experiment/backup/20250720/100134/test_20250720_100134.yaml
FAILED [ 23%]âœ“ åŸºäºå½“å‰å·¥ä½œç›®å½•ç”Ÿæˆæµ‹è¯•è·¯å¾„: /tmp/tests/20250720/100135/b9a7c5a5
âœ“ å¼€å§‹æ‰§è¡Œè·¯å¾„æ›¿æ¢ï¼Œtest_base_dir: /tmp/tests/20250720/100135/b9a7c5a5, temp_base: /tmp
âœ“ åŸºäºå½“å‰å·¥ä½œç›®å½•ç”Ÿæˆæµ‹è¯•è·¯å¾„: /mnt/ntfs/ubuntu_data/NutstoreFiles/invest2025/project/config_manager/tests
âœ“ åŸºäºå½“å‰å·¥ä½œç›®å½•ç”Ÿæˆæµ‹è¯•è·¯å¾„: /tmp/tests/20250720/100135/b9a7c5a5
âœ“ å¼€å§‹æ‰§è¡Œè·¯å¾„æ›¿æ¢ï¼Œtest_base_dir: /tmp/tests/20250720/100135/b9a7c5a5, temp_base: /tmp
âœ“ å¼€å§‹æ‰§è¡Œè·¯å¾„æ›¿æ¢ï¼Œtest_base_dir: /tmp/tests/20250720/100135/b9a7c5a5, temp_base: /tmp
âœ“ æ£€æµ‹åˆ°ç”Ÿäº§é…ç½®: /mnt/ntfs/ubuntu_data/NutstoreFiles/invest2025/project/config_manager/src/config/config.yaml
âœ“ å·²ä»ç”Ÿäº§ç¯å¢ƒå¤åˆ¶é…ç½®: /mnt/ntfs/ubuntu_data/NutstoreFiles/invest2025/project/config_manager/src/config/config.yaml -> /tmp/tests/20250720/100135/b9a7c5a5/src/config/config.yaml
âœ“ ä½¿ç”¨å½“å‰æ—¶é—´ä½œä¸ºfirst_start_time: 2025-07-20 10:01:35.487652
âœ“ å¼€å§‹æ‰§è¡Œè·¯å¾„æ›¿æ¢ï¼Œtest_base_dir: /tmp/tests/20250720/100135/b9a7c5a5, temp_base: /tmp
é…ç½®å·²ä» /tmp/tests/20250720/100135/b9a7c5a5/src/config/config.yaml åŠ è½½
ç§»é™¤é¡¶å±‚é‡å¤é”®: ['project_name', 'base_dir', 'first_start_time', 'config_file_path']
ğŸ“Š è‡ªåŠ¨ä¿å­˜è°ƒåº¦é¢‘ç‡è®¡æ•°: 1
ğŸ“Š è‡ªåŠ¨ä¿å­˜è°ƒåº¦é¢‘ç‡è®¡æ•°: 2
ğŸ“Š è‡ªåŠ¨ä¿å­˜è°ƒåº¦é¢‘ç‡è®¡æ•°: 3
ç§»é™¤é¡¶å±‚é‡å¤é”®: ['project_name', 'base_dir', 'first_start_time', 'config_file_path']
é…ç½®å·²è‡ªåŠ¨å¤‡ä»½åˆ° /tmp/tests/20250720/100135/b9a7c5a5/test_project/experiment_name/backup/20250107/181520/config_20250107_181520.yaml
é…ç½®å·²ä» /tmp/tests/20250720/100135/b9a7c5a5/src/config/config.yaml åŠ è½½

tests/01_unit_tests/test_config_manager/test_tc0012_001_test_mode.py:76 (TestTestMode.test_tc0012_001_003_test_mode_config_operations)
/home/tony/project/config_manager/tests/01_unit_tests/test_config_manager/test_tc0012_001_test_mode.py:99: in test_tc0012_001_003_test_mode_config_operations
    assert cfg.app_name == "æµ‹è¯•åº”ç”¨"
           ^^^^^^^^^^^^
../src/config_manager/config_manager.py:977: in __getattr__
    value = super().__getattr__(name)
            ^^^^^^^^^^^^^^^^^^^^^^^^^
../src/config_manager/core/manager.py:99: in __getattr__
    return super().__getattr__(name)
           ^^^^^^^^^^^^^^^^^^^^^^^^^
../src/config_manager/config_node.py:76: in __getattr__
    raise AttributeError(f"'{self.__class__.__name__}' object has no attribute '{name}'")
E   AttributeError: 'ConfigManager' object has no attribute 'app_name'
âœ“ å·²æ¸…ç†å½“å‰æµ‹è¯•ç¯å¢ƒ: /tmp/tests/20250720/100135_d82ecb28
é…ç½®å·²è‡ªåŠ¨å¤‡ä»½åˆ° /tmp/original/base/path/test_project/experiment_name/backup/20250107/181520/config_20250107_181520.yaml
FAILED [ 26%]âœ“ åŸºäºå½“å‰å·¥ä½œç›®å½•ç”Ÿæˆæµ‹è¯•è·¯å¾„: /tmp/tests/20250720/100135/b9a7c5a5
âœ“ å¼€å§‹æ‰§è¡Œè·¯å¾„æ›¿æ¢ï¼Œtest_base_dir: /tmp/tests/20250720/100135/b9a7c5a5, temp_base: /tmp
âœ“ åŸºäºå½“å‰å·¥ä½œç›®å½•ç”Ÿæˆæµ‹è¯•è·¯å¾„: /mnt/ntfs/ubuntu_data/NutstoreFiles/invest2025/project/config_manager/tests
âœ“ åŸºäºå½“å‰å·¥ä½œç›®å½•ç”Ÿæˆæµ‹è¯•è·¯å¾„: /tmp/tests/20250607/103000/b9a7c5a5
âœ“ å¼€å§‹æ‰§è¡Œè·¯å¾„æ›¿æ¢ï¼Œtest_base_dir: /tmp/tests/20250607/103000/b9a7c5a5, temp_base: /tmp
âœ“ å¼€å§‹æ‰§è¡Œè·¯å¾„æ›¿æ¢ï¼Œtest_base_dir: /tmp/tests/20250607/103000/b9a7c5a5, temp_base: /tmp
âœ“ æ£€æµ‹åˆ°ç”Ÿäº§é…ç½®: /mnt/ntfs/ubuntu_data/NutstoreFiles/invest2025/project/config_manager/src/config/config.yaml
âœ“ å·²ä»ç”Ÿäº§ç¯å¢ƒå¤åˆ¶é…ç½®: /mnt/ntfs/ubuntu_data/NutstoreFiles/invest2025/project/config_manager/src/config/config.yaml -> /tmp/tests/20250607/103000/b9a7c5a5/src/config/config.yaml
âœ“ ä½¿ç”¨ä¼ å…¥çš„first_start_time: 2025-06-07 10:30:00
âœ“ å¼€å§‹æ‰§è¡Œè·¯å¾„æ›¿æ¢ï¼Œtest_base_dir: /tmp/tests/20250607/103000/b9a7c5a5, temp_base: /tmp
é…ç½®å·²ä» /tmp/tests/20250607/103000/b9a7c5a5/src/config/config.yaml åŠ è½½
ç§»é™¤é¡¶å±‚é‡å¤é”®: ['project_name', 'base_dir', 'first_start_time', 'config_file_path']
ğŸ“Š è‡ªåŠ¨ä¿å­˜è°ƒåº¦é¢‘ç‡è®¡æ•°: 1
ç§»é™¤é¡¶å±‚é‡å¤é”®: ['project_name', 'base_dir', 'first_start_time', 'config_file_path']
é…ç½®å·²è‡ªåŠ¨å¤‡ä»½åˆ° /tmp/tests/20250607/103000/b9a7c5a5/test_project/experiment_name/backup/20250607/103000/config_20250607_103000.yaml
ç§»é™¤é¡¶å±‚é‡å¤é”®: ['project_name', 'base_dir', 'first_start_time', 'config_file_path']
é…ç½®å·²è‡ªåŠ¨å¤‡ä»½åˆ° /tmp/tests/20250607/103000/b9a7c5a5/test_project/experiment_name/backup/20250607/103000/config_20250607_103000.yaml
âœ“ åŸºäºå½“å‰å·¥ä½œç›®å½•ç”Ÿæˆæµ‹è¯•è·¯å¾„: /tmp/tests/20250720/100135/b9a7c5a5
âœ“ å¼€å§‹æ‰§è¡Œè·¯å¾„æ›¿æ¢ï¼Œtest_base_dir: /tmp/tests/20250720/100135/b9a7c5a5, temp_base: /tmp
âœ“ åŸºäºå½“å‰å·¥ä½œç›®å½•ç”Ÿæˆæµ‹è¯•è·¯å¾„: /mnt/ntfs/ubuntu_data/NutstoreFiles/invest2025/project/config_manager/tests
âœ“ åŸºäºå½“å‰å·¥ä½œç›®å½•ç”Ÿæˆæµ‹è¯•è·¯å¾„: /tmp/tests/20250607/113000/b9a7c5a5
âœ“ å¼€å§‹æ‰§è¡Œè·¯å¾„æ›¿æ¢ï¼Œtest_base_dir: /tmp/tests/20250607/113000/b9a7c5a5, temp_base: /tmp
âœ“ å¼€å§‹æ‰§è¡Œè·¯å¾„æ›¿æ¢ï¼Œtest_base_dir: /tmp/tests/20250607/113000/b9a7c5a5, temp_base: /tmp
âœ“ æ£€æµ‹åˆ°ç”Ÿäº§é…ç½®: /mnt/ntfs/ubuntu_data/NutstoreFiles/invest2025/project/config_manager/src/config/config.yaml
âœ“ å·²ä»ç”Ÿäº§ç¯å¢ƒå¤åˆ¶é…ç½®: /mnt/ntfs/ubuntu_data/NutstoreFiles/invest2025/project/config_manager/src/config/config.yaml -> /tmp/tests/20250607/113000/b9a7c5a5/src/config/config.yaml
âœ“ ä½¿ç”¨ä¼ å…¥çš„first_start_time: 2025-06-07 11:30:00
âœ“ å¼€å§‹æ‰§è¡Œè·¯å¾„æ›¿æ¢ï¼Œtest_base_dir: /tmp/tests/20250607/113000/b9a7c5a5, temp_base: /tmp
é…ç½®å·²ä» /tmp/tests/20250607/113000/b9a7c5a5/src/config/config.yaml åŠ è½½
ç§»é™¤é¡¶å±‚é‡å¤é”®: ['project_name', 'base_dir', 'first_start_time', 'config_file_path']
ğŸ“Š è‡ªåŠ¨ä¿å­˜è°ƒåº¦é¢‘ç‡è®¡æ•°: 1
ç§»é™¤é¡¶å±‚é‡å¤é”®: ['project_name', 'base_dir', 'first_start_time', 'config_file_path']
é…ç½®å·²è‡ªåŠ¨å¤‡ä»½åˆ° /tmp/tests/20250607/113000/b9a7c5a5/test_project/experiment_name/backup/20250607/113000/config_20250607_113000.yaml
é…ç½®å·²ä» /tmp/tests/20250607/103000/b9a7c5a5/src/config/config.yaml åŠ è½½
é…ç½®å·²ä» /tmp/tests/20250607/113000/b9a7c5a5/src/config/config.yaml åŠ è½½

tests/01_unit_tests/test_config_manager/test_tc0012_001_test_mode.py:263 (TestTestMode.test_tc0012_001_010_multiple_test_instances)
None != 'instance_1'

é¢„æœŸ:'instance_1'
å®é™…:None
<ç‚¹å‡»ä»¥æŸ¥çœ‹å·®å¼‚>

/home/tony/project/config_manager/tests/01_unit_tests/test_config_manager/test_tc0012_001_test_mode.py:292: in test_tc0012_001_010_multiple_test_instances
    assert cfg1.get('instance_id') == "instance_1"
E   assert None == 'instance_1'
E    +  where None = get('instance_id')
E    +    where get = ConfigManager({'project_name': 'test_project', 'first_start_time': '2025-01-07T18:15:20', 'test_mode': True, 'concurrency': 5, 'timeout': 30, 'proxy': ConfigNode({'http': 'http://localhost:3213', 'https': 'https://localhost:3214', 'url': 'http://proxy.example.com:8080'}), 'headers': ConfigNode({'Accept': 'text/html,application/xhtml+xml', 'Content_Type': 'application/json'}), 'url_validation': ConfigNode({'level2_pattern': '^https?://[^/]+/chapter/\\d+$', 'exclude_image_patterns': ['\\.jpg$', '\\.png$', '\\.gif$']}), 'base_dir': '/tmp/tests/20250607/103000/b9a7c5a5', 'work_dir': '/tmp/original/work/path', 'log_dir': '/tmp/original/log/path', 'config_file_path': '/mnt/ntfs/ubuntu_data/NutstoreFiles/invest2025/project/config_manager/src/config/config.yaml', 'experiment_name': 'experiment_name', 'paths': ConfigNode({'work_dir': '/tmp/original/base/path/test_project/experiment_name', 'checkpoint_dir': '/tmp/original/base/path/test_project/experiment_name/checkpoint', 'best_checkpoint_dir': '/tmp/original/base/path/test_project/experiment_name/checkpoint/best', 'debug_dir': '/tmp/original/base/path/test_project/experiment_name/debug', 'tensorboard_dir': '/tmp/original/base/path/test_project/experiment_name/tensorboard', 'tsb_logs_dir': '/tmp/original/base/path/test_project/experiment_name/tsb_logs/2025/02/01/07/181520', 'log_dir': '/tmp/original/base/path/test_project/experiment_name/logs/20250107/181520', 'backup_dir': '/tmp/original/base/path/test_project/experiment_name/backup/20250107/181520'}), 'missing_config_error': "\u914d\u7f6e\u6587\u4ef6\u4e2d\u7f3a\u5c11 'titls' \u914d\u7f6e\u9879", 'test_async_value': 'async_test_data', 'scheduler_status': 'running', 'scheduler_start_time': '2025-07-19T02:11:54.420678', 'scheduler_progress': 'completed', '__type_hints__': ConfigNode({'first_start_time': 'datetime'}), 'test_backup_isolation': 'production_value'}).get
âœ“ å·²æ¸…ç†å½“å‰æµ‹è¯•ç¯å¢ƒ: /tmp/tests/20250720/100136_15d5f150
é…ç½®å·²è‡ªåŠ¨å¤‡ä»½åˆ° /tmp/original/base/path/test_project/experiment_name/backup/20250107/181520/config_20250607_113000.yaml
FAILED [ 29%]é…ç½®å·²ä» /mnt/ntfs/ubuntu_data/NutstoreFiles/invest2025/project/config_manager/src/config/config.yaml åŠ è½½
é…ç½®æ–‡ä»¶ç›‘è§†å™¨å·²å¯åŠ¨
ğŸ“Š è‡ªåŠ¨ä¿å­˜è°ƒåº¦é¢‘ç‡è®¡æ•°: 1
é…ç½®å·²è‡ªåŠ¨å¤‡ä»½åˆ° /tmp/original/base/path/test_project/experiment_name/backup/20250107/100000/config_20250107_100000.yaml
âš ï¸  æµ‹è¯•æ¨¡å¼ï¼šæ¸…ç†ç°æœ‰ç”Ÿäº§æ¨¡å¼å®ä¾‹
é…ç½®å·²è‡ªåŠ¨å¤‡ä»½åˆ° /tmp/original/base/path/test_project/experiment_name/backup/20250107/100000/config_20250107_100000.yaml
é…ç½®å·²è‡ªåŠ¨å¤‡ä»½åˆ° /tmp/original/base/path/test_project/experiment_name/backup/20250107/100000/config_20250107_100000.yaml
âœ“ åŸºäºå½“å‰å·¥ä½œç›®å½•ç”Ÿæˆæµ‹è¯•è·¯å¾„: /tmp/tests/20250720/100137/b9a7c5a5
âœ“ å¼€å§‹æ‰§è¡Œè·¯å¾„æ›¿æ¢ï¼Œtest_base_dir: /tmp/tests/20250720/100137/b9a7c5a5, temp_base: /tmp
âœ“ åŸºäºå½“å‰å·¥ä½œç›®å½•ç”Ÿæˆæµ‹è¯•è·¯å¾„: /mnt/ntfs/ubuntu_data/NutstoreFiles/invest2025/project/config_manager/tests
âœ“ åŸºäºå½“å‰å·¥ä½œç›®å½•ç”Ÿæˆæµ‹è¯•è·¯å¾„: /tmp/tests/20250107/100000/b9a7c5a5
âœ“ å¼€å§‹æ‰§è¡Œè·¯å¾„æ›¿æ¢ï¼Œtest_base_dir: /tmp/tests/20250107/100000/b9a7c5a5, temp_base: /tmp
âœ“ å¼€å§‹æ‰§è¡Œè·¯å¾„æ›¿æ¢ï¼Œtest_base_dir: /tmp/tests/20250107/100000/b9a7c5a5, temp_base: /tmp
âœ“ æ£€æµ‹åˆ°ç”Ÿäº§é…ç½®: /mnt/ntfs/ubuntu_data/NutstoreFiles/invest2025/project/config_manager/src/config/config.yaml
âœ“ å·²ä»ç”Ÿäº§ç¯å¢ƒå¤åˆ¶é…ç½®: /mnt/ntfs/ubuntu_data/NutstoreFiles/invest2025/project/config_manager/src/config/config.yaml -> /tmp/tests/20250107/100000/b9a7c5a5/src/config/config.yaml
âœ“ ä½¿ç”¨ä¼ å…¥çš„first_start_time: 2025-01-07 10:00:00
âœ“ å¼€å§‹æ‰§è¡Œè·¯å¾„æ›¿æ¢ï¼Œtest_base_dir: /tmp/tests/20250107/100000/b9a7c5a5, temp_base: /tmp
é…ç½®å·²ä» /tmp/tests/20250107/100000/b9a7c5a5/src/config/config.yaml åŠ è½½
ç§»é™¤é¡¶å±‚é‡å¤é”®: ['project_name', 'base_dir', 'first_start_time', 'config_file_path']
ğŸ“Š è‡ªåŠ¨ä¿å­˜è°ƒåº¦é¢‘ç‡è®¡æ•°: 1
ç§»é™¤é¡¶å±‚é‡å¤é”®: ['project_name', 'base_dir', 'first_start_time', 'config_file_path']
é…ç½®å·²è‡ªåŠ¨å¤‡ä»½åˆ° /tmp/tests/20250107/100000/b9a7c5a5/test_project/experiment_name/backup/20250107/100000/config_20250107_100000.yaml
ç§»é™¤é¡¶å±‚é‡å¤é”®: ['project_name', 'base_dir', 'first_start_time', 'config_file_path']
é…ç½®å·²è‡ªåŠ¨å¤‡ä»½åˆ° /tmp/tests/20250107/100000/b9a7c5a5/test_project/experiment_name/backup/20250107/100000/config_20250107_100000.yaml
ç”Ÿäº§ç¯å¢ƒå®é™…å¤‡ä»½è·¯å¾„: /tmp/original/base/path/test_project/experiment_name/backup/20250107/100000/config_20250107_100000.yaml
æµ‹è¯•ç¯å¢ƒå®é™…å¤‡ä»½è·¯å¾„: /tmp/tests/20250107/100000/b9a7c5a5/test_project/experiment_name/backup/20250107/100000/config_20250107_100000.yaml

tests/01_unit_tests/test_config_manager/test_tc0012_004_backup_isolation.py:51 (TestTC0012004BackupIsolation.test_tc0012_004_002_backup_file_creation_isolation)
'test_value' != ('__data__:\n'
 '  project_name: test_project\n'
 "  first_start_time: '2025-01-07T18:15:20'\n"
 '  test_mode: true\n'
 '  concurrency: 5\n'
 '  timeout: 30\n'
 '  proxy:\n'
 '    http: http://localhost:3213\n'
 '    https: https://localhost:3214\n'
 '    url: http://proxy.example.com:8080\n'
 '  headers:\n'
 '    Accept: text/html,application/xhtml+xml\n'
 '    Content_Type: application/json\n'
 '  url_validation:\n'
 '    level2_pattern: ^https?://[^/]+/chapter/\\d+$\n'
 '    exclude_image_patterns:\n'
 '      - \\.jpg$\n'
 '      - \\.png$\n'
 '      - \\.gif$\n'
 '  base_dir: /tmp/tests/20250107/100000/b9a7c5a5\n'
 '  work_dir: /tmp/original/work/path\n'
 '  log_dir: /tmp/original/log/path\n'
 '  config_file_path: \n'
 '    '
 '/mnt/ntfs/ubuntu_data/NutstoreFiles/invest2025/project/config_manager/src/config/config.yaml\n'
 '  experiment_name: experiment_name\n'
 '  paths:\n'
 '    work_dir: /tmp/original/base/path/test_project/experiment_name\n'
 '    checkpoint_dir: '
 '/tmp/original/base/path/test_project/experiment_name/checkpoint\n'
 '    best_checkpoint_dir: '
 '/tmp/original/base/path/test_project/experiment_name/checkpoint/best\n'
 '    debug_dir: /tmp/original/base/path/test_project/experiment_name/debug\n'
 '    tensorboard_dir: '
 '/tmp/original/base/path/test_project/experiment_name/tensorboard\n'
 '    tsb_logs_dir: \n'
 '      '
 '/tmp/original/base/path/test_project/experiment_name/tsb_logs/2025/02/01/07/181520\n'
 '    log_dir: '
 '/tmp/original/base/path/test_project/experiment_name/logs/20250107/181520\n'
 '    backup_dir: '
 '/tmp/original/base/path/test_project/experiment_name/backup/20250107/181520\n'
 "  missing_config_error: é…ç½®æ–‡ä»¶ä¸­ç¼ºå°‘ 'titls' é…ç½®é¡¹\n"
 '  test_async_value: async_test_data\n'
 '  scheduler_status: running\n'
 "  scheduler_start_time: '2025-07-19T02:11:54.420678'\n"
 '  scheduler_progress: completed\n'
 '  __type_hints__:\n'
 '    first_start_time: datetime\n'
 '  test_backup_isolation: production_value\n'
 '__type_hints__: {}\n')

<ç‚¹å‡»ä»¥æŸ¥çœ‹å·®å¼‚>

/home/tony/project/config_manager/tests/01_unit_tests/test_config_manager/test_tc0012_004_backup_isolation.py:91: in test_tc0012_004_002_backup_file_creation_isolation
    assert "test_value" in test_content
E   assert 'test_value' in "__data__:\n  project_name: test_project\n  first_start_time: '2025-01-07T18:15:20'\n  test_mode: true\n  concurrency: 5\n  timeout: 30\n  proxy:\n    http: http://localhost:3213\n    https: https://localhost:3214\n    url: http://proxy.example.com:8080\n  headers:\n    Accept: text/html,application/xhtml+xml\n    Content_Type: application/json\n  url_validation:\n    level2_pattern: ^https?://[^/]+/chapter/\\d+$\n    exclude_image_patterns:\n      - \\.jpg$\n      - \\.png$\n      - \\.gif$\n  base_dir: /tmp/tests/20250107/100000/b9a7c5a5\n  work_dir: /tmp/original/work/path\n  log_dir: /tmp/original/log/path\n  config_file_path: \n    /mnt/ntfs/ubuntu_data/NutstoreFiles/invest2025/project/config_manager/src/config/config.yaml\n  experiment_name: experiment_name\n  paths:\n    work_dir: /tmp/original/base/path/test_project/experiment_name\n    checkpoint_dir: /tmp/original/base/path/test_project/experiment_name/checkpoint\n    best_checkpoint_dir: /tmp/original/base/path/test_project/experiment_name/checkpoint/best\n    debug_dir: /tmp/original/base/path/test_project/experiment_name/debug\n    tensorboard_dir: /tmp/original/base/path/test_project/experiment_name/tensorboard\n    tsb_logs_dir: \n      /tmp/original/base/path/test_project/experiment_name/tsb_logs/2025/02/01/07/181520\n    log_dir: /tmp/original/base/path/test_project/experiment_name/logs/20250107/181520\n    backup_dir: /tmp/original/base/path/test_project/experiment_name/backup/20250107/181520\n  missing_config_error: \u914d\u7f6e\u6587\u4ef6\u4e2d\u7f3a\u5c11 'titls' \u914d\u7f6e\u9879\n  test_async_value: async_test_data\n  scheduler_status: running\n  scheduler_start_time: '2025-07-19T02:11:54.420678'\n  scheduler_progress: completed\n  __type_hints__:\n    first_start_time: datetime\n  test_backup_isolation: production_value\n__type_hints__: {}\n"
ç§»é™¤é¡¶å±‚é‡å¤é”®: ['project_name', 'base_dir', 'first_start_time', 'config_file_path']
é…ç½®å·²è‡ªåŠ¨å¤‡ä»½åˆ° /tmp/tests/20250107/100000/b9a7c5a5/test_project/experiment_name/backup/20250107/100000/config_20250107_100000.yaml
FAILED [ 32%]âœ“ åŸºäºå½“å‰å·¥ä½œç›®å½•ç”Ÿæˆæµ‹è¯•è·¯å¾„: /tmp/tests/20250720/100137/b9a7c5a5
âœ“ å¼€å§‹æ‰§è¡Œè·¯å¾„æ›¿æ¢ï¼Œtest_base_dir: /tmp/tests/20250720/100137/b9a7c5a5, temp_base: /tmp
âœ“ åŸºäºå½“å‰å·¥ä½œç›®å½•ç”Ÿæˆæµ‹è¯•è·¯å¾„: /mnt/ntfs/ubuntu_data/NutstoreFiles/invest2025/project/config_manager/tests
âœ“ åŸºäºå½“å‰å·¥ä½œç›®å½•ç”Ÿæˆæµ‹è¯•è·¯å¾„: /tmp/tests/20250107/100000/b9a7c5a5
âœ“ å¼€å§‹æ‰§è¡Œè·¯å¾„æ›¿æ¢ï¼Œtest_base_dir: /tmp/tests/20250107/100000/b9a7c5a5, temp_base: /tmp
âœ“ å¼€å§‹æ‰§è¡Œè·¯å¾„æ›¿æ¢ï¼Œtest_base_dir: /tmp/tests/20250107/100000/b9a7c5a5, temp_base: /tmp
âœ“ æ£€æµ‹åˆ°ç”Ÿäº§é…ç½®: /mnt/ntfs/ubuntu_data/NutstoreFiles/invest2025/project/config_manager/src/config/config.yaml
âœ“ å·²ä»ç”Ÿäº§ç¯å¢ƒå¤åˆ¶é…ç½®: /mnt/ntfs/ubuntu_data/NutstoreFiles/invest2025/project/config_manager/src/config/config.yaml -> /tmp/tests/20250107/100000/b9a7c5a5/src/config/config.yaml
âœ“ ä½¿ç”¨ä¼ å…¥çš„first_start_time: 2025-01-07 10:00:00
âœ“ å¼€å§‹æ‰§è¡Œè·¯å¾„æ›¿æ¢ï¼Œtest_base_dir: /tmp/tests/20250107/100000/b9a7c5a5, temp_base: /tmp
é…ç½®å·²ä» /tmp/tests/20250107/100000/b9a7c5a5/src/config/config.yaml åŠ è½½
ç§»é™¤é¡¶å±‚é‡å¤é”®: ['project_name', 'base_dir', 'first_start_time', 'config_file_path']
âœ“ åŸºäºå½“å‰å·¥ä½œç›®å½•ç”Ÿæˆæµ‹è¯•è·¯å¾„: /tmp/tests/20250720/100137/b9a7c5a5
âœ“ å¼€å§‹æ‰§è¡Œè·¯å¾„æ›¿æ¢ï¼Œtest_base_dir: /tmp/tests/20250720/100137/b9a7c5a5, temp_base: /tmp
âœ“ åŸºäºå½“å‰å·¥ä½œç›®å½•ç”Ÿæˆæµ‹è¯•è·¯å¾„: /mnt/ntfs/ubuntu_data/NutstoreFiles/invest2025/project/config_manager/tests
âœ“ åŸºäºå½“å‰å·¥ä½œç›®å½•ç”Ÿæˆæµ‹è¯•è·¯å¾„: /tmp/tests/20250107/110000/b9a7c5a5
âœ“ å¼€å§‹æ‰§è¡Œè·¯å¾„æ›¿æ¢ï¼Œtest_base_dir: /tmp/tests/20250107/110000/b9a7c5a5, temp_base: /tmp
âœ“ å¼€å§‹æ‰§è¡Œè·¯å¾„æ›¿æ¢ï¼Œtest_base_dir: /tmp/tests/20250107/110000/b9a7c5a5, temp_base: /tmp
âœ“ æ£€æµ‹åˆ°ç”Ÿäº§é…ç½®: /mnt/ntfs/ubuntu_data/NutstoreFiles/invest2025/project/config_manager/src/config/config.yaml
âœ“ å·²ä»ç”Ÿäº§ç¯å¢ƒå¤åˆ¶é…ç½®: /mnt/ntfs/ubuntu_data/NutstoreFiles/invest2025/project/config_manager/src/config/config.yaml -> /tmp/tests/20250107/110000/b9a7c5a5/src/config/config.yaml
âœ“ ä½¿ç”¨ä¼ å…¥çš„first_start_time: 2025-01-07 11:00:00
âœ“ å¼€å§‹æ‰§è¡Œè·¯å¾„æ›¿æ¢ï¼Œtest_base_dir: /tmp/tests/20250107/110000/b9a7c5a5, temp_base: /tmp
é…ç½®å·²ä» /tmp/tests/20250107/110000/b9a7c5a5/src/config/config.yaml åŠ è½½
ç§»é™¤é¡¶å±‚é‡å¤é”®: ['project_name', 'base_dir', 'first_start_time', 'config_file_path']
ğŸ“Š è‡ªåŠ¨ä¿å­˜è°ƒåº¦é¢‘ç‡è®¡æ•°: 1
ğŸ“Š è‡ªåŠ¨ä¿å­˜è°ƒåº¦é¢‘ç‡è®¡æ•°: 1
ç§»é™¤é¡¶å±‚é‡å¤é”®: ['project_name', 'base_dir', 'first_start_time', 'config_file_path']ç§»é™¤é¡¶å±‚é‡å¤é”®: ['project_name', 'base_dir', 'first_start_time', 'config_file_path']

é…ç½®å·²è‡ªåŠ¨å¤‡ä»½åˆ° /tmp/tests/20250107/110000/b9a7c5a5/test_project/experiment_name/backup/20250107/110000/config_20250107_110000.yaml
é…ç½®å·²è‡ªåŠ¨å¤‡ä»½åˆ° /tmp/tests/20250107/100000/b9a7c5a5/test_project/experiment_name/backup/20250107/100000/config_20250107_100000.yaml

tests/01_unit_tests/test_config_manager/test_tc0012_004_backup_isolation.py:127 (TestTC0012004BackupIsolation.test_tc0012_004_004_multiple_test_instances_backup_isolation)
'instance1_value' != ('__data__:\n'
 '  project_name: test_project\n'
 "  first_start_time: '2025-01-07T18:15:20'\n"
 '  test_mode: true\n'
 '  concurrency: 5\n'
 '  timeout: 30\n'
 '  proxy:\n'
 '    http: http://localhost:3213\n'
 '    https: https://localhost:3214\n'
 '    url: http://proxy.example.com:8080\n'
 '  headers:\n'
 '    Accept: text/html,application/xhtml+xml\n'
 '    Content_Type: application/json\n'
 '  url_validation:\n'
 '    level2_pattern: ^https?://[^/]+/chapter/\\d+$\n'
 '    exclude_image_patterns:\n'
 '      - \\.jpg$\n'
 '      - \\.png$\n'
 '      - \\.gif$\n'
 '  base_dir: /tmp/tests/20250107/100000/b9a7c5a5\n'
 '  work_dir: /tmp/original/work/path\n'
 '  log_dir: /tmp/original/log/path\n'
 '  config_file_path: \n'
 '    '
 '/mnt/ntfs/ubuntu_data/NutstoreFiles/invest2025/project/config_manager/src/config/config.yaml\n'
 '  experiment_name: experiment_name\n'
 '  paths:\n'
 '    work_dir: /tmp/original/base/path/test_project/experiment_name\n'
 '    checkpoint_dir: '
 '/tmp/original/base/path/test_project/experiment_name/checkpoint\n'
 '    best_checkpoint_dir: '
 '/tmp/original/base/path/test_project/experiment_name/checkpoint/best\n'
 '    debug_dir: /tmp/original/base/path/test_project/experiment_name/debug\n'
 '    tensorboard_dir: '
 '/tmp/original/base/path/test_project/experiment_name/tensorboard\n'
 '    tsb_logs_dir: \n'
 '      '
 '/tmp/original/base/path/test_project/experiment_name/tsb_logs/2025/02/01/07/181520\n'
 '    log_dir: '
 '/tmp/original/base/path/test_project/experiment_name/logs/20250107/181520\n'
 '    backup_dir: '
 '/tmp/original/base/path/test_project/experiment_name/backup/20250107/181520\n'
 "  missing_config_error: é…ç½®æ–‡ä»¶ä¸­ç¼ºå°‘ 'titls' é…ç½®é¡¹\n"
 '  test_async_value: async_test_data\n'
 '  scheduler_status: running\n'
 "  scheduler_start_time: '2025-07-19T02:11:54.420678'\n"
 '  scheduler_progress: completed\n'
 '  __type_hints__:\n'
 '    first_start_time: datetime\n'
 '  test_backup_isolation: production_value\n'
 '__type_hints__: {}\n')

<ç‚¹å‡»ä»¥æŸ¥çœ‹å·®å¼‚>

/home/tony/project/config_manager/tests/01_unit_tests/test_config_manager/test_tc0012_004_backup_isolation.py:167: in test_tc0012_004_004_multiple_test_instances_backup_isolation
    assert "instance1_value" in content1
E   assert 'instance1_value' in "__data__:\n  project_name: test_project\n  first_start_time: '2025-01-07T18:15:20'\n  test_mode: true\n  concurrency: 5\n  timeout: 30\n  proxy:\n    http: http://localhost:3213\n    https: https://localhost:3214\n    url: http://proxy.example.com:8080\n  headers:\n    Accept: text/html,application/xhtml+xml\n    Content_Type: application/json\n  url_validation:\n    level2_pattern: ^https?://[^/]+/chapter/\\d+$\n    exclude_image_patterns:\n      - \\.jpg$\n      - \\.png$\n      - \\.gif$\n  base_dir: /tmp/tests/20250107/100000/b9a7c5a5\n  work_dir: /tmp/original/work/path\n  log_dir: /tmp/original/log/path\n  config_file_path: \n    /mnt/ntfs/ubuntu_data/NutstoreFiles/invest2025/project/config_manager/src/config/config.yaml\n  experiment_name: experiment_name\n  paths:\n    work_dir: /tmp/original/base/path/test_project/experiment_name\n    checkpoint_dir: /tmp/original/base/path/test_project/experiment_name/checkpoint\n    best_checkpoint_dir: /tmp/original/base/path/test_project/experiment_name/checkpoint/best\n    debug_dir: /tmp/original/base/path/test_project/experiment_name/debug\n    tensorboard_dir: /tmp/original/base/path/test_project/experiment_name/tensorboard\n    tsb_logs_dir: \n      /tmp/original/base/path/test_project/experiment_name/tsb_logs/2025/02/01/07/181520\n    log_dir: /tmp/original/base/path/test_project/experiment_name/logs/20250107/181520\n    backup_dir: /tmp/original/base/path/test_project/experiment_name/backup/20250107/181520\n  missing_config_error: \u914d\u7f6e\u6587\u4ef6\u4e2d\u7f3a\u5c11 'titls' \u914d\u7f6e\u9879\n  test_async_value: async_test_data\n  scheduler_status: running\n  scheduler_start_time: '2025-07-19T02:11:54.420678'\n  scheduler_progress: completed\n  __type_hints__:\n    first_start_time: datetime\n  test_backup_isolation: production_value\n__type_hints__: {}\n"
ç§»é™¤é¡¶å±‚é‡å¤é”®: ['project_name', 'base_dir', 'first_start_time', 'config_file_path']
é…ç½®å·²è‡ªåŠ¨å¤‡ä»½åˆ° /tmp/tests/20250107/100000/b9a7c5a5/test_project/experiment_name/backup/20250107/100000/config_20250107_100000.yaml
ç§»é™¤é¡¶å±‚é‡å¤é”®: ['project_name', 'base_dir', 'first_start_time', 'config_file_path']
é…ç½®å·²è‡ªåŠ¨å¤‡ä»½åˆ° /tmp/tests/20250107/110000/b9a7c5a5/test_project/experiment_name/backup/20250107/110000/config_20250107_110000.yaml
FAILED [ 35%]é…ç½®å·²ä» /mnt/ntfs/ubuntu_data/NutstoreFiles/invest2025/project/config_manager/src/config/config.yaml åŠ è½½
é…ç½®æ–‡ä»¶ç›‘è§†å™¨å·²å¯åŠ¨

../../../../mnt/ntfs/ubuntu_data/NutstoreFiles/invest2025/project/config_manager/tests/01_unit_tests/test_config_manager/test_tc0012_005_project_name_timestamp.py:20 (TestTC0012005ProjectNameTimestamp.test_tc0012_005_001_project_name_from_config)
'test_project' != 'project_name'

é¢„æœŸ:'project_name'
å®é™…:'test_project'
<ç‚¹å‡»ä»¥æŸ¥çœ‹å·®å¼‚>

01_unit_tests/test_config_manager/test_tc0012_005_project_name_timestamp.py:28: in test_tc0012_005_001_project_name_from_config
    assert project_name == 'project_name', f"æœŸæœ›project_nameä¸º'project_name'ï¼Œå®é™…: {project_name}"
E   AssertionError: æœŸæœ›project_nameä¸º'project_name'ï¼Œå®é™…: test_project
E   assert 'test_project' == 'project_name'
E
E     - project_name
E     + test_project
é…ç½®å·²è‡ªåŠ¨å¤‡ä»½åˆ° /tmp/original/base/path/test_project/experiment_name/backup/20250107/181520/config_20250107_181520.yaml
FAILED [ 38%]âœ“ åŸºäºå½“å‰å·¥ä½œç›®å½•ç”Ÿæˆæµ‹è¯•è·¯å¾„: /mnt/ntfs/ubuntu_data/NutstoreFiles/invest2025/project/config_manager/tests
âœ“ åŸºäºå½“å‰å·¥ä½œç›®å½•ç”Ÿæˆæµ‹è¯•è·¯å¾„: /tmp/tests/20250720/100139/b9a7c5a5
âœ“ å¼€å§‹æ‰§è¡Œè·¯å¾„æ›¿æ¢ï¼Œtest_base_dir: /tmp/tests/20250720/100139/b9a7c5a5, temp_base: /tmp
âœ“ å¼€å§‹æ‰§è¡Œè·¯å¾„æ›¿æ¢ï¼Œtest_base_dir: /tmp/tests/20250720/100139/b9a7c5a5, temp_base: /tmp
âœ“ å·²ä»è‡ªå®šä¹‰é…ç½®å¤åˆ¶: /tmp/tmp9uqy901f.yaml -> /tmp/tests/20250720/100139/b9a7c5a5/src/config/config.yaml
âœ“ ä½¿ç”¨å½“å‰æ—¶é—´ä½œä¸ºfirst_start_time: 2025-07-20 10:01:39.538285
âœ“ å¼€å§‹æ‰§è¡Œè·¯å¾„æ›¿æ¢ï¼Œtest_base_dir: /tmp/tests/20250720/100139/b9a7c5a5, temp_base: /tmp
é…ç½®å·²ä» /tmp/tests/20250720/100139/b9a7c5a5/src/config/config.yaml åŠ è½½
ç§»é™¤é¡¶å±‚é‡å¤é”®: ['project_name', 'experiment_name', 'base_dir', 'first_start_time', 'config_file_path']
ğŸ“Š è‡ªåŠ¨ä¿å­˜è°ƒåº¦é¢‘ç‡è®¡æ•°: 1
ğŸ“Š è‡ªåŠ¨ä¿å­˜è°ƒåº¦é¢‘ç‡è®¡æ•°: 2
ç§»é™¤é¡¶å±‚é‡å¤é”®: ['project_name', 'experiment_name', 'base_dir', 'first_start_time', 'config_file_path']
é…ç½®å·²è‡ªåŠ¨å¤‡ä»½åˆ° /tmp/tests/20250720/100139/b9a7c5a5/autosave_test/post_init_test/backup/20250720/100139/config_20250720_100139.yaml

tests/01_unit_tests/test_config_manager/test_tc0014_001_single_save_mechanism.py:67 (TestTC0014001SingleSaveMechanism.test_tc0014_001_002_post_initialization_autosave_works)
'post_init_test_value' != {}

é¢„æœŸ:{}
å®é™…:'post_init_test_value'
<ç‚¹å‡»ä»¥æŸ¥çœ‹å·®å¼‚>

/home/tony/project/config_manager/tests/01_unit_tests/test_config_manager/test_tc0014_001_single_save_mechanism.py:112: in test_tc0014_001_002_post_initialization_autosave_works
    assert 'post_init_test_value' in saved_data, f"å€¼åº”è¯¥è¢«ä¿å­˜åˆ°é…ç½®æ–‡ä»¶ä¸­ï¼Œå½“å‰é…ç½®: {saved_data}"
E   AssertionError: å€¼åº”è¯¥è¢«ä¿å­˜åˆ°é…ç½®æ–‡ä»¶ä¸­ï¼Œå½“å‰é…ç½®: {}
E   assert 'post_init_test_value' in {}
ç§»é™¤é¡¶å±‚é‡å¤é”®: ['project_name', 'experiment_name', 'base_dir', 'first_start_time', 'config_file_path']
é…ç½®å·²è‡ªåŠ¨å¤‡ä»½åˆ° /tmp/tests/20250720/100139/b9a7c5a5/autosave_test/post_init_test/backup/20250720/100139/config_20250720_100139.yaml

../../../../../../../../home/tony/project/config_manager/tests/01_unit_tests/test_config_manager/test_tc0014_001_yaml_anchor_alias_duplication.py::TestYamlAnchorAliasDuplication::test_complex_anchor_alias_scenario
../../../../../../../../home/tony/project/config_manager/tests/test_config_manager/test_tc0001_001_basic_operations.py::test_tc0001_001_004_config_persistence FAILED [ 41%]âœ“ åŸºäºå½“å‰å·¥ä½œç›®å½•ç”Ÿæˆæµ‹è¯•è·¯å¾„: /mnt/ntfs/ubuntu_data/NutstoreFiles/invest2025/project/config_manager/tests
âœ“ åŸºäºå½“å‰å·¥ä½œç›®å½•ç”Ÿæˆæµ‹è¯•è·¯å¾„: /tmp/tests/20250720/100139/b9a7c5a5
âœ“ å¼€å§‹æ‰§è¡Œè·¯å¾„æ›¿æ¢ï¼Œtest_base_dir: /tmp/tests/20250720/100139/b9a7c5a5, temp_base: /tmp
âœ“ å¼€å§‹æ‰§è¡Œè·¯å¾„æ›¿æ¢ï¼Œtest_base_dir: /tmp/tests/20250720/100139/b9a7c5a5, temp_base: /tmp
âœ“ å·²ä»è‡ªå®šä¹‰é…ç½®å¤åˆ¶: /tmp/tmpxyv7qw_1/test_config.yaml -> /tmp/tests/20250720/100139/b9a7c5a5/src/config/config.yaml
âœ“ ä½¿ç”¨å½“å‰æ—¶é—´ä½œä¸ºfirst_start_time: 2025-07-20 10:01:39.894000
âœ“ å¼€å§‹æ‰§è¡Œè·¯å¾„æ›¿æ¢ï¼Œtest_base_dir: /tmp/tests/20250720/100139/b9a7c5a5, temp_base: /tmp
é…ç½®å·²ä» /tmp/tests/20250720/100139/b9a7c5a5/src/config/config.yaml åŠ è½½
ç§»é™¤é¡¶å±‚é‡å¤é”®: ['base_dir', 'first_start_time', 'config_file_path']
ç§»é™¤é¡¶å±‚é‡å¤é”®: ['base_dir', 'first_start_time', 'config_file_path']
é…ç½®å·²è‡ªåŠ¨å¤‡ä»½åˆ° /tmp/tests/20250720/100139/b9a7c5a5/test_project/test_experiment/backup/20250720/100139/config_20250720_100139.yaml
ä¿®æ”¹åä¿å­˜çš„å†…å®¹ï¼š
__data__:
  base_config: &default_config
    timeout: 30
    retries: 3
    debug: false
  base_dir: /tmp/tests/20250720/100139/b9a7c5a5
__type_hints__: {}

# ä½¿ç”¨åˆ«åå¼•ç”¨
service_a:
  config: *default_config
service_b:
  config: *default_config

âœ“ åŸºäºå½“å‰å·¥ä½œç›®å½•ç”Ÿæˆæµ‹è¯•è·¯å¾„: /mnt/ntfs/ubuntu_data/NutstoreFiles/invest2025/project/config_manager/tests
âœ“ åŸºäºå½“å‰å·¥ä½œç›®å½•ç”Ÿæˆæµ‹è¯•è·¯å¾„: /tmp/tests/20250720/100140/b9a7c5a5
âœ“ å¼€å§‹æ‰§è¡Œè·¯å¾„æ›¿æ¢ï¼Œtest_base_dir: /tmp/tests/20250720/100140/b9a7c5a5, temp_base: /tmp
âœ“ å¼€å§‹æ‰§è¡Œè·¯å¾„æ›¿æ¢ï¼Œtest_base_dir: /tmp/tests/20250720/100140/b9a7c5a5, temp_base: /tmp
âœ“ å·²ä»è‡ªå®šä¹‰é…ç½®å¤åˆ¶: /tmp/tmpxyv7qw_1/test_config.yaml -> /tmp/tests/20250720/100140/b9a7c5a5/src/config/config.yaml
âœ“ ä½¿ç”¨å½“å‰æ—¶é—´ä½œä¸ºfirst_start_time: 2025-07-20 10:01:40.012980
âœ“ å¼€å§‹æ‰§è¡Œè·¯å¾„æ›¿æ¢ï¼Œtest_base_dir: /tmp/tests/20250720/100140/b9a7c5a5, temp_base: /tmp
é…ç½®å·²ä» /tmp/tests/20250720/100140/b9a7c5a5/src/config/config.yaml åŠ è½½
ç§»é™¤é¡¶å±‚é‡å¤é”®: ['base_dir', 'first_start_time', 'config_file_path']
service_a timeout: None
service_b timeout: None

âŒ å‘ç°é‡å¤çš„é”®ï¼š
  é”® 'config' é‡å¤:
    ç¬¬ 11 è¡Œ: config: *default_config
    ç¬¬ 13 è¡Œ: config: *default_config

tests/01_unit_tests/test_config_manager/test_tc0014_001_yaml_anchor_alias_duplication.py:96 (TestYamlAnchorAliasDuplication.test_anchor_alias_modification_behavior)
/home/tony/project/config_manager/tests/01_unit_tests/test_config_manager/test_tc0014_001_yaml_anchor_alias_duplication.py:156: in test_anchor_alias_modification_behavior
    self._check_for_duplicates(saved_content)
/home/tony/project/config_manager/tests/01_unit_tests/test_config_manager/test_tc0014_001_yaml_anchor_alias_duplication.py:206: in _check_for_duplicates
    assert False, f"å‘ç°é‡å¤çš„é”®: {duplicate_key_names}"
E   AssertionError: å‘ç°é‡å¤çš„é”®: ['config']
E   assert False
ç§»é™¤é¡¶å±‚é‡å¤é”®: ['base_dir', 'first_start_time', 'config_file_path']
é…ç½®å·²è‡ªåŠ¨å¤‡ä»½åˆ° /tmp/tests/20250720/100139/b9a7c5a5/test_project/test_experiment/backup/20250720/100139/config_20250720_100139.yaml
ç§»é™¤é¡¶å±‚é‡å¤é”®: ['base_dir', 'first_start_time', 'config_file_path']
é…ç½®å·²è‡ªåŠ¨å¤‡ä»½åˆ° /tmp/tests/20250720/100140/b9a7c5a5/test_project/test_experiment/backup/20250720/100140/config_20250720_100140.yaml
FAILED [ 44%]âœ“ åŸºäºå½“å‰å·¥ä½œç›®å½•ç”Ÿæˆæµ‹è¯•è·¯å¾„: /mnt/ntfs/ubuntu_data/NutstoreFiles/invest2025/project/config_manager/tests
âœ“ åŸºäºå½“å‰å·¥ä½œç›®å½•ç”Ÿæˆæµ‹è¯•è·¯å¾„: /tmp/tests/20250720/100140/b9a7c5a5
âœ“ å¼€å§‹æ‰§è¡Œè·¯å¾„æ›¿æ¢ï¼Œtest_base_dir: /tmp/tests/20250720/100140/b9a7c5a5, temp_base: /tmp
âœ“ å¼€å§‹æ‰§è¡Œè·¯å¾„æ›¿æ¢ï¼Œtest_base_dir: /tmp/tests/20250720/100140/b9a7c5a5, temp_base: /tmp
âœ“ å·²ä»è‡ªå®šä¹‰é…ç½®å¤åˆ¶: /tmp/tmp0h4wa4tn/complex_config.yaml -> /tmp/tests/20250720/100140/b9a7c5a5/src/config/config.yaml
âœ“ ä½¿ç”¨å½“å‰æ—¶é—´ä½œä¸ºfirst_start_time: 2025-07-20 10:01:40.139870
âœ“ å¼€å§‹æ‰§è¡Œè·¯å¾„æ›¿æ¢ï¼Œtest_base_dir: /tmp/tests/20250720/100140/b9a7c5a5, temp_base: /tmp
é…ç½®å·²ä» /tmp/tests/20250720/100140/b9a7c5a5/src/config/config.yaml åŠ è½½
ç§»é™¤é¡¶å±‚é‡å¤é”®: ['base_dir', 'first_start_time', 'config_file_path']

tests/01_unit_tests/test_config_manager/test_tc0014_001_yaml_anchor_alias_duplication.py:209 (TestYamlAnchorAliasDuplication.test_complex_anchor_alias_scenario)
None != 'localhost'

é¢„æœŸ:'localhost'
å®é™…:None
<ç‚¹å‡»ä»¥æŸ¥çœ‹å·®å¼‚>

/home/tony/project/config_manager/tests/01_unit_tests/test_config_manager/test_tc0014_001_yaml_anchor_alias_duplication.py:260: in test_complex_anchor_alias_scenario
    assert user_db_host == 'localhost'
E   AssertionError: assert None == 'localhost'
ç§»é™¤é¡¶å±‚é‡å¤é”®: ['base_dir', 'first_start_time', 'config_file_path']
é…ç½®å·²è‡ªåŠ¨å¤‡ä»½åˆ° /tmp/tests/20250720/100140/b9a7c5a5/test_project/test_experiment/backup/20250720/100140/config_20250720_100140.yaml

../../../../../../../../home/tony/project/config_manager/tests/test_config_manager/test_tc0002_001_autosave_feature.py::test_tc0002_001_001_autosave_basic
../../../../../../../../home/tony/project/config_manager/tests/test_config_manager/test_tc0002_001_autosave_feature.py::test_tc0002_001_002_multilevel_autosave
../../../../../../../../home/tony/project/config_manager/tests/test_config_manager/test_tc0002_001_autosave_feature.py::test_tc0002_001_005_first_start_time_persistence
../../../../../../../../home/tony/project/config_manager/tests/test_config_manager/test_tc0002_001_autosave_feature.py::test_tc0002_001_007_backup_directory_structure
../../../../../../../../home/tony/project/config_manager/tests/test_config_manager/test_tc0002_001_autosave_feature.py::test_tc0002_001_009_start_time_persistence_with_caller
../../../../../../../../home/tony/project/config_manager/tests/test_config_manager/test_tc0002_002_async_envs_scenario.py::test_tc0002_002_005_mock_real_scenario
../../../../../../../../home/tony/project/config_manager/tests/test_config_manager/test_tc0005_001_advanced_features.py::test_tc0005_001_006_backup_loading
../../../../../../../../home/tony/project/config_manager/tests/test_config_manager/test_tc0005_002_path_handling.py::test_tc0005_002_001_explicit_path_handling
../../../../../../../../home/tony/project/config_manager/tests/test_config_manager/test_tc0005_002_path_handling.py::test_tc0005_002_002_project_structure_path
../../../../../../../../home/tony/project/config_manager/tests/test_config_manager/test_tc0006_001_quick_verification.py::test_tc0006_001_001_basic_functionality
../../../../../../../../home/tony/project/config_manager/tests/test_config_manager/test_tc0006_001_quick_verification.py::test_tc0006_001_002_nested_dict_assignment
../../../../../../../../home/tony/project/config_manager/tests/test_config_manager/test_tc0007_001_reload_verification.py::test_tc0007_001_001_simple_reload
../../../../../../../../home/tony/project/config_manager/tests/test_config_manager/test_tc0007_001_reload_verification.py::test_tc0007_001_002_nested_reload
../../../../../../../../home/tony/project/config_manager/tests/test_config_manager/test_tc0007_001_reload_verification.py::test_tc0007_001_003_autosave_reload
../../../../../../../../home/tony/project/config_manager/tests/test_yaml_comments_preservation.py::test_yaml_comments_preservation <- ../../../../mnt/ntfs/ubuntu_data/NutstoreFiles/invest2025/project/config_manager/tests/test_yaml_comments_preservation.py FAILED [ 47%]âœ“ åŸºäºå½“å‰å·¥ä½œç›®å½•ç”Ÿæˆæµ‹è¯•è·¯å¾„: /mnt/ntfs/ubuntu_data/NutstoreFiles/invest2025/project/config_manager/tests
âœ“ åŸºäºå½“å‰å·¥ä½œç›®å½•ç”Ÿæˆæµ‹è¯•è·¯å¾„: /tmp/tests/20250720/100140/b9a7c5a5
âœ“ å¼€å§‹æ‰§è¡Œè·¯å¾„æ›¿æ¢ï¼Œtest_base_dir: /tmp/tests/20250720/100140/b9a7c5a5, temp_base: /tmp
âœ“ å¼€å§‹æ‰§è¡Œè·¯å¾„æ›¿æ¢ï¼Œtest_base_dir: /tmp/tests/20250720/100140/b9a7c5a5, temp_base: /tmp
âš ï¸  ç”Ÿäº§é…ç½®ä¸å­˜åœ¨ï¼Œå°è¯•æ›´å¹¿æ³›çš„æœç´¢...
å½“å‰å·¥ä½œç›®å½•: /mnt/ntfs/ubuntu_data/NutstoreFiles/invest2025/project/config_manager/tests
åœ¨å½“å‰ç›®å½•æœªæ‰¾åˆ°ï¼Œå‘ä¸ŠæŸ¥æ‰¾...
æŸ¥æ‰¾ç¬¬1çº§ä¸Šçº§ç›®å½•: /mnt/ntfs/ubuntu_data/NutstoreFiles/invest2025/project/config_manager
âœ“ åœ¨ä¸Šçº§ç›®å½•æ‰¾åˆ°é…ç½®æ–‡ä»¶: /mnt/ntfs/ubuntu_data/NutstoreFiles/invest2025/project/config_manager/src/config/config.yaml
æŸ¥æ‰¾ç¬¬2çº§ä¸Šçº§ç›®å½•: /mnt/ntfs/ubuntu_data/NutstoreFiles/invest2025/project/config_manager
âœ“ åœ¨ä¸Šçº§ç›®å½•æ‰¾åˆ°é…ç½®æ–‡ä»¶: /mnt/ntfs/ubuntu_data/NutstoreFiles/invest2025/project/config_manager/src/config/config.yaml
æŸ¥æ‰¾ç¬¬3çº§ä¸Šçº§ç›®å½•: /mnt/ntfs/ubuntu_data/NutstoreFiles/invest2025/project/config_manager
âœ“ åœ¨ä¸Šçº§ç›®å½•æ‰¾åˆ°é…ç½®æ–‡ä»¶: /mnt/ntfs/ubuntu_data/NutstoreFiles/invest2025/project/config_manager/src/config/config.yaml
æŸ¥æ‰¾ç¬¬4çº§ä¸Šçº§ç›®å½•: /mnt/ntfs/ubuntu_data/NutstoreFiles/invest2025/project/config_manager
âœ“ åœ¨ä¸Šçº§ç›®å½•æ‰¾åˆ°é…ç½®æ–‡ä»¶: /mnt/ntfs/ubuntu_data/NutstoreFiles/invest2025/project/config_manager/src/config/config.yaml
æŸ¥æ‰¾ç¬¬5çº§ä¸Šçº§ç›®å½•: /mnt/ntfs/ubuntu_data/NutstoreFiles/invest2025/project/config_manager
âœ“ åœ¨ä¸Šçº§ç›®å½•æ‰¾åˆ°é…ç½®æ–‡ä»¶: /mnt/ntfs/ubuntu_data/NutstoreFiles/invest2025/project/config_manager/src/config/config.yaml
âœ“ å·²ä»ç”Ÿäº§ç¯å¢ƒå¤åˆ¶é…ç½®: /mnt/ntfs/ubuntu_data/NutstoreFiles/invest2025/project/config_manager/src/config/config.yaml -> /tmp/tests/20250720/100140/b9a7c5a5/src/config/config.yaml
âœ“ ä½¿ç”¨å½“å‰æ—¶é—´ä½œä¸ºfirst_start_time: 2025-07-20 10:01:40.276088
âœ“ å¼€å§‹æ‰§è¡Œè·¯å¾„æ›¿æ¢ï¼Œtest_base_dir: /tmp/tests/20250720/100140/b9a7c5a5, temp_base: /tmp
é…ç½®å·²ä» /tmp/tests/20250720/100140/b9a7c5a5/src/config/config.yaml åŠ è½½
ç§»é™¤é¡¶å±‚é‡å¤é”®: ['project_name', 'base_dir', 'first_start_time', 'config_file_path']
ğŸ“Š è‡ªåŠ¨ä¿å­˜è°ƒåº¦é¢‘ç‡è®¡æ•°: 1
ç§»é™¤é¡¶å±‚é‡å¤é”®: ['project_name', 'base_dir', 'first_start_time', 'config_file_path']
é…ç½®å·²è‡ªåŠ¨å¤‡ä»½åˆ° /tmp/tests/20250720/100140/b9a7c5a5/test_project/experiment_name/backup/20250107/181520/config_20250107_181520.yaml
é…ç½®å·²ä» /tmp/tests/20250720/100140/b9a7c5a5/src/config/config.yaml åŠ è½½

tests/test_config_manager/test_tc0001_001_basic_operations.py:81 (test_tc0001_001_004_config_persistence)
None != 'save_me'

é¢„æœŸ:'save_me'
å®é™…:None
<ç‚¹å‡»ä»¥æŸ¥çœ‹å·®å¼‚>

/home/tony/project/config_manager/tests/test_config_manager/test_tc0001_001_basic_operations.py:104: in test_tc0001_001_004_config_persistence
    assert value == "save_me"
E   AssertionError: assert None == 'save_me'
é…ç½®å·²è‡ªåŠ¨å¤‡ä»½åˆ° /tmp/original/base/path/test_project/experiment_name/backup/20250107/181520/config_20250107_181520.yaml
FAILED [ 50%]âœ“ åŸºäºå½“å‰å·¥ä½œç›®å½•ç”Ÿæˆæµ‹è¯•è·¯å¾„: /mnt/ntfs/ubuntu_data/NutstoreFiles/invest2025/project/config_manager/tests
âœ“ åŸºäºå½“å‰å·¥ä½œç›®å½•ç”Ÿæˆæµ‹è¯•è·¯å¾„: /tmp/tests/20250720/100140/b9a7c5a5
âœ“ å¼€å§‹æ‰§è¡Œè·¯å¾„æ›¿æ¢ï¼Œtest_base_dir: /tmp/tests/20250720/100140/b9a7c5a5, temp_base: /tmp
âœ“ å¼€å§‹æ‰§è¡Œè·¯å¾„æ›¿æ¢ï¼Œtest_base_dir: /tmp/tests/20250720/100140/b9a7c5a5, temp_base: /tmp
âš ï¸  ç”Ÿäº§é…ç½®ä¸å­˜åœ¨ï¼Œå°è¯•æ›´å¹¿æ³›çš„æœç´¢...
å½“å‰å·¥ä½œç›®å½•: /mnt/ntfs/ubuntu_data/NutstoreFiles/invest2025/project/config_manager/tests
åœ¨å½“å‰ç›®å½•æœªæ‰¾åˆ°ï¼Œå‘ä¸ŠæŸ¥æ‰¾...
æŸ¥æ‰¾ç¬¬1çº§ä¸Šçº§ç›®å½•: /mnt/ntfs/ubuntu_data/NutstoreFiles/invest2025/project/config_manager
âœ“ åœ¨ä¸Šçº§ç›®å½•æ‰¾åˆ°é…ç½®æ–‡ä»¶: /mnt/ntfs/ubuntu_data/NutstoreFiles/invest2025/project/config_manager/src/config/config.yaml
æŸ¥æ‰¾ç¬¬2çº§ä¸Šçº§ç›®å½•: /mnt/ntfs/ubuntu_data/NutstoreFiles/invest2025/project/config_manager
âœ“ åœ¨ä¸Šçº§ç›®å½•æ‰¾åˆ°é…ç½®æ–‡ä»¶: /mnt/ntfs/ubuntu_data/NutstoreFiles/invest2025/project/config_manager/src/config/config.yaml
æŸ¥æ‰¾ç¬¬3çº§ä¸Šçº§ç›®å½•: /mnt/ntfs/ubuntu_data/NutstoreFiles/invest2025/project/config_manager
âœ“ åœ¨ä¸Šçº§ç›®å½•æ‰¾åˆ°é…ç½®æ–‡ä»¶: /mnt/ntfs/ubuntu_data/NutstoreFiles/invest2025/project/config_manager/src/config/config.yaml
æŸ¥æ‰¾ç¬¬4çº§ä¸Šçº§ç›®å½•: /mnt/ntfs/ubuntu_data/NutstoreFiles/invest2025/project/config_manager
âœ“ åœ¨ä¸Šçº§ç›®å½•æ‰¾åˆ°é…ç½®æ–‡ä»¶: /mnt/ntfs/ubuntu_data/NutstoreFiles/invest2025/project/config_manager/src/config/config.yaml
æŸ¥æ‰¾ç¬¬5çº§ä¸Šçº§ç›®å½•: /mnt/ntfs/ubuntu_data/NutstoreFiles/invest2025/project/config_manager
âœ“ åœ¨ä¸Šçº§ç›®å½•æ‰¾åˆ°é…ç½®æ–‡ä»¶: /mnt/ntfs/ubuntu_data/NutstoreFiles/invest2025/project/config_manager/src/config/config.yaml
âœ“ å·²ä»ç”Ÿäº§ç¯å¢ƒå¤åˆ¶é…ç½®: /mnt/ntfs/ubuntu_data/NutstoreFiles/invest2025/project/config_manager/src/config/config.yaml -> /tmp/tests/20250720/100140/b9a7c5a5/src/config/config.yaml
âœ“ ä½¿ç”¨å½“å‰æ—¶é—´ä½œä¸ºfirst_start_time: 2025-07-20 10:01:40.725310
âœ“ å¼€å§‹æ‰§è¡Œè·¯å¾„æ›¿æ¢ï¼Œtest_base_dir: /tmp/tests/20250720/100140/b9a7c5a5, temp_base: /tmp
é…ç½®å·²ä» /tmp/tests/20250720/100140/b9a7c5a5/src/config/config.yaml åŠ è½½
ç§»é™¤é¡¶å±‚é‡å¤é”®: ['project_name', 'base_dir', 'first_start_time', 'config_file_path']
ğŸ“Š è‡ªåŠ¨ä¿å­˜è°ƒåº¦é¢‘ç‡è®¡æ•°: 1
ç§»é™¤é¡¶å±‚é‡å¤é”®: ['project_name', 'base_dir', 'first_start_time', 'config_file_path']
é…ç½®å·²è‡ªåŠ¨å¤‡ä»½åˆ° /tmp/tests/20250720/100140/b9a7c5a5/test_project/experiment_name/backup/20250107/181520/config_20250107_181520.yaml
é…ç½®å·²ä» /tmp/tests/20250720/100140/b9a7c5a5/src/config/config.yaml åŠ è½½
Debug: _data å†…å®¹: {'project_name': 'test_project', 'first_start_time': '2025-01-07T18:15:20', 'test_mode': True, 'concurrency': 5, 'timeout': 30, 'proxy': ConfigNode({'http': 'http://localhost:3213', 'https': 'https://localhost:3214', 'url': 'http://proxy.example.com:8080'}), 'headers': ConfigNode({'Accept': 'text/html,application/xhtml+xml', 'Content_Type': 'application/json'}), 'url_validation': ConfigNode({'level2_pattern': '^https?://[^/]+/chapter/\\d+$', 'exclude_image_patterns': ['\\.jpg$', '\\.png$', '\\.gif$']}), 'base_dir': '/tmp/tests/20250720/100140/b9a7c5a5', 'work_dir': '/tmp/original/work/path', 'log_dir': '/tmp/original/log/path', 'config_file_path': '/mnt/ntfs/ubuntu_data/NutstoreFiles/invest2025/project/config_manager/src/config/config.yaml', 'experiment_name': 'experiment_name', 'paths': ConfigNode({'work_dir': '/tmp/original/base/path/test_project/experiment_name', 'checkpoint_dir': '/tmp/original/base/path/test_project/experiment_name/checkpoint', 'best_checkpoint_dir': '/tmp/original/base/path/test_project/experiment_name/checkpoint/best', 'debug_dir': '/tmp/original/base/path/test_project/experiment_name/debug', 'tensorboard_dir': '/tmp/original/base/path/test_project/experiment_name/tensorboard', 'tsb_logs_dir': '/tmp/original/base/path/test_project/experiment_name/tsb_logs/2025/02/01/07/181520', 'log_dir': '/tmp/original/base/path/test_project/experiment_name/logs/20250107/181520', 'backup_dir': '/tmp/original/base/path/test_project/experiment_name/backup/20250107/181520'}), 'missing_config_error': "é…ç½®æ–‡ä»¶ä¸­ç¼ºå°‘ 'titls' é…ç½®é¡¹", 'test_async_value': 'async_test_data', 'scheduler_status': 'running', 'scheduler_start_time': '2025-07-19T02:11:54.420678', 'scheduler_progress': 'completed', '__type_hints__': ConfigNode({'first_start_time': 'datetime'}), 'test_backup_isolation': 'production_value'}

tests/test_config_manager/test_tc0002_001_autosave_feature.py:26 (test_tc0002_001_001_autosave_basic)
None != 'value1'

é¢„æœŸ:'value1'
å®é™…:None
<ç‚¹å‡»ä»¥æŸ¥çœ‹å·®å¼‚>

/home/tony/project/config_manager/tests/test_config_manager/test_tc0002_001_autosave_feature.py:60: in test_tc0002_001_001_autosave_basic
    assert value == "value1"
E   AssertionError: assert None == 'value1'
é…ç½®å·²è‡ªåŠ¨å¤‡ä»½åˆ° /tmp/original/base/path/test_project/experiment_name/backup/20250107/181520/config_20250107_181520.yaml
FAILED [ 52%]âœ“ åŸºäºå½“å‰å·¥ä½œç›®å½•ç”Ÿæˆæµ‹è¯•è·¯å¾„: /mnt/ntfs/ubuntu_data/NutstoreFiles/invest2025/project/config_manager/tests
âœ“ åŸºäºå½“å‰å·¥ä½œç›®å½•ç”Ÿæˆæµ‹è¯•è·¯å¾„: /tmp/tests/20250720/100141/b9a7c5a5
âœ“ å¼€å§‹æ‰§è¡Œè·¯å¾„æ›¿æ¢ï¼Œtest_base_dir: /tmp/tests/20250720/100141/b9a7c5a5, temp_base: /tmp
âœ“ å¼€å§‹æ‰§è¡Œè·¯å¾„æ›¿æ¢ï¼Œtest_base_dir: /tmp/tests/20250720/100141/b9a7c5a5, temp_base: /tmp
âš ï¸  ç”Ÿäº§é…ç½®ä¸å­˜åœ¨ï¼Œå°è¯•æ›´å¹¿æ³›çš„æœç´¢...
å½“å‰å·¥ä½œç›®å½•: /mnt/ntfs/ubuntu_data/NutstoreFiles/invest2025/project/config_manager/tests
åœ¨å½“å‰ç›®å½•æœªæ‰¾åˆ°ï¼Œå‘ä¸ŠæŸ¥æ‰¾...
æŸ¥æ‰¾ç¬¬1çº§ä¸Šçº§ç›®å½•: /mnt/ntfs/ubuntu_data/NutstoreFiles/invest2025/project/config_manager
âœ“ åœ¨ä¸Šçº§ç›®å½•æ‰¾åˆ°é…ç½®æ–‡ä»¶: /mnt/ntfs/ubuntu_data/NutstoreFiles/invest2025/project/config_manager/src/config/config.yaml
æŸ¥æ‰¾ç¬¬2çº§ä¸Šçº§ç›®å½•: /mnt/ntfs/ubuntu_data/NutstoreFiles/invest2025/project/config_manager
âœ“ åœ¨ä¸Šçº§ç›®å½•æ‰¾åˆ°é…ç½®æ–‡ä»¶: /mnt/ntfs/ubuntu_data/NutstoreFiles/invest2025/project/config_manager/src/config/config.yaml
æŸ¥æ‰¾ç¬¬3çº§ä¸Šçº§ç›®å½•: /mnt/ntfs/ubuntu_data/NutstoreFiles/invest2025/project/config_manager
âœ“ åœ¨ä¸Šçº§ç›®å½•æ‰¾åˆ°é…ç½®æ–‡ä»¶: /mnt/ntfs/ubuntu_data/NutstoreFiles/invest2025/project/config_manager/src/config/config.yaml
æŸ¥æ‰¾ç¬¬4çº§ä¸Šçº§ç›®å½•: /mnt/ntfs/ubuntu_data/NutstoreFiles/invest2025/project/config_manager
âœ“ åœ¨ä¸Šçº§ç›®å½•æ‰¾åˆ°é…ç½®æ–‡ä»¶: /mnt/ntfs/ubuntu_data/NutstoreFiles/invest2025/project/config_manager/src/config/config.yaml
æŸ¥æ‰¾ç¬¬5çº§ä¸Šçº§ç›®å½•: /mnt/ntfs/ubuntu_data/NutstoreFiles/invest2025/project/config_manager
âœ“ åœ¨ä¸Šçº§ç›®å½•æ‰¾åˆ°é…ç½®æ–‡ä»¶: /mnt/ntfs/ubuntu_data/NutstoreFiles/invest2025/project/config_manager/src/config/config.yaml
âœ“ å·²ä»ç”Ÿäº§ç¯å¢ƒå¤åˆ¶é…ç½®: /mnt/ntfs/ubuntu_data/NutstoreFiles/invest2025/project/config_manager/src/config/config.yaml -> /tmp/tests/20250720/100141/b9a7c5a5/src/config/config.yaml
âœ“ ä½¿ç”¨å½“å‰æ—¶é—´ä½œä¸ºfirst_start_time: 2025-07-20 10:01:41.142891
âœ“ å¼€å§‹æ‰§è¡Œè·¯å¾„æ›¿æ¢ï¼Œtest_base_dir: /tmp/tests/20250720/100141/b9a7c5a5, temp_base: /tmp
é…ç½®å·²ä» /tmp/tests/20250720/100141/b9a7c5a5/src/config/config.yaml åŠ è½½
ç§»é™¤é¡¶å±‚é‡å¤é”®: ['project_name', 'base_dir', 'first_start_time', 'config_file_path']
ğŸ“Š è‡ªåŠ¨ä¿å­˜è°ƒåº¦é¢‘ç‡è®¡æ•°: 1
ç§»é™¤é¡¶å±‚é‡å¤é”®: ['project_name', 'base_dir', 'first_start_time', 'config_file_path']
é…ç½®å·²è‡ªåŠ¨å¤‡ä»½åˆ° /tmp/tests/20250720/100141/b9a7c5a5/test_project/experiment_name/backup/20250107/181520/config_20250107_181520.yaml
é…ç½®å·²ä» /tmp/tests/20250720/100141/b9a7c5a5/src/config/config.yaml åŠ è½½

tests/test_config_manager/test_tc0002_001_autosave_feature.py:63 (test_tc0002_001_002_multilevel_autosave)
None != 'deep_value'

é¢„æœŸ:'deep_value'
å®é™…:None
<ç‚¹å‡»ä»¥æŸ¥çœ‹å·®å¼‚>

/home/tony/project/config_manager/tests/test_config_manager/test_tc0002_001_autosave_feature.py:87: in test_tc0002_001_002_multilevel_autosave
    assert value == "deep_value"
E   AssertionError: assert None == 'deep_value'
é…ç½®å·²è‡ªåŠ¨å¤‡ä»½åˆ° /tmp/original/base/path/test_project/experiment_name/backup/20250107/181520/config_20250107_181520.yaml
FAILED [ 55%]âœ“ æ£€æµ‹åˆ°æµ‹è¯•ç¯å¢ƒï¼Œè‡ªåŠ¨å¯ç”¨auto_create: /tmp/tmpa8dbmyur/test_time_config.yaml
é…ç½®æ–‡ä»¶ä¸å­˜åœ¨ï¼Œåˆ›å»ºæ–°é…ç½®: /tmp/tmpa8dbmyur/test_time_config.yaml
ğŸ“Š è‡ªåŠ¨ä¿å­˜è°ƒåº¦é¢‘ç‡è®¡æ•°: 1
é…ç½®å·²è‡ªåŠ¨å¤‡ä»½åˆ° /tmp/tests/test_project/test_experiment/backup/20250605/103045/test_time_config_20250605_103045.yaml
é…ç½®å·²è‡ªåŠ¨å¤‡ä»½åˆ° /tmp/tests/test_project/test_experiment/backup/20250605/103045/test_time_config_20250605_103045.yaml
âœ“ æ£€æµ‹åˆ°æµ‹è¯•ç¯å¢ƒï¼Œè‡ªåŠ¨å¯ç”¨auto_create: /tmp/tmpa8dbmyur/test_time_config.yaml
é…ç½®å·²ä» /tmp/tmpa8dbmyur/test_time_config.yaml åŠ è½½

tests/test_config_manager/test_tc0002_001_autosave_feature.py:154 (test_tc0002_001_005_first_start_time_persistence)
datetime.datetime(2025, 7, 20, 10, 1, 41, 814611) != datetime.datetime(2025, 6, 5, 10, 30, 45)

é¢„æœŸ:datetime.datetime(2025, 6, 5, 10, 30, 45)
å®é™…:datetime.datetime(2025, 7, 20, 10, 1, 41, 814611)
<ç‚¹å‡»ä»¥æŸ¥çœ‹å·®å¼‚>

/home/tony/project/config_manager/tests/test_config_manager/test_tc0002_001_autosave_feature.py:201: in test_tc0002_001_005_first_start_time_persistence
    assert second_time == first_time
E   assert datetime.datetime(2025, 7, 20, 10, 1, 41, 814611) == datetime.datetime(2025, 6, 5, 10, 30, 45)
é…ç½®å·²è‡ªåŠ¨å¤‡ä»½åˆ° /tmp/tests/test_project/test_experiment/backup/20250720/100141/test_time_config_20250720_100141.yaml
FAILED [ 58%]âœ“ æ£€æµ‹åˆ°æµ‹è¯•ç¯å¢ƒï¼Œè‡ªåŠ¨å¯ç”¨auto_create: /tmp/tmp7zgwuyp_/structure_test.yaml
é…ç½®æ–‡ä»¶ä¸å­˜åœ¨ï¼Œåˆ›å»ºæ–°é…ç½®: /tmp/tmp7zgwuyp_/structure_test.yaml
ğŸ“Š è‡ªåŠ¨ä¿å­˜è°ƒåº¦é¢‘ç‡è®¡æ•°: 1
é…ç½®å·²è‡ªåŠ¨å¤‡ä»½åˆ° /tmp/tests/test_project/test_experiment/backup/20250720/100141/structure_test_20250720_100141.yaml

tests/test_config_manager/test_tc0002_001_autosave_feature.py:245 (test_tc0002_001_007_backup_directory_structure)
'structure_test' != {}

é¢„æœŸ:{}
å®é™…:'structure_test'
<ç‚¹å‡»ä»¥æŸ¥çœ‹å·®å¼‚>

/home/tony/project/config_manager/tests/test_config_manager/test_tc0002_001_autosave_feature.py:298: in test_tc0002_001_007_backup_directory_structure
    assert 'structure_test' in backup_content['__data__']
E   AssertionError: assert 'structure_test' in {}
é…ç½®å·²è‡ªåŠ¨å¤‡ä»½åˆ° /tmp/tests/test_project/test_experiment/backup/20250720/100141/structure_test_20250720_100141.yaml
FAILED [ 61%]âœ“ æ£€æµ‹åˆ°æµ‹è¯•ç¯å¢ƒï¼Œè‡ªåŠ¨å¯ç”¨auto_create: /tmp/tmprr08695h/persist_caller_test.yaml
é…ç½®æ–‡ä»¶ä¸å­˜åœ¨ï¼Œåˆ›å»ºæ–°é…ç½®: /tmp/tmprr08695h/persist_caller_test.yaml
ğŸ“Š è‡ªåŠ¨ä¿å­˜è°ƒåº¦é¢‘ç‡è®¡æ•°: 1
é…ç½®å·²è‡ªåŠ¨å¤‡ä»½åˆ° /tmp/tests/test_project/test_experiment/backup/20250220/141530/persist_caller_test_20250220_141530.yaml
é…ç½®å·²è‡ªåŠ¨å¤‡ä»½åˆ° /tmp/tests/test_project/test_experiment/backup/20250220/141530/persist_caller_test_20250220_141530.yaml
âœ“ æ£€æµ‹åˆ°æµ‹è¯•ç¯å¢ƒï¼Œè‡ªåŠ¨å¯ç”¨auto_create: /tmp/tmprr08695h/persist_caller_test.yaml
é…ç½®å·²ä» /tmp/tmprr08695h/persist_caller_test.yaml åŠ è½½

tests/test_config_manager/test_tc0002_001_autosave_feature.py:358 (test_tc0002_001_009_start_time_persistence_with_caller)
datetime.datetime(2025, 7, 20, 10, 1, 42, 439257) != datetime.datetime(2025, 2, 20, 14, 15, 30)

é¢„æœŸ:datetime.datetime(2025, 2, 20, 14, 15, 30)
å®é™…:datetime.datetime(2025, 7, 20, 10, 1, 42, 439257)
<ç‚¹å‡»ä»¥æŸ¥çœ‹å·®å¼‚>

/home/tony/project/config_manager/tests/test_config_manager/test_tc0002_001_autosave_feature.py:414: in test_tc0002_001_009_start_time_persistence_with_caller
    assert second_time == test_start_time  # åº”è¯¥æ˜¯åŸå§‹ä¿å­˜çš„æ—¶é—´
    ^^^^^^^^^^^^^^^^^^^^^^^^^^^^^^^^^^^^^
E   assert datetime.datetime(2025, 7, 20, 10, 1, 42, 439257) == datetime.datetime(2025, 2, 20, 14, 15, 30)
é…ç½®å·²è‡ªåŠ¨å¤‡ä»½åˆ° /tmp/tests/test_project/test_experiment/backup/20250720/100142/persist_caller_test_20250720_100142.yaml
FAILED [ 64%]âœ“ åŸºäºå½“å‰å·¥ä½œç›®å½•ç”Ÿæˆæµ‹è¯•è·¯å¾„: /mnt/ntfs/ubuntu_data/NutstoreFiles/invest2025/project/config_manager/tests
âœ“ åŸºäºå½“å‰å·¥ä½œç›®å½•ç”Ÿæˆæµ‹è¯•è·¯å¾„: /tmp/tests/20250720/100142/b9a7c5a5
âœ“ å¼€å§‹æ‰§è¡Œè·¯å¾„æ›¿æ¢ï¼Œtest_base_dir: /tmp/tests/20250720/100142/b9a7c5a5, temp_base: /tmp
âœ“ å¼€å§‹æ‰§è¡Œè·¯å¾„æ›¿æ¢ï¼Œtest_base_dir: /tmp/tests/20250720/100142/b9a7c5a5, temp_base: /tmp
âš ï¸  ç”Ÿäº§é…ç½®ä¸å­˜åœ¨ï¼Œå°è¯•æ›´å¹¿æ³›çš„æœç´¢...
å½“å‰å·¥ä½œç›®å½•: /mnt/ntfs/ubuntu_data/NutstoreFiles/invest2025/project/config_manager/tests
åœ¨å½“å‰ç›®å½•æœªæ‰¾åˆ°ï¼Œå‘ä¸ŠæŸ¥æ‰¾...
æŸ¥æ‰¾ç¬¬1çº§ä¸Šçº§ç›®å½•: /mnt/ntfs/ubuntu_data/NutstoreFiles/invest2025/project/config_manager
âœ“ åœ¨ä¸Šçº§ç›®å½•æ‰¾åˆ°é…ç½®æ–‡ä»¶: /mnt/ntfs/ubuntu_data/NutstoreFiles/invest2025/project/config_manager/src/config/config.yaml
æŸ¥æ‰¾ç¬¬2çº§ä¸Šçº§ç›®å½•: /mnt/ntfs/ubuntu_data/NutstoreFiles/invest2025/project/config_manager
âœ“ åœ¨ä¸Šçº§ç›®å½•æ‰¾åˆ°é…ç½®æ–‡ä»¶: /mnt/ntfs/ubuntu_data/NutstoreFiles/invest2025/project/config_manager/src/config/config.yaml
æŸ¥æ‰¾ç¬¬3çº§ä¸Šçº§ç›®å½•: /mnt/ntfs/ubuntu_data/NutstoreFiles/invest2025/project/config_manager
âœ“ åœ¨ä¸Šçº§ç›®å½•æ‰¾åˆ°é…ç½®æ–‡ä»¶: /mnt/ntfs/ubuntu_data/NutstoreFiles/invest2025/project/config_manager/src/config/config.yaml
æŸ¥æ‰¾ç¬¬4çº§ä¸Šçº§ç›®å½•: /mnt/ntfs/ubuntu_data/NutstoreFiles/invest2025/project/config_manager
âœ“ åœ¨ä¸Šçº§ç›®å½•æ‰¾åˆ°é…ç½®æ–‡ä»¶: /mnt/ntfs/ubuntu_data/NutstoreFiles/invest2025/project/config_manager/src/config/config.yaml
æŸ¥æ‰¾ç¬¬5çº§ä¸Šçº§ç›®å½•: /mnt/ntfs/ubuntu_data/NutstoreFiles/invest2025/project/config_manager
âœ“ åœ¨ä¸Šçº§ç›®å½•æ‰¾åˆ°é…ç½®æ–‡ä»¶: /mnt/ntfs/ubuntu_data/NutstoreFiles/invest2025/project/config_manager/src/config/config.yaml
âœ“ å·²ä»ç”Ÿäº§ç¯å¢ƒå¤åˆ¶é…ç½®: /mnt/ntfs/ubuntu_data/NutstoreFiles/invest2025/project/config_manager/src/config/config.yaml -> /tmp/tests/20250720/100142/b9a7c5a5/src/config/config.yaml
âœ“ ä½¿ç”¨å½“å‰æ—¶é—´ä½œä¸ºfirst_start_time: 2025-07-20 10:01:42.544096
âœ“ å¼€å§‹æ‰§è¡Œè·¯å¾„æ›¿æ¢ï¼Œtest_base_dir: /tmp/tests/20250720/100142/b9a7c5a5, temp_base: /tmp
é…ç½®å·²ä» /tmp/tests/20250720/100142/b9a7c5a5/src/config/config.yaml åŠ è½½
ç§»é™¤é¡¶å±‚é‡å¤é”®: ['project_name', 'base_dir', 'first_start_time', 'config_file_path']
ğŸ“Š è‡ªåŠ¨ä¿å­˜è°ƒåº¦é¢‘ç‡è®¡æ•°: 1
ğŸ“Š è‡ªåŠ¨ä¿å­˜è°ƒåº¦é¢‘ç‡è®¡æ•°: 2
ç§»é™¤é¡¶å±‚é‡å¤é”®: ['project_name', 'base_dir', 'first_start_time', 'config_file_path']
é…ç½®å·²è‡ªåŠ¨å¤‡ä»½åˆ° /tmp/tests/20250720/100142/b9a7c5a5/test_project/experiment_name/backup/20250107/181520/config_20250107_181520.yaml
ç§»é™¤é¡¶å±‚é‡å¤é”®: ['project_name', 'base_dir', 'first_start_time', 'config_file_path']
é…ç½®å·²è‡ªåŠ¨å¤‡ä»½åˆ° /tmp/tests/20250720/100142/b9a7c5a5/test_project/experiment_name/backup/20250107/181520/config_20250107_181520.yaml
ç§»é™¤é¡¶å±‚é‡å¤é”®: ['project_name', 'base_dir', 'first_start_time', 'config_file_path']
é…ç½®å·²è‡ªåŠ¨å¤‡ä»½åˆ° /tmp/tests/20250720/100142/b9a7c5a5/test_project/experiment_name/backup/20250107/181520/config_20250107_181520.yaml
âœ“ åŸºäºå½“å‰å·¥ä½œç›®å½•ç”Ÿæˆæµ‹è¯•è·¯å¾„: /mnt/ntfs/ubuntu_data/NutstoreFiles/invest2025/project/config_manager/tests
âœ“ åŸºäºå½“å‰å·¥ä½œç›®å½•ç”Ÿæˆæµ‹è¯•è·¯å¾„: /tmp/tests/20250720/100142/b9a7c5a5
âœ“ å¼€å§‹æ‰§è¡Œè·¯å¾„æ›¿æ¢ï¼Œtest_base_dir: /tmp/tests/20250720/100142/b9a7c5a5, temp_base: /tmp
âœ“ å¼€å§‹æ‰§è¡Œè·¯å¾„æ›¿æ¢ï¼Œtest_base_dir: /tmp/tests/20250720/100142/b9a7c5a5, temp_base: /tmp
âœ“ å·²ä»è‡ªå®šä¹‰é…ç½®å¤åˆ¶: /tmp/tmp7cg6oe2d/envs/base_python3.12/Lib/site-packages/config/config.yaml -> /tmp/tests/20250720/100142/b9a7c5a5/src/config/config.yaml
âœ“ ä½¿ç”¨å½“å‰æ—¶é—´ä½œä¸ºfirst_start_time: 2025-07-20 10:01:42.906063
âœ“ å¼€å§‹æ‰§è¡Œè·¯å¾„æ›¿æ¢ï¼Œtest_base_dir: /tmp/tests/20250720/100142/b9a7c5a5, temp_base: /tmp
é…ç½®å·²ä» /tmp/tests/20250720/100142/b9a7c5a5/src/config/config.yaml åŠ è½½
ç§»é™¤é¡¶å±‚é‡å¤é”®: ['base_dir', 'first_start_time', 'config_file_path']
ğŸ“Š è‡ªåŠ¨ä¿å­˜è°ƒåº¦é¢‘ç‡è®¡æ•°: 1
ğŸ“Š è‡ªåŠ¨ä¿å­˜è°ƒåº¦é¢‘ç‡è®¡æ•°: 2
ç§»é™¤é¡¶å±‚é‡å¤é”®: ['base_dir', 'first_start_time', 'config_file_path']
é…ç½®å·²è‡ªåŠ¨å¤‡ä»½åˆ° /tmp/tests/20250720/100142/b9a7c5a5/test_project/test_experiment/backup/20250720/100142/config_20250720_100142.yaml
ğŸ“Š è‡ªåŠ¨ä¿å­˜è°ƒåº¦é¢‘ç‡è®¡æ•°: 3
ğŸ“Š è‡ªåŠ¨ä¿å­˜è°ƒåº¦é¢‘ç‡è®¡æ•°: 4
ç§»é™¤é¡¶å±‚é‡å¤é”®: ['base_dir', 'first_start_time', 'config_file_path']
é…ç½®å·²è‡ªåŠ¨å¤‡ä»½åˆ° /tmp/tests/20250720/100142/b9a7c5a5/test_project/test_experiment/backup/20250720/100142/config_20250720_100142.yaml
ç§»é™¤é¡¶å±‚é‡å¤é”®: ['base_dir', 'first_start_time', 'config_file_path']
é…ç½®å·²è‡ªåŠ¨å¤‡ä»½åˆ° /tmp/tests/20250720/100142/b9a7c5a5/test_project/test_experiment/backup/20250720/100142/config_20250720_100142.yaml

tests/test_config_manager/test_tc0002_002_async_envs_scenario.py:325 (test_tc0002_002_005_mock_real_scenario)
/home/tony/project/config_manager/tests/test_config_manager/test_tc0002_002_async_envs_scenario.py:440: in test_tc0002_002_005_mock_real_scenario
    assert scheduler_backup_content['__data__']['scheduler_started'] == "scheduler_module_started"
           ^^^^^^^^^^^^^^^^^^^^^^^^^^^^^^^^^^^^^^^^^^^^^^^^^^^^^^^^^
/home/tony/programs/miniconda3/envs/base_python3.12/lib/python3.12/site-packages/ruamel/yaml/comments.py:853: in __getitem__
    return ordereddict.__getitem__(self, key)
           ^^^^^^^^^^^^^^^^^^^^^^^^^^^^^^^^^^
E   KeyError: 'scheduler_started'
ç§»é™¤é¡¶å±‚é‡å¤é”®: ['base_dir', 'first_start_time', 'config_file_path']
é…ç½®å·²è‡ªåŠ¨å¤‡ä»½åˆ° /tmp/tests/20250720/100142/b9a7c5a5/test_project/test_experiment/backup/20250720/100142/config_20250720_100142.yaml
FAILED [ 67%]âœ“ åŸºäºå½“å‰å·¥ä½œç›®å½•ç”Ÿæˆæµ‹è¯•è·¯å¾„: /mnt/ntfs/ubuntu_data/NutstoreFiles/invest2025/project/config_manager/tests
âœ“ åŸºäºå½“å‰å·¥ä½œç›®å½•ç”Ÿæˆæµ‹è¯•è·¯å¾„: /tmp/tests/20250720/100143/b9a7c5a5
âœ“ å¼€å§‹æ‰§è¡Œè·¯å¾„æ›¿æ¢ï¼Œtest_base_dir: /tmp/tests/20250720/100143/b9a7c5a5, temp_base: /tmp
âœ“ å¼€å§‹æ‰§è¡Œè·¯å¾„æ›¿æ¢ï¼Œtest_base_dir: /tmp/tests/20250720/100143/b9a7c5a5, temp_base: /tmp
âš ï¸  ç”Ÿäº§é…ç½®ä¸å­˜åœ¨ï¼Œå°è¯•æ›´å¹¿æ³›çš„æœç´¢...
å½“å‰å·¥ä½œç›®å½•: /mnt/ntfs/ubuntu_data/NutstoreFiles/invest2025/project/config_manager/tests
åœ¨å½“å‰ç›®å½•æœªæ‰¾åˆ°ï¼Œå‘ä¸ŠæŸ¥æ‰¾...
æŸ¥æ‰¾ç¬¬1çº§ä¸Šçº§ç›®å½•: /mnt/ntfs/ubuntu_data/NutstoreFiles/invest2025/project/config_manager
âœ“ åœ¨ä¸Šçº§ç›®å½•æ‰¾åˆ°é…ç½®æ–‡ä»¶: /mnt/ntfs/ubuntu_data/NutstoreFiles/invest2025/project/config_manager/src/config/config.yaml
æŸ¥æ‰¾ç¬¬2çº§ä¸Šçº§ç›®å½•: /mnt/ntfs/ubuntu_data/NutstoreFiles/invest2025/project/config_manager
âœ“ åœ¨ä¸Šçº§ç›®å½•æ‰¾åˆ°é…ç½®æ–‡ä»¶: /mnt/ntfs/ubuntu_data/NutstoreFiles/invest2025/project/config_manager/src/config/config.yaml
æŸ¥æ‰¾ç¬¬3çº§ä¸Šçº§ç›®å½•: /mnt/ntfs/ubuntu_data/NutstoreFiles/invest2025/project/config_manager
âœ“ åœ¨ä¸Šçº§ç›®å½•æ‰¾åˆ°é…ç½®æ–‡ä»¶: /mnt/ntfs/ubuntu_data/NutstoreFiles/invest2025/project/config_manager/src/config/config.yaml
æŸ¥æ‰¾ç¬¬4çº§ä¸Šçº§ç›®å½•: /mnt/ntfs/ubuntu_data/NutstoreFiles/invest2025/project/config_manager
âœ“ åœ¨ä¸Šçº§ç›®å½•æ‰¾åˆ°é…ç½®æ–‡ä»¶: /mnt/ntfs/ubuntu_data/NutstoreFiles/invest2025/project/config_manager/src/config/config.yaml
æŸ¥æ‰¾ç¬¬5çº§ä¸Šçº§ç›®å½•: /mnt/ntfs/ubuntu_data/NutstoreFiles/invest2025/project/config_manager
âœ“ åœ¨ä¸Šçº§ç›®å½•æ‰¾åˆ°é…ç½®æ–‡ä»¶: /mnt/ntfs/ubuntu_data/NutstoreFiles/invest2025/project/config_manager/src/config/config.yaml
âœ“ å·²ä»ç”Ÿäº§ç¯å¢ƒå¤åˆ¶é…ç½®: /mnt/ntfs/ubuntu_data/NutstoreFiles/invest2025/project/config_manager/src/config/config.yaml -> /tmp/tests/20250720/100143/b9a7c5a5/src/config/config.yaml
âœ“ ä½¿ç”¨å½“å‰æ—¶é—´ä½œä¸ºfirst_start_time: 2025-07-20 10:01:43.492435
âœ“ å¼€å§‹æ‰§è¡Œè·¯å¾„æ›¿æ¢ï¼Œtest_base_dir: /tmp/tests/20250720/100143/b9a7c5a5, temp_base: /tmp
é…ç½®å·²ä» /tmp/tests/20250720/100143/b9a7c5a5/src/config/config.yaml åŠ è½½
ç§»é™¤é¡¶å±‚é‡å¤é”®: ['project_name', 'base_dir', 'first_start_time', 'config_file_path']
ğŸ“Š è‡ªåŠ¨ä¿å­˜è°ƒåº¦é¢‘ç‡è®¡æ•°: 1
ğŸ“Š è‡ªåŠ¨ä¿å­˜è°ƒåº¦é¢‘ç‡è®¡æ•°: 2
ç§»é™¤é¡¶å±‚é‡å¤é”®: ['project_name', 'base_dir', 'first_start_time', 'config_file_path']
é…ç½®å·²è‡ªåŠ¨å¤‡ä»½åˆ° /tmp/tests/20250720/100143/b9a7c5a5/test_project/experiment_name/backup/20250107/181520/config_20250107_181520.yaml
ğŸ“Š è‡ªåŠ¨ä¿å­˜è°ƒåº¦é¢‘ç‡è®¡æ•°: 3
ç§»é™¤é¡¶å±‚é‡å¤é”®: ['project_name', 'base_dir', 'first_start_time', 'config_file_path']
é…ç½®å·²è‡ªåŠ¨å¤‡ä»½åˆ° /tmp/tests/20250720/100143/b9a7c5a5/test_project/experiment_name/backup/20250107/181520/config_20250107_181520.yaml
é…ç½®å·²ä» /tmp/tests/20250720/100143/b9a7c5a5/src/config/config.yaml åŠ è½½

tests/test_config_manager/test_tc0005_001_advanced_features.py:156 (test_tc0005_001_006_backup_loading)
/home/tony/project/config_manager/tests/test_config_manager/test_tc0005_001_advanced_features.py:189: in test_tc0005_001_006_backup_loading
    assert cfg.backup_test == "modified_value"
           ^^^^^^^^^^^^^^^
../src/config_manager/config_manager.py:977: in __getattr__
    value = super().__getattr__(name)
            ^^^^^^^^^^^^^^^^^^^^^^^^^
../src/config_manager/core/manager.py:99: in __getattr__
    return super().__getattr__(name)
           ^^^^^^^^^^^^^^^^^^^^^^^^^
../src/config_manager/config_node.py:76: in __getattr__
    raise AttributeError(f"'{self.__class__.__name__}' object has no attribute '{name}'")
E   AttributeError: 'ConfigManager' object has no attribute 'backup_test'. Did you mean: '_backup_time'?
é…ç½®å·²è‡ªåŠ¨å¤‡ä»½åˆ° /tmp/original/base/path/test_project/experiment_name/backup/20250107/181520/config_20250107_181520.yaml
FAILED [ 70%]âœ“ åŸºäºå½“å‰å·¥ä½œç›®å½•ç”Ÿæˆæµ‹è¯•è·¯å¾„: /mnt/ntfs/ubuntu_data/NutstoreFiles/invest2025/project/config_manager/tests
âœ“ åŸºäºå½“å‰å·¥ä½œç›®å½•ç”Ÿæˆæµ‹è¯•è·¯å¾„: /tmp/tests/20250720/100144/b9a7c5a5
âœ“ å¼€å§‹æ‰§è¡Œè·¯å¾„æ›¿æ¢ï¼Œtest_base_dir: /tmp/tests/20250720/100144/b9a7c5a5, temp_base: /tmp
âœ“ å¼€å§‹æ‰§è¡Œè·¯å¾„æ›¿æ¢ï¼Œtest_base_dir: /tmp/tests/20250720/100144/b9a7c5a5, temp_base: /tmp
âš ï¸  ç”Ÿäº§é…ç½®ä¸å­˜åœ¨ï¼Œå°è¯•æ›´å¹¿æ³›çš„æœç´¢...
å½“å‰å·¥ä½œç›®å½•: /mnt/ntfs/ubuntu_data/NutstoreFiles/invest2025/project/config_manager/tests
åœ¨å½“å‰ç›®å½•æœªæ‰¾åˆ°ï¼Œå‘ä¸ŠæŸ¥æ‰¾...
æŸ¥æ‰¾ç¬¬1çº§ä¸Šçº§ç›®å½•: /mnt/ntfs/ubuntu_data/NutstoreFiles/invest2025/project/config_manager
âœ“ åœ¨ä¸Šçº§ç›®å½•æ‰¾åˆ°é…ç½®æ–‡ä»¶: /mnt/ntfs/ubuntu_data/NutstoreFiles/invest2025/project/config_manager/src/config/config.yaml
æŸ¥æ‰¾ç¬¬2çº§ä¸Šçº§ç›®å½•: /mnt/ntfs/ubuntu_data/NutstoreFiles/invest2025/project/config_manager
âœ“ åœ¨ä¸Šçº§ç›®å½•æ‰¾åˆ°é…ç½®æ–‡ä»¶: /mnt/ntfs/ubuntu_data/NutstoreFiles/invest2025/project/config_manager/src/config/config.yaml
æŸ¥æ‰¾ç¬¬3çº§ä¸Šçº§ç›®å½•: /mnt/ntfs/ubuntu_data/NutstoreFiles/invest2025/project/config_manager
âœ“ åœ¨ä¸Šçº§ç›®å½•æ‰¾åˆ°é…ç½®æ–‡ä»¶: /mnt/ntfs/ubuntu_data/NutstoreFiles/invest2025/project/config_manager/src/config/config.yaml
æŸ¥æ‰¾ç¬¬4çº§ä¸Šçº§ç›®å½•: /mnt/ntfs/ubuntu_data/NutstoreFiles/invest2025/project/config_manager
âœ“ åœ¨ä¸Šçº§ç›®å½•æ‰¾åˆ°é…ç½®æ–‡ä»¶: /mnt/ntfs/ubuntu_data/NutstoreFiles/invest2025/project/config_manager/src/config/config.yaml
æŸ¥æ‰¾ç¬¬5çº§ä¸Šçº§ç›®å½•: /mnt/ntfs/ubuntu_data/NutstoreFiles/invest2025/project/config_manager
âœ“ åœ¨ä¸Šçº§ç›®å½•æ‰¾åˆ°é…ç½®æ–‡ä»¶: /mnt/ntfs/ubuntu_data/NutstoreFiles/invest2025/project/config_manager/src/config/config.yaml
âœ“ å·²ä»ç”Ÿäº§ç¯å¢ƒå¤åˆ¶é…ç½®: /mnt/ntfs/ubuntu_data/NutstoreFiles/invest2025/project/config_manager/src/config/config.yaml -> /tmp/tests/20250720/100144/b9a7c5a5/src/config/config.yaml
âœ“ ä½¿ç”¨å½“å‰æ—¶é—´ä½œä¸ºfirst_start_time: 2025-07-20 10:01:44.168197
âœ“ å¼€å§‹æ‰§è¡Œè·¯å¾„æ›¿æ¢ï¼Œtest_base_dir: /tmp/tests/20250720/100144/b9a7c5a5, temp_base: /tmp
é…ç½®å·²ä» /tmp/tests/20250720/100144/b9a7c5a5/src/config/config.yaml åŠ è½½
ç§»é™¤é¡¶å±‚é‡å¤é”®: ['project_name', 'base_dir', 'first_start_time', 'config_file_path']
ğŸ“Š è‡ªåŠ¨ä¿å­˜è°ƒåº¦é¢‘ç‡è®¡æ•°: 1
ç§»é™¤é¡¶å±‚é‡å¤é”®: ['project_name', 'base_dir', 'first_start_time', 'config_file_path']
é…ç½®å·²è‡ªåŠ¨å¤‡ä»½åˆ° /tmp/tests/20250720/100144/b9a7c5a5/test_project/experiment_name/backup/20250107/181520/config_20250107_181520.yaml
é…ç½®å·²ä» /tmp/tests/20250720/100144/b9a7c5a5/src/config/config.yaml åŠ è½½

tests/test_config_manager/test_tc0005_002_path_handling.py:22 (test_tc0005_002_001_explicit_path_handling)
/home/tony/project/config_manager/tests/test_config_manager/test_tc0005_002_path_handling.py:56: in test_tc0005_002_001_explicit_path_handling
    assert cfg.explicit_test == "explicit_value"
           ^^^^^^^^^^^^^^^^^
../src/config_manager/config_manager.py:977: in __getattr__
    value = super().__getattr__(name)
            ^^^^^^^^^^^^^^^^^^^^^^^^^
../src/config_manager/core/manager.py:99: in __getattr__
    return super().__getattr__(name)
           ^^^^^^^^^^^^^^^^^^^^^^^^^
../src/config_manager/config_node.py:76: in __getattr__
    raise AttributeError(f"'{self.__class__.__name__}' object has no attribute '{name}'")
E   AttributeError: 'ConfigManager' object has no attribute 'explicit_test'
é…ç½®å·²è‡ªåŠ¨å¤‡ä»½åˆ° /tmp/original/base/path/test_project/experiment_name/backup/20250107/181520/config_20250107_181520.yaml
FAILED [ 73%]âœ“ åŸºäºå½“å‰å·¥ä½œç›®å½•ç”Ÿæˆæµ‹è¯•è·¯å¾„: /mnt/ntfs/ubuntu_data/NutstoreFiles/invest2025/project/config_manager/tests
âœ“ åŸºäºå½“å‰å·¥ä½œç›®å½•ç”Ÿæˆæµ‹è¯•è·¯å¾„: /tmp/tests/20250720/100144/b9a7c5a5
âœ“ å¼€å§‹æ‰§è¡Œè·¯å¾„æ›¿æ¢ï¼Œtest_base_dir: /tmp/tests/20250720/100144/b9a7c5a5, temp_base: /tmp
âœ“ å¼€å§‹æ‰§è¡Œè·¯å¾„æ›¿æ¢ï¼Œtest_base_dir: /tmp/tests/20250720/100144/b9a7c5a5, temp_base: /tmp
âš ï¸  ç”Ÿäº§é…ç½®ä¸å­˜åœ¨ï¼Œå°è¯•æ›´å¹¿æ³›çš„æœç´¢...
å½“å‰å·¥ä½œç›®å½•: /mnt/ntfs/ubuntu_data/NutstoreFiles/invest2025/project/config_manager/tests
åœ¨å½“å‰ç›®å½•æœªæ‰¾åˆ°ï¼Œå‘ä¸ŠæŸ¥æ‰¾...
æŸ¥æ‰¾ç¬¬1çº§ä¸Šçº§ç›®å½•: /mnt/ntfs/ubuntu_data/NutstoreFiles/invest2025/project/config_manager
âœ“ åœ¨ä¸Šçº§ç›®å½•æ‰¾åˆ°é…ç½®æ–‡ä»¶: /mnt/ntfs/ubuntu_data/NutstoreFiles/invest2025/project/config_manager/src/config/config.yaml
æŸ¥æ‰¾ç¬¬2çº§ä¸Šçº§ç›®å½•: /mnt/ntfs/ubuntu_data/NutstoreFiles/invest2025/project/config_manager
âœ“ åœ¨ä¸Šçº§ç›®å½•æ‰¾åˆ°é…ç½®æ–‡ä»¶: /mnt/ntfs/ubuntu_data/NutstoreFiles/invest2025/project/config_manager/src/config/config.yaml
æŸ¥æ‰¾ç¬¬3çº§ä¸Šçº§ç›®å½•: /mnt/ntfs/ubuntu_data/NutstoreFiles/invest2025/project/config_manager
âœ“ åœ¨ä¸Šçº§ç›®å½•æ‰¾åˆ°é…ç½®æ–‡ä»¶: /mnt/ntfs/ubuntu_data/NutstoreFiles/invest2025/project/config_manager/src/config/config.yaml
æŸ¥æ‰¾ç¬¬4çº§ä¸Šçº§ç›®å½•: /mnt/ntfs/ubuntu_data/NutstoreFiles/invest2025/project/config_manager
âœ“ åœ¨ä¸Šçº§ç›®å½•æ‰¾åˆ°é…ç½®æ–‡ä»¶: /mnt/ntfs/ubuntu_data/NutstoreFiles/invest2025/project/config_manager/src/config/config.yaml
æŸ¥æ‰¾ç¬¬5çº§ä¸Šçº§ç›®å½•: /mnt/ntfs/ubuntu_data/NutstoreFiles/invest2025/project/config_manager
âœ“ åœ¨ä¸Šçº§ç›®å½•æ‰¾åˆ°é…ç½®æ–‡ä»¶: /mnt/ntfs/ubuntu_data/NutstoreFiles/invest2025/project/config_manager/src/config/config.yaml
âœ“ å·²ä»ç”Ÿäº§ç¯å¢ƒå¤åˆ¶é…ç½®: /mnt/ntfs/ubuntu_data/NutstoreFiles/invest2025/project/config_manager/src/config/config.yaml -> /tmp/tests/20250720/100144/b9a7c5a5/src/config/config.yaml
âœ“ ä½¿ç”¨å½“å‰æ—¶é—´ä½œä¸ºfirst_start_time: 2025-07-20 10:01:44.632730
âœ“ å¼€å§‹æ‰§è¡Œè·¯å¾„æ›¿æ¢ï¼Œtest_base_dir: /tmp/tests/20250720/100144/b9a7c5a5, temp_base: /tmp
é…ç½®å·²ä» /tmp/tests/20250720/100144/b9a7c5a5/src/config/config.yaml åŠ è½½
ç§»é™¤é¡¶å±‚é‡å¤é”®: ['project_name', 'base_dir', 'first_start_time', 'config_file_path']
ğŸ“Š è‡ªåŠ¨ä¿å­˜è°ƒåº¦é¢‘ç‡è®¡æ•°: 1
ç§»é™¤é¡¶å±‚é‡å¤é”®: ['project_name', 'base_dir', 'first_start_time', 'config_file_path']
é…ç½®å·²è‡ªåŠ¨å¤‡ä»½åˆ° /tmp/tests/20250720/100144/b9a7c5a5/test_project/experiment_name/backup/20250107/181520/config_20250107_181520.yaml
é…ç½®å·²ä» /tmp/tests/20250720/100144/b9a7c5a5/src/config/config.yaml åŠ è½½

tests/test_config_manager/test_tc0005_002_path_handling.py:59 (test_tc0005_002_002_project_structure_path)
/home/tony/project/config_manager/tests/test_config_manager/test_tc0005_002_path_handling.py:93: in test_tc0005_002_002_project_structure_path
    assert cfg.project_test == "project_value"
           ^^^^^^^^^^^^^^^^
../src/config_manager/config_manager.py:977: in __getattr__
    value = super().__getattr__(name)
            ^^^^^^^^^^^^^^^^^^^^^^^^^
../src/config_manager/core/manager.py:99: in __getattr__
    return super().__getattr__(name)
           ^^^^^^^^^^^^^^^^^^^^^^^^^
../src/config_manager/config_node.py:76: in __getattr__
    raise AttributeError(f"'{self.__class__.__name__}' object has no attribute '{name}'")
E   AttributeError: 'ConfigManager' object has no attribute 'project_test'. Did you mean: 'project_name'?
é…ç½®å·²è‡ªåŠ¨å¤‡ä»½åˆ° /tmp/original/base/path/test_project/experiment_name/backup/20250107/181520/config_20250107_181520.yaml
FAILED [ 76%]âœ“ åŸºäºå½“å‰å·¥ä½œç›®å½•ç”Ÿæˆæµ‹è¯•è·¯å¾„: /mnt/ntfs/ubuntu_data/NutstoreFiles/invest2025/project/config_manager/tests
âœ“ åŸºäºå½“å‰å·¥ä½œç›®å½•ç”Ÿæˆæµ‹è¯•è·¯å¾„: /tmp/tests/20250720/100145/b9a7c5a5
âœ“ å¼€å§‹æ‰§è¡Œè·¯å¾„æ›¿æ¢ï¼Œtest_base_dir: /tmp/tests/20250720/100145/b9a7c5a5, temp_base: /tmp
âœ“ å¼€å§‹æ‰§è¡Œè·¯å¾„æ›¿æ¢ï¼Œtest_base_dir: /tmp/tests/20250720/100145/b9a7c5a5, temp_base: /tmp
âš ï¸  ç”Ÿäº§é…ç½®ä¸å­˜åœ¨ï¼Œå°è¯•æ›´å¹¿æ³›çš„æœç´¢...
å½“å‰å·¥ä½œç›®å½•: /mnt/ntfs/ubuntu_data/NutstoreFiles/invest2025/project/config_manager/tests
åœ¨å½“å‰ç›®å½•æœªæ‰¾åˆ°ï¼Œå‘ä¸ŠæŸ¥æ‰¾...
æŸ¥æ‰¾ç¬¬1çº§ä¸Šçº§ç›®å½•: /mnt/ntfs/ubuntu_data/NutstoreFiles/invest2025/project/config_manager
âœ“ åœ¨ä¸Šçº§ç›®å½•æ‰¾åˆ°é…ç½®æ–‡ä»¶: /mnt/ntfs/ubuntu_data/NutstoreFiles/invest2025/project/config_manager/src/config/config.yaml
æŸ¥æ‰¾ç¬¬2çº§ä¸Šçº§ç›®å½•: /mnt/ntfs/ubuntu_data/NutstoreFiles/invest2025/project/config_manager
âœ“ åœ¨ä¸Šçº§ç›®å½•æ‰¾åˆ°é…ç½®æ–‡ä»¶: /mnt/ntfs/ubuntu_data/NutstoreFiles/invest2025/project/config_manager/src/config/config.yaml
æŸ¥æ‰¾ç¬¬3çº§ä¸Šçº§ç›®å½•: /mnt/ntfs/ubuntu_data/NutstoreFiles/invest2025/project/config_manager
âœ“ åœ¨ä¸Šçº§ç›®å½•æ‰¾åˆ°é…ç½®æ–‡ä»¶: /mnt/ntfs/ubuntu_data/NutstoreFiles/invest2025/project/config_manager/src/config/config.yaml
æŸ¥æ‰¾ç¬¬4çº§ä¸Šçº§ç›®å½•: /mnt/ntfs/ubuntu_data/NutstoreFiles/invest2025/project/config_manager
âœ“ åœ¨ä¸Šçº§ç›®å½•æ‰¾åˆ°é…ç½®æ–‡ä»¶: /mnt/ntfs/ubuntu_data/NutstoreFiles/invest2025/project/config_manager/src/config/config.yaml
æŸ¥æ‰¾ç¬¬5çº§ä¸Šçº§ç›®å½•: /mnt/ntfs/ubuntu_data/NutstoreFiles/invest2025/project/config_manager
âœ“ åœ¨ä¸Šçº§ç›®å½•æ‰¾åˆ°é…ç½®æ–‡ä»¶: /mnt/ntfs/ubuntu_data/NutstoreFiles/invest2025/project/config_manager/src/config/config.yaml
âœ“ å·²ä»ç”Ÿäº§ç¯å¢ƒå¤åˆ¶é…ç½®: /mnt/ntfs/ubuntu_data/NutstoreFiles/invest2025/project/config_manager/src/config/config.yaml -> /tmp/tests/20250720/100145/b9a7c5a5/src/config/config.yaml
âœ“ ä½¿ç”¨å½“å‰æ—¶é—´ä½œä¸ºfirst_start_time: 2025-07-20 10:01:45.086466
âœ“ å¼€å§‹æ‰§è¡Œè·¯å¾„æ›¿æ¢ï¼Œtest_base_dir: /tmp/tests/20250720/100145/b9a7c5a5, temp_base: /tmp
é…ç½®å·²ä» /tmp/tests/20250720/100145/b9a7c5a5/src/config/config.yaml åŠ è½½
ç§»é™¤é¡¶å±‚é‡å¤é”®: ['project_name', 'base_dir', 'first_start_time', 'config_file_path']
ğŸ“Š è‡ªåŠ¨ä¿å­˜è°ƒåº¦é¢‘ç‡è®¡æ•°: 1
ğŸ“Š è‡ªåŠ¨ä¿å­˜è°ƒåº¦é¢‘ç‡è®¡æ•°: 2
ç§»é™¤é¡¶å±‚é‡å¤é”®: ['project_name', 'base_dir', 'first_start_time', 'config_file_path']
é…ç½®å·²è‡ªåŠ¨å¤‡ä»½åˆ° /tmp/tests/20250720/100145/b9a7c5a5/test_project/experiment_name/backup/20250107/181520/config_20250107_181520.yaml
é…ç½®å·²ä» /tmp/tests/20250720/100145/b9a7c5a5/src/config/config.yaml åŠ è½½

tests/test_config_manager/test_tc0006_001_quick_verification.py:20 (test_tc0006_001_001_basic_functionality)
/home/tony/project/config_manager/tests/test_config_manager/test_tc0006_001_quick_verification.py:50: in test_tc0006_001_001_basic_functionality
    reloaded_app_name = cfg.app_name
                        ^^^^^^^^^^^^
../src/config_manager/config_manager.py:977: in __getattr__
    value = super().__getattr__(name)
            ^^^^^^^^^^^^^^^^^^^^^^^^^
../src/config_manager/core/manager.py:99: in __getattr__
    return super().__getattr__(name)
           ^^^^^^^^^^^^^^^^^^^^^^^^^
../src/config_manager/config_node.py:76: in __getattr__
    raise AttributeError(f"'{self.__class__.__name__}' object has no attribute '{name}'")
E   AttributeError: 'ConfigManager' object has no attribute 'app_name'
é…ç½®å·²è‡ªåŠ¨å¤‡ä»½åˆ° /tmp/original/base/path/test_project/experiment_name/backup/20250107/181520/config_20250107_181520.yaml
FAILED [ 79%]âœ“ åŸºäºå½“å‰å·¥ä½œç›®å½•ç”Ÿæˆæµ‹è¯•è·¯å¾„: /mnt/ntfs/ubuntu_data/NutstoreFiles/invest2025/project/config_manager/tests
âœ“ åŸºäºå½“å‰å·¥ä½œç›®å½•ç”Ÿæˆæµ‹è¯•è·¯å¾„: /tmp/tests/20250720/100145/b9a7c5a5
âœ“ å¼€å§‹æ‰§è¡Œè·¯å¾„æ›¿æ¢ï¼Œtest_base_dir: /tmp/tests/20250720/100145/b9a7c5a5, temp_base: /tmp
âœ“ å¼€å§‹æ‰§è¡Œè·¯å¾„æ›¿æ¢ï¼Œtest_base_dir: /tmp/tests/20250720/100145/b9a7c5a5, temp_base: /tmp
âš ï¸  ç”Ÿäº§é…ç½®ä¸å­˜åœ¨ï¼Œå°è¯•æ›´å¹¿æ³›çš„æœç´¢...
å½“å‰å·¥ä½œç›®å½•: /mnt/ntfs/ubuntu_data/NutstoreFiles/invest2025/project/config_manager/tests
åœ¨å½“å‰ç›®å½•æœªæ‰¾åˆ°ï¼Œå‘ä¸ŠæŸ¥æ‰¾...
æŸ¥æ‰¾ç¬¬1çº§ä¸Šçº§ç›®å½•: /mnt/ntfs/ubuntu_data/NutstoreFiles/invest2025/project/config_manager
âœ“ åœ¨ä¸Šçº§ç›®å½•æ‰¾åˆ°é…ç½®æ–‡ä»¶: /mnt/ntfs/ubuntu_data/NutstoreFiles/invest2025/project/config_manager/src/config/config.yaml
æŸ¥æ‰¾ç¬¬2çº§ä¸Šçº§ç›®å½•: /mnt/ntfs/ubuntu_data/NutstoreFiles/invest2025/project/config_manager
âœ“ åœ¨ä¸Šçº§ç›®å½•æ‰¾åˆ°é…ç½®æ–‡ä»¶: /mnt/ntfs/ubuntu_data/NutstoreFiles/invest2025/project/config_manager/src/config/config.yaml
æŸ¥æ‰¾ç¬¬3çº§ä¸Šçº§ç›®å½•: /mnt/ntfs/ubuntu_data/NutstoreFiles/invest2025/project/config_manager
âœ“ åœ¨ä¸Šçº§ç›®å½•æ‰¾åˆ°é…ç½®æ–‡ä»¶: /mnt/ntfs/ubuntu_data/NutstoreFiles/invest2025/project/config_manager/src/config/config.yaml
æŸ¥æ‰¾ç¬¬4çº§ä¸Šçº§ç›®å½•: /mnt/ntfs/ubuntu_data/NutstoreFiles/invest2025/project/config_manager
âœ“ åœ¨ä¸Šçº§ç›®å½•æ‰¾åˆ°é…ç½®æ–‡ä»¶: /mnt/ntfs/ubuntu_data/NutstoreFiles/invest2025/project/config_manager/src/config/config.yaml
æŸ¥æ‰¾ç¬¬5çº§ä¸Šçº§ç›®å½•: /mnt/ntfs/ubuntu_data/NutstoreFiles/invest2025/project/config_manager
âœ“ åœ¨ä¸Šçº§ç›®å½•æ‰¾åˆ°é…ç½®æ–‡ä»¶: /mnt/ntfs/ubuntu_data/NutstoreFiles/invest2025/project/config_manager/src/config/config.yaml
âœ“ å·²ä»ç”Ÿäº§ç¯å¢ƒå¤åˆ¶é…ç½®: /mnt/ntfs/ubuntu_data/NutstoreFiles/invest2025/project/config_manager/src/config/config.yaml -> /tmp/tests/20250720/100145/b9a7c5a5/src/config/config.yaml
âœ“ ä½¿ç”¨å½“å‰æ—¶é—´ä½œä¸ºfirst_start_time: 2025-07-20 10:01:45.330631
âœ“ å¼€å§‹æ‰§è¡Œè·¯å¾„æ›¿æ¢ï¼Œtest_base_dir: /tmp/tests/20250720/100145/b9a7c5a5, temp_base: /tmp
é…ç½®å·²ä» /tmp/tests/20250720/100145/b9a7c5a5/src/config/config.yaml åŠ è½½
ç§»é™¤é¡¶å±‚é‡å¤é”®: ['project_name', 'base_dir', 'first_start_time', 'config_file_path']
ğŸ“Š è‡ªåŠ¨ä¿å­˜è°ƒåº¦é¢‘ç‡è®¡æ•°: 1
ç§»é™¤é¡¶å±‚é‡å¤é”®: ['project_name', 'base_dir', 'first_start_time', 'config_file_path']
é…ç½®å·²è‡ªåŠ¨å¤‡ä»½åˆ° /tmp/tests/20250720/100145/b9a7c5a5/test_project/experiment_name/backup/20250107/181520/config_20250107_181520.yaml
é…ç½®å·²ä» /tmp/tests/20250720/100145/b9a7c5a5/src/config/config.yaml åŠ è½½

tests/test_config_manager/test_tc0006_001_quick_verification.py:56 (test_tc0006_001_002_nested_dict_assignment)
/home/tony/project/config_manager/tests/test_config_manager/test_tc0006_001_quick_verification.py:76: in test_tc0006_001_002_nested_dict_assignment
    reloaded_value = cfg.level1.level2.value
                     ^^^^^^^^^^
../src/config_manager/config_manager.py:977: in __getattr__
    value = super().__getattr__(name)
            ^^^^^^^^^^^^^^^^^^^^^^^^^
../src/config_manager/core/manager.py:99: in __getattr__
    return super().__getattr__(name)
           ^^^^^^^^^^^^^^^^^^^^^^^^^
../src/config_manager/config_node.py:76: in __getattr__
    raise AttributeError(f"'{self.__class__.__name__}' object has no attribute '{name}'")
E   AttributeError: 'ConfigManager' object has no attribute 'level1'
é…ç½®å·²è‡ªåŠ¨å¤‡ä»½åˆ° /tmp/original/base/path/test_project/experiment_name/backup/20250107/181520/config_20250107_181520.yaml
FAILED [ 82%]âœ“ åŸºäºå½“å‰å·¥ä½œç›®å½•ç”Ÿæˆæµ‹è¯•è·¯å¾„: /mnt/ntfs/ubuntu_data/NutstoreFiles/invest2025/project/config_manager/tests
âœ“ åŸºäºå½“å‰å·¥ä½œç›®å½•ç”Ÿæˆæµ‹è¯•è·¯å¾„: /tmp/tests/20250720/100145/b9a7c5a5
âœ“ å¼€å§‹æ‰§è¡Œè·¯å¾„æ›¿æ¢ï¼Œtest_base_dir: /tmp/tests/20250720/100145/b9a7c5a5, temp_base: /tmp
âœ“ å¼€å§‹æ‰§è¡Œè·¯å¾„æ›¿æ¢ï¼Œtest_base_dir: /tmp/tests/20250720/100145/b9a7c5a5, temp_base: /tmp
âš ï¸  ç”Ÿäº§é…ç½®ä¸å­˜åœ¨ï¼Œå°è¯•æ›´å¹¿æ³›çš„æœç´¢...
å½“å‰å·¥ä½œç›®å½•: /mnt/ntfs/ubuntu_data/NutstoreFiles/invest2025/project/config_manager/tests
åœ¨å½“å‰ç›®å½•æœªæ‰¾åˆ°ï¼Œå‘ä¸ŠæŸ¥æ‰¾...
æŸ¥æ‰¾ç¬¬1çº§ä¸Šçº§ç›®å½•: /mnt/ntfs/ubuntu_data/NutstoreFiles/invest2025/project/config_manager
âœ“ åœ¨ä¸Šçº§ç›®å½•æ‰¾åˆ°é…ç½®æ–‡ä»¶: /mnt/ntfs/ubuntu_data/NutstoreFiles/invest2025/project/config_manager/src/config/config.yaml
æŸ¥æ‰¾ç¬¬2çº§ä¸Šçº§ç›®å½•: /mnt/ntfs/ubuntu_data/NutstoreFiles/invest2025/project/config_manager
âœ“ åœ¨ä¸Šçº§ç›®å½•æ‰¾åˆ°é…ç½®æ–‡ä»¶: /mnt/ntfs/ubuntu_data/NutstoreFiles/invest2025/project/config_manager/src/config/config.yaml
æŸ¥æ‰¾ç¬¬3çº§ä¸Šçº§ç›®å½•: /mnt/ntfs/ubuntu_data/NutstoreFiles/invest2025/project/config_manager
âœ“ åœ¨ä¸Šçº§ç›®å½•æ‰¾åˆ°é…ç½®æ–‡ä»¶: /mnt/ntfs/ubuntu_data/NutstoreFiles/invest2025/project/config_manager/src/config/config.yaml
æŸ¥æ‰¾ç¬¬4çº§ä¸Šçº§ç›®å½•: /mnt/ntfs/ubuntu_data/NutstoreFiles/invest2025/project/config_manager
âœ“ åœ¨ä¸Šçº§ç›®å½•æ‰¾åˆ°é…ç½®æ–‡ä»¶: /mnt/ntfs/ubuntu_data/NutstoreFiles/invest2025/project/config_manager/src/config/config.yaml
æŸ¥æ‰¾ç¬¬5çº§ä¸Šçº§ç›®å½•: /mnt/ntfs/ubuntu_data/NutstoreFiles/invest2025/project/config_manager
âœ“ åœ¨ä¸Šçº§ç›®å½•æ‰¾åˆ°é…ç½®æ–‡ä»¶: /mnt/ntfs/ubuntu_data/NutstoreFiles/invest2025/project/config_manager/src/config/config.yaml
âœ“ å·²ä»ç”Ÿäº§ç¯å¢ƒå¤åˆ¶é…ç½®: /mnt/ntfs/ubuntu_data/NutstoreFiles/invest2025/project/config_manager/src/config/config.yaml -> /tmp/tests/20250720/100145/b9a7c5a5/src/config/config.yaml
âœ“ ä½¿ç”¨å½“å‰æ—¶é—´ä½œä¸ºfirst_start_time: 2025-07-20 10:01:45.589480
âœ“ å¼€å§‹æ‰§è¡Œè·¯å¾„æ›¿æ¢ï¼Œtest_base_dir: /tmp/tests/20250720/100145/b9a7c5a5, temp_base: /tmp
é…ç½®å·²ä» /tmp/tests/20250720/100145/b9a7c5a5/src/config/config.yaml åŠ è½½
ç§»é™¤é¡¶å±‚é‡å¤é”®: ['project_name', 'base_dir', 'first_start_time', 'config_file_path']
ğŸ“Š è‡ªåŠ¨ä¿å­˜è°ƒåº¦é¢‘ç‡è®¡æ•°: 1
ç§»é™¤é¡¶å±‚é‡å¤é”®: ['project_name', 'base_dir', 'first_start_time', 'config_file_path']
é…ç½®å·²è‡ªåŠ¨å¤‡ä»½åˆ° /tmp/tests/20250720/100145/b9a7c5a5/test_project/experiment_name/backup/20250107/181520/config_20250107_181520.yaml
é…ç½®å·²ä» /tmp/tests/20250720/100145/b9a7c5a5/src/config/config.yaml åŠ è½½

tests/test_config_manager/test_tc0007_001_reload_verification.py:21 (test_tc0007_001_001_simple_reload)
/home/tony/project/config_manager/tests/test_config_manager/test_tc0007_001_reload_verification.py:38: in test_tc0007_001_001_simple_reload
    reloaded_value = cfg.test_value
                     ^^^^^^^^^^^^^^
../src/config_manager/config_manager.py:977: in __getattr__
    value = super().__getattr__(name)
            ^^^^^^^^^^^^^^^^^^^^^^^^^
../src/config_manager/core/manager.py:99: in __getattr__
    return super().__getattr__(name)
           ^^^^^^^^^^^^^^^^^^^^^^^^^
../src/config_manager/config_node.py:76: in __getattr__
    raise AttributeError(f"'{self.__class__.__name__}' object has no attribute '{name}'")
E   AttributeError: 'ConfigManager' object has no attribute 'test_value'
é…ç½®å·²è‡ªåŠ¨å¤‡ä»½åˆ° /tmp/original/base/path/test_project/experiment_name/backup/20250107/181520/config_20250107_181520.yaml
FAILED [ 85%]âœ“ åŸºäºå½“å‰å·¥ä½œç›®å½•ç”Ÿæˆæµ‹è¯•è·¯å¾„: /mnt/ntfs/ubuntu_data/NutstoreFiles/invest2025/project/config_manager/tests
âœ“ åŸºäºå½“å‰å·¥ä½œç›®å½•ç”Ÿæˆæµ‹è¯•è·¯å¾„: /tmp/tests/20250720/100145/b9a7c5a5
âœ“ å¼€å§‹æ‰§è¡Œè·¯å¾„æ›¿æ¢ï¼Œtest_base_dir: /tmp/tests/20250720/100145/b9a7c5a5, temp_base: /tmp
âœ“ å¼€å§‹æ‰§è¡Œè·¯å¾„æ›¿æ¢ï¼Œtest_base_dir: /tmp/tests/20250720/100145/b9a7c5a5, temp_base: /tmp
âš ï¸  ç”Ÿäº§é…ç½®ä¸å­˜åœ¨ï¼Œå°è¯•æ›´å¹¿æ³›çš„æœç´¢...
å½“å‰å·¥ä½œç›®å½•: /mnt/ntfs/ubuntu_data/NutstoreFiles/invest2025/project/config_manager/tests
åœ¨å½“å‰ç›®å½•æœªæ‰¾åˆ°ï¼Œå‘ä¸ŠæŸ¥æ‰¾...
æŸ¥æ‰¾ç¬¬1çº§ä¸Šçº§ç›®å½•: /mnt/ntfs/ubuntu_data/NutstoreFiles/invest2025/project/config_manager
âœ“ åœ¨ä¸Šçº§ç›®å½•æ‰¾åˆ°é…ç½®æ–‡ä»¶: /mnt/ntfs/ubuntu_data/NutstoreFiles/invest2025/project/config_manager/src/config/config.yaml
æŸ¥æ‰¾ç¬¬2çº§ä¸Šçº§ç›®å½•: /mnt/ntfs/ubuntu_data/NutstoreFiles/invest2025/project/config_manager
âœ“ åœ¨ä¸Šçº§ç›®å½•æ‰¾åˆ°é…ç½®æ–‡ä»¶: /mnt/ntfs/ubuntu_data/NutstoreFiles/invest2025/project/config_manager/src/config/config.yaml
æŸ¥æ‰¾ç¬¬3çº§ä¸Šçº§ç›®å½•: /mnt/ntfs/ubuntu_data/NutstoreFiles/invest2025/project/config_manager
âœ“ åœ¨ä¸Šçº§ç›®å½•æ‰¾åˆ°é…ç½®æ–‡ä»¶: /mnt/ntfs/ubuntu_data/NutstoreFiles/invest2025/project/config_manager/src/config/config.yaml
æŸ¥æ‰¾ç¬¬4çº§ä¸Šçº§ç›®å½•: /mnt/ntfs/ubuntu_data/NutstoreFiles/invest2025/project/config_manager
âœ“ åœ¨ä¸Šçº§ç›®å½•æ‰¾åˆ°é…ç½®æ–‡ä»¶: /mnt/ntfs/ubuntu_data/NutstoreFiles/invest2025/project/config_manager/src/config/config.yaml
æŸ¥æ‰¾ç¬¬5çº§ä¸Šçº§ç›®å½•: /mnt/ntfs/ubuntu_data/NutstoreFiles/invest2025/project/config_manager
âœ“ åœ¨ä¸Šçº§ç›®å½•æ‰¾åˆ°é…ç½®æ–‡ä»¶: /mnt/ntfs/ubuntu_data/NutstoreFiles/invest2025/project/config_manager/src/config/config.yaml
âœ“ å·²ä»ç”Ÿäº§ç¯å¢ƒå¤åˆ¶é…ç½®: /mnt/ntfs/ubuntu_data/NutstoreFiles/invest2025/project/config_manager/src/config/config.yaml -> /tmp/tests/20250720/100145/b9a7c5a5/src/config/config.yaml
âœ“ ä½¿ç”¨å½“å‰æ—¶é—´ä½œä¸ºfirst_start_time: 2025-07-20 10:01:45.866745
âœ“ å¼€å§‹æ‰§è¡Œè·¯å¾„æ›¿æ¢ï¼Œtest_base_dir: /tmp/tests/20250720/100145/b9a7c5a5, temp_base: /tmp
é…ç½®å·²ä» /tmp/tests/20250720/100145/b9a7c5a5/src/config/config.yaml åŠ è½½
ç§»é™¤é¡¶å±‚é‡å¤é”®: ['project_name', 'base_dir', 'first_start_time', 'config_file_path']
ğŸ“Š è‡ªåŠ¨ä¿å­˜è°ƒåº¦é¢‘ç‡è®¡æ•°: 1
ç§»é™¤é¡¶å±‚é‡å¤é”®: ['project_name', 'base_dir', 'first_start_time', 'config_file_path']
é…ç½®å·²è‡ªåŠ¨å¤‡ä»½åˆ° /tmp/tests/20250720/100145/b9a7c5a5/test_project/experiment_name/backup/20250107/181520/config_20250107_181520.yaml
é…ç½®å·²ä» /tmp/tests/20250720/100145/b9a7c5a5/src/config/config.yaml åŠ è½½

tests/test_config_manager/test_tc0007_001_reload_verification.py:42 (test_tc0007_001_002_nested_reload)
/home/tony/project/config_manager/tests/test_config_manager/test_tc0007_001_reload_verification.py:61: in test_tc0007_001_002_nested_reload
    nested_value = cfg.level1.level2.value
                   ^^^^^^^^^^
../src/config_manager/config_manager.py:977: in __getattr__
    value = super().__getattr__(name)
            ^^^^^^^^^^^^^^^^^^^^^^^^^
../src/config_manager/core/manager.py:99: in __getattr__
    return super().__getattr__(name)
           ^^^^^^^^^^^^^^^^^^^^^^^^^
../src/config_manager/config_node.py:76: in __getattr__
    raise AttributeError(f"'{self.__class__.__name__}' object has no attribute '{name}'")
E   AttributeError: 'ConfigManager' object has no attribute 'level1'
é…ç½®å·²è‡ªåŠ¨å¤‡ä»½åˆ° /tmp/original/base/path/test_project/experiment_name/backup/20250107/181520/config_20250107_181520.yaml
FAILED [ 88%]âœ“ åŸºäºå½“å‰å·¥ä½œç›®å½•ç”Ÿæˆæµ‹è¯•è·¯å¾„: /mnt/ntfs/ubuntu_data/NutstoreFiles/invest2025/project/config_manager/tests
âœ“ åŸºäºå½“å‰å·¥ä½œç›®å½•ç”Ÿæˆæµ‹è¯•è·¯å¾„: /tmp/tests/20250720/100146/b9a7c5a5
âœ“ å¼€å§‹æ‰§è¡Œè·¯å¾„æ›¿æ¢ï¼Œtest_base_dir: /tmp/tests/20250720/100146/b9a7c5a5, temp_base: /tmp
âœ“ å¼€å§‹æ‰§è¡Œè·¯å¾„æ›¿æ¢ï¼Œtest_base_dir: /tmp/tests/20250720/100146/b9a7c5a5, temp_base: /tmp
âš ï¸  ç”Ÿäº§é…ç½®ä¸å­˜åœ¨ï¼Œå°è¯•æ›´å¹¿æ³›çš„æœç´¢...
å½“å‰å·¥ä½œç›®å½•: /mnt/ntfs/ubuntu_data/NutstoreFiles/invest2025/project/config_manager/tests
åœ¨å½“å‰ç›®å½•æœªæ‰¾åˆ°ï¼Œå‘ä¸ŠæŸ¥æ‰¾...
æŸ¥æ‰¾ç¬¬1çº§ä¸Šçº§ç›®å½•: /mnt/ntfs/ubuntu_data/NutstoreFiles/invest2025/project/config_manager
âœ“ åœ¨ä¸Šçº§ç›®å½•æ‰¾åˆ°é…ç½®æ–‡ä»¶: /mnt/ntfs/ubuntu_data/NutstoreFiles/invest2025/project/config_manager/src/config/config.yaml
æŸ¥æ‰¾ç¬¬2çº§ä¸Šçº§ç›®å½•: /mnt/ntfs/ubuntu_data/NutstoreFiles/invest2025/project/config_manager
âœ“ åœ¨ä¸Šçº§ç›®å½•æ‰¾åˆ°é…ç½®æ–‡ä»¶: /mnt/ntfs/ubuntu_data/NutstoreFiles/invest2025/project/config_manager/src/config/config.yaml
æŸ¥æ‰¾ç¬¬3çº§ä¸Šçº§ç›®å½•: /mnt/ntfs/ubuntu_data/NutstoreFiles/invest2025/project/config_manager
âœ“ åœ¨ä¸Šçº§ç›®å½•æ‰¾åˆ°é…ç½®æ–‡ä»¶: /mnt/ntfs/ubuntu_data/NutstoreFiles/invest2025/project/config_manager/src/config/config.yaml
æŸ¥æ‰¾ç¬¬4çº§ä¸Šçº§ç›®å½•: /mnt/ntfs/ubuntu_data/NutstoreFiles/invest2025/project/config_manager
âœ“ åœ¨ä¸Šçº§ç›®å½•æ‰¾åˆ°é…ç½®æ–‡ä»¶: /mnt/ntfs/ubuntu_data/NutstoreFiles/invest2025/project/config_manager/src/config/config.yaml
æŸ¥æ‰¾ç¬¬5çº§ä¸Šçº§ç›®å½•: /mnt/ntfs/ubuntu_data/NutstoreFiles/invest2025/project/config_manager
âœ“ åœ¨ä¸Šçº§ç›®å½•æ‰¾åˆ°é…ç½®æ–‡ä»¶: /mnt/ntfs/ubuntu_data/NutstoreFiles/invest2025/project/config_manager/src/config/config.yaml
âœ“ å·²ä»ç”Ÿäº§ç¯å¢ƒå¤åˆ¶é…ç½®: /mnt/ntfs/ubuntu_data/NutstoreFiles/invest2025/project/config_manager/src/config/config.yaml -> /tmp/tests/20250720/100146/b9a7c5a5/src/config/config.yaml
âœ“ ä½¿ç”¨å½“å‰æ—¶é—´ä½œä¸ºfirst_start_time: 2025-07-20 10:01:46.109352
âœ“ å¼€å§‹æ‰§è¡Œè·¯å¾„æ›¿æ¢ï¼Œtest_base_dir: /tmp/tests/20250720/100146/b9a7c5a5, temp_base: /tmp
é…ç½®å·²ä» /tmp/tests/20250720/100146/b9a7c5a5/src/config/config.yaml åŠ è½½
ç§»é™¤é¡¶å±‚é‡å¤é”®: ['project_name', 'base_dir', 'first_start_time', 'config_file_path']
ğŸ“Š è‡ªåŠ¨ä¿å­˜è°ƒåº¦é¢‘ç‡è®¡æ•°: 1
ç§»é™¤é¡¶å±‚é‡å¤é”®: ['project_name', 'base_dir', 'first_start_time', 'config_file_path']
é…ç½®å·²è‡ªåŠ¨å¤‡ä»½åˆ° /tmp/tests/20250720/100146/b9a7c5a5/test_project/experiment_name/backup/20250107/181520/config_20250107_181520.yaml
é…ç½®å·²ä» /tmp/tests/20250720/100146/b9a7c5a5/src/config/config.yaml åŠ è½½

tests/test_config_manager/test_tc0007_001_reload_verification.py:69 (test_tc0007_001_003_autosave_reload)
None != 'auto_saved_value'

é¢„æœŸ:'auto_saved_value'
å®é™…:None
<ç‚¹å‡»ä»¥æŸ¥çœ‹å·®å¼‚>

/home/tony/project/config_manager/tests/test_config_manager/test_tc0007_001_reload_verification.py:94: in test_tc0007_001_003_autosave_reload
    assert auto_value == "auto_saved_value"
E   AssertionError: assert None == 'auto_saved_value'
é…ç½®å·²è‡ªåŠ¨å¤‡ä»½åˆ° /tmp/original/base/path/test_project/experiment_name/backup/20250107/181520/config_20250107_181520.yaml

../../../../../../../../home/tony/project/config_manager/tests/test_yaml_comments_preservation.py::test_yaml_comments_preservation_with_new_keys <- ../../../../mnt/ntfs/ubuntu_data/NutstoreFiles/invest2025/project/config_manager/tests/test_yaml_comments_preservation.py
../../../../../../../../home/tony/project/config_manager/tests/test_yaml_comments_preservation.py::test_yaml_comments_preservation_with_nested_structures <- ../../../../mnt/ntfs/ubuntu_data/NutstoreFiles/invest2025/project/config_manager/tests/test_yaml_comments_preservation.py
../../../../../../../../home/tony/project/config_manager/tests/test_yaml_comments_preservation.py::test_yaml_comments_preservation_edge_cases <- ../../../../mnt/ntfs/ubuntu_data/NutstoreFiles/invest2025/project/config_manager/tests/test_yaml_comments_preservation.py

===================== 34 failed, 247 deselected in 22.04s ======================
FAILED [ 91%]âœ“ æ£€æµ‹åˆ°æµ‹è¯•ç¯å¢ƒï¼Œè‡ªåŠ¨å¯ç”¨auto_create: /tmp/tmpmk6b07u4.yaml
é…ç½®å·²ä» /tmp/tmpmk6b07u4.yaml åŠ è½½
ç§»é™¤é¡¶å±‚é‡å¤é”®: ['app_name', 'version', 'database', 'service', 'features']
ğŸ“Š è‡ªåŠ¨ä¿å­˜è°ƒåº¦é¢‘ç‡è®¡æ•°: 1
ç§»é™¤é¡¶å±‚é‡å¤é”®: ['app_name', 'version', 'database', 'service', 'features']
é…ç½®å·²è‡ªåŠ¨å¤‡ä»½åˆ° /tmp/tests/test_project/test_experiment/backup/20250720/100146/tmpmk6b07u4_20250720_100146.yaml
ä¿å­˜åçš„é…ç½®æ–‡ä»¶å†…å®¹:
# åº”ç”¨ç¨‹åºé…ç½®
{}


../../../../mnt/ntfs/ubuntu_data/NutstoreFiles/invest2025/project/config_manager/tests/test_yaml_comments_preservation.py:16 (test_yaml_comments_preservation)
'ModifiedApp' != '# åº”ç”¨ç¨‹åºé…ç½®\n{}\n'

é¢„æœŸ:'# åº”ç”¨ç¨‹åºé…ç½®\n{}\n'
å®é™…:'ModifiedApp'
<ç‚¹å‡»ä»¥æŸ¥çœ‹å·®å¼‚>

test_yaml_comments_preservation.py:90: in test_yaml_comments_preservation
    assert "ModifiedApp" in saved_content
E   AssertionError: assert 'ModifiedApp' in '# \u5e94\u7528\u7a0b\u5e8f\u914d\u7f6e\n{}\n'
ç§»é™¤é¡¶å±‚é‡å¤é”®: ['app_name', 'version', 'database', 'service', 'features']
é…ç½®å·²è‡ªåŠ¨å¤‡ä»½åˆ° /tmp/tests/test_project/test_experiment/backup/20250720/100146/tmpmk6b07u4_20250720_100146.yaml
FAILED [ 94%]âœ“ åŸºäºå½“å‰å·¥ä½œç›®å½•ç”Ÿæˆæµ‹è¯•è·¯å¾„: /mnt/ntfs/ubuntu_data/NutstoreFiles/invest2025/project/config_manager/tests
âœ“ åŸºäºå½“å‰å·¥ä½œç›®å½•ç”Ÿæˆæµ‹è¯•è·¯å¾„: /tmp/tests/20250720/100146/b9a7c5a5
âœ“ å¼€å§‹æ‰§è¡Œè·¯å¾„æ›¿æ¢ï¼Œtest_base_dir: /tmp/tests/20250720/100146/b9a7c5a5, temp_base: /tmp
âœ“ å¼€å§‹æ‰§è¡Œè·¯å¾„æ›¿æ¢ï¼Œtest_base_dir: /tmp/tests/20250720/100146/b9a7c5a5, temp_base: /tmp
âœ“ å·²ä»è‡ªå®šä¹‰é…ç½®å¤åˆ¶: /tmp/tmp5aps62hm.yaml -> /tmp/tests/20250720/100146/b9a7c5a5/src/config/config.yaml
âœ“ ä½¿ç”¨å½“å‰æ—¶é—´ä½œä¸ºfirst_start_time: 2025-07-20 10:01:46.579407
âœ“ å¼€å§‹æ‰§è¡Œè·¯å¾„æ›¿æ¢ï¼Œtest_base_dir: /tmp/tests/20250720/100146/b9a7c5a5, temp_base: /tmp
é…ç½®å·²ä» /tmp/tests/20250720/100146/b9a7c5a5/src/config/config.yaml åŠ è½½
ç§»é™¤é¡¶å±‚é‡å¤é”®: ['app_name', 'version', 'database', 'base_dir', 'first_start_time', 'config_file_path']
ğŸ“Š è‡ªåŠ¨ä¿å­˜è°ƒåº¦é¢‘ç‡è®¡æ•°: 1
ğŸ“Š è‡ªåŠ¨ä¿å­˜è°ƒåº¦é¢‘ç‡è®¡æ•°: 2
ç§»é™¤é¡¶å±‚é‡å¤é”®: ['app_name', 'version', 'database', 'base_dir', 'first_start_time', 'config_file_path']
é…ç½®å·²è‡ªåŠ¨å¤‡ä»½åˆ° /tmp/tests/20250720/100146/b9a7c5a5/test_project/test_experiment/backup/20250720/100146/config_20250720_100146.yaml
æ·»åŠ æ–°é”®åçš„é…ç½®æ–‡ä»¶å†…å®¹:
# åŸºç¡€é…ç½®
{}


../../../../mnt/ntfs/ubuntu_data/NutstoreFiles/invest2025/project/config_manager/tests/test_yaml_comments_preservation.py:127 (test_yaml_comments_preservation_with_new_keys)
'# æ•°æ®åº“é…ç½®' != '# åŸºç¡€é…ç½®\n{}\n'

é¢„æœŸ:'# åŸºç¡€é…ç½®\n{}\n'
å®é™…:'# æ•°æ®åº“é…ç½®'
<ç‚¹å‡»ä»¥æŸ¥çœ‹å·®å¼‚>

test_yaml_comments_preservation.py:174: in test_yaml_comments_preservation_with_new_keys
    assert "# æ•°æ®åº“é…ç½®" in saved_content
E   AssertionError: assert '# \u6570\u636e\u5e93\u914d\u7f6e' in '# \u57fa\u7840\u914d\u7f6e\n{}\n'
ç§»é™¤é¡¶å±‚é‡å¤é”®: ['app_name', 'version', 'database', 'base_dir', 'first_start_time', 'config_file_path']
é…ç½®å·²è‡ªåŠ¨å¤‡ä»½åˆ° /tmp/tests/20250720/100146/b9a7c5a5/test_project/test_experiment/backup/20250720/100146/config_20250720_100146.yaml
FAILED [ 97%]âœ“ åŸºäºå½“å‰å·¥ä½œç›®å½•ç”Ÿæˆæµ‹è¯•è·¯å¾„: /mnt/ntfs/ubuntu_data/NutstoreFiles/invest2025/project/config_manager/tests
âœ“ åŸºäºå½“å‰å·¥ä½œç›®å½•ç”Ÿæˆæµ‹è¯•è·¯å¾„: /tmp/tests/20250720/100146/b9a7c5a5
âœ“ å¼€å§‹æ‰§è¡Œè·¯å¾„æ›¿æ¢ï¼Œtest_base_dir: /tmp/tests/20250720/100146/b9a7c5a5, temp_base: /tmp
âœ“ å¼€å§‹æ‰§è¡Œè·¯å¾„æ›¿æ¢ï¼Œtest_base_dir: /tmp/tests/20250720/100146/b9a7c5a5, temp_base: /tmp
âœ“ å·²ä»è‡ªå®šä¹‰é…ç½®å¤åˆ¶: /tmp/tmp1aw16ktw.yaml -> /tmp/tests/20250720/100146/b9a7c5a5/src/config/config.yaml
âœ“ ä½¿ç”¨å½“å‰æ—¶é—´ä½œä¸ºfirst_start_time: 2025-07-20 10:01:46.695727
âœ“ å¼€å§‹æ‰§è¡Œè·¯å¾„æ›¿æ¢ï¼Œtest_base_dir: /tmp/tests/20250720/100146/b9a7c5a5, temp_base: /tmp
é…ç½®å·²ä» /tmp/tests/20250720/100146/b9a7c5a5/src/config/config.yaml åŠ è½½
ç§»é™¤é¡¶å±‚é‡å¤é”®: ['app', 'services', 'base_dir', 'first_start_time', 'config_file_path']
ç§»é™¤é¡¶å±‚é‡å¤é”®: ['app', 'services', 'base_dir', 'first_start_time', 'config_file_path']
é…ç½®å·²è‡ªåŠ¨å¤‡ä»½åˆ° /tmp/tests/20250720/100146/b9a7c5a5/test_project/test_experiment/backup/20250720/100146/config_20250720_100146.yaml
åµŒå¥—ç»“æ„ä¿®æ”¹åçš„é…ç½®æ–‡ä»¶å†…å®¹:
# åº”ç”¨é…ç½®
{}


../../../../mnt/ntfs/ubuntu_data/NutstoreFiles/invest2025/project/config_manager/tests/test_yaml_comments_preservation.py:190 (test_yaml_comments_preservation_with_nested_structures)
'# åŸºæœ¬ä¿¡æ¯' != '# åº”ç”¨é…ç½®\n{}\n'

é¢„æœŸ:'# åº”ç”¨é…ç½®\n{}\n'
å®é™…:'# åŸºæœ¬ä¿¡æ¯'
<ç‚¹å‡»ä»¥æŸ¥çœ‹å·®å¼‚>

test_yaml_comments_preservation.py:264: in test_yaml_comments_preservation_with_nested_structures
    assert "# åŸºæœ¬ä¿¡æ¯" in saved_content
E   AssertionError: assert '# \u57fa\u672c\u4fe1\u606f' in '# \u5e94\u7528\u914d\u7f6e\n{}\n'
ç§»é™¤é¡¶å±‚é‡å¤é”®: ['app', 'services', 'base_dir', 'first_start_time', 'config_file_path']
é…ç½®å·²è‡ªåŠ¨å¤‡ä»½åˆ° /tmp/tests/20250720/100146/b9a7c5a5/test_project/test_experiment/backup/20250720/100146/config_20250720_100146.yaml
FAILED [100%]âœ“ åŸºäºå½“å‰å·¥ä½œç›®å½•ç”Ÿæˆæµ‹è¯•è·¯å¾„: /mnt/ntfs/ubuntu_data/NutstoreFiles/invest2025/project/config_manager/tests
âœ“ åŸºäºå½“å‰å·¥ä½œç›®å½•ç”Ÿæˆæµ‹è¯•è·¯å¾„: /tmp/tests/20250720/100146/b9a7c5a5
âœ“ å¼€å§‹æ‰§è¡Œè·¯å¾„æ›¿æ¢ï¼Œtest_base_dir: /tmp/tests/20250720/100146/b9a7c5a5, temp_base: /tmp
âœ“ å¼€å§‹æ‰§è¡Œè·¯å¾„æ›¿æ¢ï¼Œtest_base_dir: /tmp/tests/20250720/100146/b9a7c5a5, temp_base: /tmp
âœ“ å·²ä»è‡ªå®šä¹‰é…ç½®å¤åˆ¶: /tmp/tmpa6pjxt2t.yaml -> /tmp/tests/20250720/100146/b9a7c5a5/src/config/config.yaml
âœ“ ä½¿ç”¨å½“å‰æ—¶é—´ä½œä¸ºfirst_start_time: 2025-07-20 10:01:46.812162
âœ“ å¼€å§‹æ‰§è¡Œè·¯å¾„æ›¿æ¢ï¼Œtest_base_dir: /tmp/tests/20250720/100146/b9a7c5a5, temp_base: /tmp
é…ç½®å·²ä» /tmp/tests/20250720/100146/b9a7c5a5/src/config/config.yaml åŠ è½½
ç§»é™¤é¡¶å±‚é‡å¤é”®: ['app_name', 'empty_value', 'list_items', 'dict_items', 'special_chars', 'base_dir', 'first_start_time', 'config_file_path']
ğŸ“Š è‡ªåŠ¨ä¿å­˜è°ƒåº¦é¢‘ç‡è®¡æ•°: 1
ğŸ“Š è‡ªåŠ¨ä¿å­˜è°ƒåº¦é¢‘ç‡è®¡æ•°: 2
ğŸ“Š è‡ªåŠ¨ä¿å­˜è°ƒåº¦é¢‘ç‡è®¡æ•°: 3
ç§»é™¤é¡¶å±‚é‡å¤é”®: ['app_name', 'empty_value', 'list_items', 'dict_items', 'special_chars', 'base_dir', 'first_start_time', 'config_file_path']
é…ç½®å·²è‡ªåŠ¨å¤‡ä»½åˆ° /tmp/tests/20250720/100146/b9a7c5a5/test_project/test_experiment/backup/20250720/100146/config_20250720_100146.yaml
è¾¹ç¼˜æƒ…å†µæµ‹è¯•åçš„é…ç½®æ–‡ä»¶å†…å®¹:
# é¡¶å±‚æ³¨é‡Š
# å¤šè¡Œæ³¨é‡Š
# ç¬¬ä¸‰è¡Œæ³¨é‡Š

{}


../../../../mnt/ntfs/ubuntu_data/NutstoreFiles/invest2025/project/config_manager/tests/test_yaml_comments_preservation.py:298 (test_yaml_comments_preservation_edge_cases)
'# è¡Œå†…æ³¨é‡Š' != '# é¡¶å±‚æ³¨é‡Š\n# å¤šè¡Œæ³¨é‡Š\n# ç¬¬ä¸‰è¡Œæ³¨é‡Š\n\n{}\n'

é¢„æœŸ:'# é¡¶å±‚æ³¨é‡Š\n# å¤šè¡Œæ³¨é‡Š\n# ç¬¬ä¸‰è¡Œæ³¨é‡Š\n\n{}\n'
å®é™…:'# è¡Œå†…æ³¨é‡Š'
<ç‚¹å‡»ä»¥æŸ¥çœ‹å·®å¼‚>

test_yaml_comments_preservation.py:365: in test_yaml_comments_preservation_edge_cases
    assert "# è¡Œå†…æ³¨é‡Š" in saved_content
E   AssertionError: assert '# \u884c\u5185\u6ce8\u91ca' in '# \u9876\u5c42\u6ce8\u91ca\n# \u591a\u884c\u6ce8\u91ca\n# \u7b2c\u4e09\u884c\u6ce8\u91ca\n\n{}\n'
ç§»é™¤é¡¶å±‚é‡å¤é”®: ['app_name', 'empty_value', 'list_items', 'dict_items', 'special_chars', 'base_dir', 'first_start_time', 'config_file_path']
é…ç½®å·²è‡ªåŠ¨å¤‡ä»½åˆ° /tmp/tests/20250720/100146/b9a7c5a5/test_project/test_experiment/backup/20250720/100146/config_20250720_100146.yaml
é…ç½®å·²è‡ªåŠ¨å¤‡ä»½åˆ° /tmp/original/base/path/test_project/experiment_name/backup/20250107/181520/config_20250607_103000.yaml

è¿›ç¨‹å·²ç»“æŸï¼Œé€€å‡ºä»£ç ä¸º 1
